---------------------------------------------------------------
[ 2017-09-21T14:00:26+08:00 ] ::1 ::1 GET /fastadmin/public/admin/category?ref=addtabs
[ info ] localhost:8888/fastadmin/public/admin/category?ref=addtabs [运行时间：0.055928s][吞吐率：17.88req/s] [内存消耗：2,072.60kb] [文件加载：67]
[ info ] [ BEHAVIOR ] Run Closure @app_init [ RunTime:0.000072s ]
[ info ] [ CACHE ] INIT File
[ info ] [ BEHAVIOR ] Run Closure @app_init [ RunTime:0.002634s ]
[ info ] [ LANG ] /Applications/MAMP/htdocs/fastadmin/thinkphp/lang/zh-cn.php
[ info ] [ ROUTE ] array (
  'type' => 'module',
  'module' => 
  array (
    0 => 'admin',
    1 => 'category',
    2 => NULL,
  ),
)
[ info ] [ HEADER ] array (
  'host' => 'localhost:8888',
  'connection' => 'keep-alive',
  'cache-control' => 'max-age=0',
  'upgrade-insecure-requests' => '1',
  'user-agent' => 'Mozilla/5.0 (Macintosh; Intel Mac OS X 10_12_5) AppleWebKit/537.36 (KHTML, like Gecko) Chrome/61.0.3163.91 Safari/537.36',
  'accept' => 'text/html,application/xhtml+xml,application/xml;q=0.9,image/webp,image/apng,*/*;q=0.8',
  'accept-encoding' => 'gzip, deflate, br',
  'accept-language' => 'zh-CN,zh;q=0.8',
  'cookie' => 'PHPSESSID=cbf31d6cfe9f1b58c95394ace288dce0; Hm_lvt_f8d0a8c400404989e195270b0bbf060a=1504681295; Hm_lpvt_f8d0a8c400404989e195270b0bbf060a=1504681381; UM_distinctid=15e6efda9338be-0e1dada421f737-31607e01-232800-15e6efda9358bc; CNZZDATA681872=cnzz_eid%3D414513070-1505100671-%26ntime%3D1505964443; SQLiteManager_currentLangue=2',
)
[ info ] [ PARAM ] array (
  'ref' => 'addtabs',
)
[ info ] [ LANG ] /Applications/MAMP/htdocs/fastadmin/public/../application/admin/lang/zh-cn.php
[ info ] [ BEHAVIOR ] Run app\common\behavior\Common @module_init [ RunTime:0.000597s ]
[ info ] [ SESSION ] INIT array (
  'id' => '',
  'var_session_id' => '',
  'prefix' => 'think',
  'type' => '',
  'auto_start' => true,
)
[ info ] [ VIEW ] /Applications/MAMP/htdocs/fastadmin/public/../application/common/view/tpl/dispatch_jump.tpl [ array (
  0 => 'code',
  1 => 'msg',
  2 => 'data',
  3 => 'url',
  4 => 'wait',
) ]
[ info ] [ BEHAVIOR ] Run app\admin\behavior\AdminLog @app_end [ RunTime:0.000318s ]
[ info ] [ LOG ] INIT File
---------------------------------------------------------------
[ 2017-09-21T14:00:29+08:00 ] ::1 ::1 GET /fastadmin/public/admin/index/login?url=/fastadmin/public/admin/category?ref=addtabs
[ info ] localhost:8888/fastadmin/public/admin/index/login?url=/fastadmin/public/admin/category?ref=addtabs [运行时间：0.041198s][吞吐率：24.27req/s] [内存消耗：2,346.96kb] [文件加载：70]
[ info ] [ BEHAVIOR ] Run Closure @app_init [ RunTime:0.000033s ]
[ info ] [ CACHE ] INIT File
[ info ] [ BEHAVIOR ] Run Closure @app_init [ RunTime:0.001274s ]
[ info ] [ LANG ] /Applications/MAMP/htdocs/fastadmin/thinkphp/lang/zh-cn.php
[ info ] [ ROUTE ] array (
  'type' => 'module',
  'module' => 
  array (
    0 => 'admin',
    1 => 'index',
    2 => 'login',
  ),
)
[ info ] [ HEADER ] array (
  'host' => 'localhost:8888',
  'connection' => 'keep-alive',
  'upgrade-insecure-requests' => '1',
  'user-agent' => 'Mozilla/5.0 (Macintosh; Intel Mac OS X 10_12_5) AppleWebKit/537.36 (KHTML, like Gecko) Chrome/61.0.3163.91 Safari/537.36',
  'accept' => 'text/html,application/xhtml+xml,application/xml;q=0.9,image/webp,image/apng,*/*;q=0.8',
  'referer' => 'http://localhost:8888/fastadmin/public/admin/category?ref=addtabs',
  'accept-encoding' => 'gzip, deflate, br',
  'accept-language' => 'zh-CN,zh;q=0.8',
  'cookie' => 'PHPSESSID=cbf31d6cfe9f1b58c95394ace288dce0; Hm_lvt_f8d0a8c400404989e195270b0bbf060a=1504681295; Hm_lpvt_f8d0a8c400404989e195270b0bbf060a=1504681381; UM_distinctid=15e6efda9338be-0e1dada421f737-31607e01-232800-15e6efda9358bc; CNZZDATA681872=cnzz_eid%3D414513070-1505100671-%26ntime%3D1505964443; SQLiteManager_currentLangue=2',
)
[ info ] [ PARAM ] array (
  'url' => '/fastadmin/public/admin/category?ref=addtabs',
)
[ info ] [ LANG ] /Applications/MAMP/htdocs/fastadmin/public/../application/admin/lang/zh-cn.php
[ info ] [ BEHAVIOR ] Run app\common\behavior\Common @module_init [ RunTime:0.000275s ]
[ info ] [ SESSION ] INIT array (
  'id' => '',
  'var_session_id' => '',
  'prefix' => 'think',
  'type' => '',
  'auto_start' => true,
)
[ info ] [ LANG ] /Applications/MAMP/htdocs/fastadmin/public/../application/admin/lang/zh-cn/index.php
[ info ] [ RUN ] app\admin\controller\Index->login[ /Applications/MAMP/htdocs/fastadmin/application/admin/controller/Index.php ]
[ info ] [ VIEW ] /Applications/MAMP/htdocs/fastadmin/public/../application/admin/view/index/login.html [ array (
  0 => 'breadcrumb',
  1 => 'site',
  2 => 'config',
  3 => 'auth',
  4 => 'admin',
  5 => 'background',
) ]
[ info ] [ BEHAVIOR ] Run app\admin\behavior\AdminLog @app_end [ RunTime:0.000121s ]
[ info ] [ LOG ] INIT File
---------------------------------------------------------------
[ 2017-09-21T14:00:29+08:00 ] ::1 ::1 GET /fastadmin/public/admin/ajax/lang?callback=define&controllername=index&v=1505973629
[ info ] localhost:8888/fastadmin/public/admin/ajax/lang?callback=define&controllername=index&v=1505973629 [运行时间：0.042454s][吞吐率：23.55req/s] [内存消耗：2,341.59kb] [文件加载：68]
[ info ] [ BEHAVIOR ] Run Closure @app_init [ RunTime:0.000035s ]
[ info ] [ CACHE ] INIT File
[ info ] [ BEHAVIOR ] Run Closure @app_init [ RunTime:0.001283s ]
[ info ] [ LANG ] /Applications/MAMP/htdocs/fastadmin/thinkphp/lang/zh-cn.php
[ info ] [ ROUTE ] array (
  'type' => 'module',
  'module' => 
  array (
    0 => 'admin',
    1 => 'ajax',
    2 => 'lang',
  ),
)
[ info ] [ HEADER ] array (
  'host' => 'localhost:8888',
  'connection' => 'keep-alive',
  'user-agent' => 'Mozilla/5.0 (Macintosh; Intel Mac OS X 10_12_5) AppleWebKit/537.36 (KHTML, like Gecko) Chrome/61.0.3163.91 Safari/537.36',
  'accept' => '*/*',
  'referer' => 'http://localhost:8888/fastadmin/public/admin/index/login?url=/fastadmin/public/admin/category?ref=addtabs',
  'accept-encoding' => 'gzip, deflate, br',
  'accept-language' => 'zh-CN,zh;q=0.8',
  'cookie' => 'PHPSESSID=cbf31d6cfe9f1b58c95394ace288dce0; Hm_lvt_f8d0a8c400404989e195270b0bbf060a=1504681295; Hm_lpvt_f8d0a8c400404989e195270b0bbf060a=1504681381; UM_distinctid=15e6efda9338be-0e1dada421f737-31607e01-232800-15e6efda9358bc; CNZZDATA681872=cnzz_eid%3D414513070-1505100671-%26ntime%3D1505964443; SQLiteManager_currentLangue=2',
)
[ info ] [ PARAM ] array (
  'callback' => 'define',
  'controllername' => 'index',
  'v' => '1505973629',
)
[ info ] [ LANG ] /Applications/MAMP/htdocs/fastadmin/public/../application/admin/lang/zh-cn.php
[ info ] [ BEHAVIOR ] Run app\common\behavior\Common @module_init [ RunTime:0.000202s ]
[ info ] [ SESSION ] INIT array (
  'id' => '',
  'var_session_id' => '',
  'prefix' => 'think',
  'type' => '',
  'auto_start' => true,
)
[ info ] [ RUN ] app\admin\controller\Ajax->lang[ /Applications/MAMP/htdocs/fastadmin/application/admin/controller/Ajax.php ]
[ info ] [ LANG ] /Applications/MAMP/htdocs/fastadmin/public/../application/admin/lang/zh-cn/index.php
[ info ] [ BEHAVIOR ] Run app\admin\behavior\AdminLog @app_end [ RunTime:0.000197s ]
[ info ] [ LOG ] INIT File
