---------------------------------------------------------------
[ 2017-09-29T20:19:16+08:00 ] ::1 ::1 GET /fastadmin/public/admin/index/login?url=/fastadmin/public/admin/category?ref=addtabs
[ info ] localhost:8888/fastadmin/public/admin/index/login?url=/fastadmin/public/admin/category?ref=addtabs [运行时间：0.094231s][吞吐率：10.61req/s] [内存消耗：2,346.69kb] [文件加载：70]
[ info ] [ BEHAVIOR ] Run Closure @app_init [ RunTime:0.000165s ]
[ info ] [ CACHE ] INIT File
[ info ] [ BEHAVIOR ] Run Closure @app_init [ RunTime:0.003464s ]
[ info ] [ LANG ] /Applications/MAMP/htdocs/fastadmin/thinkphp/lang/zh-cn.php
[ info ] [ ROUTE ] array (
  'type' => 'module',
  'module' => 
  array (
    0 => 'admin',
    1 => 'index',
    2 => 'login',
  ),
)
[ info ] [ HEADER ] array (
  'host' => 'localhost:8888',
  'connection' => 'keep-alive',
  'cache-control' => 'max-age=0',
  'upgrade-insecure-requests' => '1',
  'user-agent' => 'Mozilla/5.0 (Macintosh; Intel Mac OS X 10_12_5) AppleWebKit/537.36 (KHTML, like Gecko) Chrome/61.0.3163.100 Safari/537.36',
  'accept' => 'text/html,application/xhtml+xml,application/xml;q=0.9,image/webp,image/apng,*/*;q=0.8',
  'accept-encoding' => 'gzip, deflate, br',
  'accept-language' => 'zh-CN,zh;q=0.8',
  'cookie' => 'PHPSESSID=cbf31d6cfe9f1b58c95394ace288dce0; Hm_lvt_f8d0a8c400404989e195270b0bbf060a=1504681295; Hm_lpvt_f8d0a8c400404989e195270b0bbf060a=1504681381; UM_distinctid=15e6efda9338be-0e1dada421f737-31607e01-232800-15e6efda9358bc; CNZZDATA681872=cnzz_eid%3D414513070-1505100671-%26ntime%3D1506654761; SQLiteManager_currentLangue=2',
)
[ info ] [ PARAM ] array (
  'url' => '/fastadmin/public/admin/category?ref=addtabs',
)
[ info ] [ LANG ] /Applications/MAMP/htdocs/fastadmin/public/../application/admin/lang/zh-cn.php
[ info ] [ BEHAVIOR ] Run app\common\behavior\Common @module_init [ RunTime:0.000766s ]
[ info ] [ SESSION ] INIT array (
  'id' => '',
  'var_session_id' => '',
  'prefix' => 'think',
  'type' => '',
  'auto_start' => true,
)
[ info ] [ LANG ] /Applications/MAMP/htdocs/fastadmin/public/../application/admin/lang/zh-cn/index.php
[ info ] [ RUN ] app\admin\controller\Index->login[ /Applications/MAMP/htdocs/fastadmin/application/admin/controller/Index.php ]
[ info ] [ VIEW ] /Applications/MAMP/htdocs/fastadmin/public/../application/admin/view/index/login.html [ array (
  0 => 'breadcrumb',
  1 => 'site',
  2 => 'config',
  3 => 'auth',
  4 => 'admin',
  5 => 'background',
) ]
[ info ] [ BEHAVIOR ] Run app\admin\behavior\AdminLog @app_end [ RunTime:0.000468s ]
[ info ] [ LOG ] INIT File
---------------------------------------------------------------
[ 2017-09-29T20:19:16+08:00 ] ::1 ::1 GET /fastadmin/public/admin/ajax/lang?callback=define&controllername=index&v=1506687556
[ info ] localhost:8888/fastadmin/public/admin/ajax/lang?callback=define&controllername=index&v=1506687556 [运行时间：0.042463s][吞吐率：23.55req/s] [内存消耗：2,341.59kb] [文件加载：68]
[ info ] [ BEHAVIOR ] Run Closure @app_init [ RunTime:0.000135s ]
[ info ] [ CACHE ] INIT File
[ info ] [ BEHAVIOR ] Run Closure @app_init [ RunTime:0.001471s ]
[ info ] [ LANG ] /Applications/MAMP/htdocs/fastadmin/thinkphp/lang/zh-cn.php
[ info ] [ ROUTE ] array (
  'type' => 'module',
  'module' => 
  array (
    0 => 'admin',
    1 => 'ajax',
    2 => 'lang',
  ),
)
[ info ] [ HEADER ] array (
  'host' => 'localhost:8888',
  'connection' => 'keep-alive',
  'user-agent' => 'Mozilla/5.0 (Macintosh; Intel Mac OS X 10_12_5) AppleWebKit/537.36 (KHTML, like Gecko) Chrome/61.0.3163.100 Safari/537.36',
  'accept' => '*/*',
  'referer' => 'http://localhost:8888/fastadmin/public/admin/index/login?url=/fastadmin/public/admin/category?ref=addtabs',
  'accept-encoding' => 'gzip, deflate, br',
  'accept-language' => 'zh-CN,zh;q=0.8',
  'cookie' => 'PHPSESSID=cbf31d6cfe9f1b58c95394ace288dce0; Hm_lvt_f8d0a8c400404989e195270b0bbf060a=1504681295; Hm_lpvt_f8d0a8c400404989e195270b0bbf060a=1504681381; UM_distinctid=15e6efda9338be-0e1dada421f737-31607e01-232800-15e6efda9358bc; CNZZDATA681872=cnzz_eid%3D414513070-1505100671-%26ntime%3D1506654761; SQLiteManager_currentLangue=2',
)
[ info ] [ PARAM ] array (
  'callback' => 'define',
  'controllername' => 'index',
  'v' => '1506687556',
)
[ info ] [ LANG ] /Applications/MAMP/htdocs/fastadmin/public/../application/admin/lang/zh-cn.php
[ info ] [ BEHAVIOR ] Run app\common\behavior\Common @module_init [ RunTime:0.000276s ]
[ info ] [ SESSION ] INIT array (
  'id' => '',
  'var_session_id' => '',
  'prefix' => 'think',
  'type' => '',
  'auto_start' => true,
)
[ info ] [ RUN ] app\admin\controller\Ajax->lang[ /Applications/MAMP/htdocs/fastadmin/application/admin/controller/Ajax.php ]
[ info ] [ LANG ] /Applications/MAMP/htdocs/fastadmin/public/../application/admin/lang/zh-cn/index.php
[ info ] [ BEHAVIOR ] Run app\admin\behavior\AdminLog @app_end [ RunTime:0.000126s ]
[ info ] [ LOG ] INIT File
---------------------------------------------------------------
[ 2017-09-29T20:19:40+08:00 ] ::1 ::1 POST /fastadmin/public/admin/index/login?url=/fastadmin/public/admin/category?ref=addtabs
[ info ] localhost:8888/fastadmin/public/admin/index/login?url=/fastadmin/public/admin/category?ref=addtabs [运行时间：0.079305s][吞吐率：12.61req/s] [内存消耗：3,016.12kb] [文件加载：78]
[ info ] [ BEHAVIOR ] Run Closure @app_init [ RunTime:0.000048s ]
[ info ] [ CACHE ] INIT File
[ info ] [ BEHAVIOR ] Run Closure @app_init [ RunTime:0.001271s ]
[ info ] [ LANG ] /Applications/MAMP/htdocs/fastadmin/thinkphp/lang/zh-cn.php
[ info ] [ ROUTE ] array (
  'type' => 'module',
  'module' => 
  array (
    0 => 'admin',
    1 => 'index',
    2 => 'login',
  ),
)
[ info ] [ HEADER ] array (
  'host' => 'localhost:8888',
  'connection' => 'keep-alive',
  'content-length' => '78',
  'accept' => 'application/json, text/javascript, */*; q=0.01',
  'origin' => 'http://localhost:8888',
  'x-requested-with' => 'XMLHttpRequest',
  'user-agent' => 'Mozilla/5.0 (Macintosh; Intel Mac OS X 10_12_5) AppleWebKit/537.36 (KHTML, like Gecko) Chrome/61.0.3163.100 Safari/537.36',
  'content-type' => 'application/x-www-form-urlencoded; charset=UTF-8',
  'referer' => 'http://localhost:8888/fastadmin/public/admin/index/login?url=/fastadmin/public/admin/category?ref=addtabs',
  'accept-encoding' => 'gzip, deflate, br',
  'accept-language' => 'zh-CN,zh;q=0.8',
  'cookie' => 'PHPSESSID=cbf31d6cfe9f1b58c95394ace288dce0; Hm_lvt_f8d0a8c400404989e195270b0bbf060a=1504681295; Hm_lpvt_f8d0a8c400404989e195270b0bbf060a=1504681381; UM_distinctid=15e6efda9338be-0e1dada421f737-31607e01-232800-15e6efda9358bc; CNZZDATA681872=cnzz_eid%3D414513070-1505100671-%26ntime%3D1506654761; SQLiteManager_currentLangue=2',
)
[ info ] [ PARAM ] array (
  'url' => '/fastadmin/public/admin/category?ref=addtabs',
  '__token__' => '5e33f6bbb182bb3f5bf780e6e74d95b2',
  'username' => 'maple',
  'password' => 'maple123456',
)
[ info ] [ LANG ] /Applications/MAMP/htdocs/fastadmin/public/../application/admin/lang/zh-cn.php
[ info ] [ BEHAVIOR ] Run app\common\behavior\Common @module_init [ RunTime:0.000299s ]
[ info ] [ SESSION ] INIT array (
  'id' => '',
  'var_session_id' => '',
  'prefix' => 'think',
  'type' => '',
  'auto_start' => true,
)
[ info ] [ LANG ] /Applications/MAMP/htdocs/fastadmin/public/../application/admin/lang/zh-cn/index.php
[ info ] [ RUN ] app\admin\controller\Index->login[ /Applications/MAMP/htdocs/fastadmin/application/admin/controller/Index.php ]
[ info ] [ DB ] INIT mysql
[ info ] [ BEHAVIOR ] Run app\admin\behavior\AdminLog @app_end [ RunTime:0.008652s ]
[ info ] [ LOG ] INIT File
[ sql ] [ DB ] CONNECT:[ UseTime:0.000895s ] mysql:dbname=fastadmin;host=localhost;port=8889;charset=utf8
[ sql ] [ SQL ] SHOW COLUMNS FROM `fa_admin` [ RunTime:0.003884s ]
[ sql ] [ SQL ] SELECT * FROM `fa_admin` WHERE  `username` = 'maple' LIMIT 1 [ RunTime:0.000503s ]
[ sql ] [ SQL ] UPDATE `fa_admin`  SET `loginfailure`=1,`updatetime`=1506687580  WHERE  `id` = 1 [ RunTime:0.005706s ]
[ sql ] [ SQL ] SHOW COLUMNS FROM `fa_admin_log` [ RunTime:0.005049s ]
[ sql ] [ SQL ] INSERT INTO `fa_admin_log` (`title` , `content` , `url` , `admin_id` , `username` , `useragent` , `ip` , `createtime`) VALUES ('登录' , '{\"url\":\"\\/fastadmin\\/public\\/admin\\/category?ref=addtabs\",\"__token__\":\"5e33f6bbb182bb3f5bf780e6e74d95b2\",\"username\":\"maple\"}' , '/fastadmin/public/admin/index/login?url=/fastadmin/public/admin/category?ref=addtabs' , 0 , 'Unknown' , 'Mozilla/5.0 (Macintosh; Intel Mac OS X 10_12_5) AppleWebKit/537.36 (KHTML, like Gecko) Chrome/61.0.3163.100 Safari/537.36' , '0.0.0.0' , 1506687580) [ RunTime:0.002071s ]
---------------------------------------------------------------
[ 2017-09-29T20:19:47+08:00 ] ::1 ::1 POST /fastadmin/public/admin/index/login?url=/fastadmin/public/admin/category?ref=addtabs
[ info ] localhost:8888/fastadmin/public/admin/index/login?url=/fastadmin/public/admin/category?ref=addtabs [运行时间：0.052512s][吞吐率：19.04req/s] [内存消耗：3,016.12kb] [文件加载：78]
[ info ] [ BEHAVIOR ] Run Closure @app_init [ RunTime:0.000033s ]
[ info ] [ CACHE ] INIT File
[ info ] [ BEHAVIOR ] Run Closure @app_init [ RunTime:0.001187s ]
[ info ] [ LANG ] /Applications/MAMP/htdocs/fastadmin/thinkphp/lang/zh-cn.php
[ info ] [ ROUTE ] array (
  'type' => 'module',
  'module' => 
  array (
    0 => 'admin',
    1 => 'index',
    2 => 'login',
  ),
)
[ info ] [ HEADER ] array (
  'host' => 'localhost:8888',
  'connection' => 'keep-alive',
  'content-length' => '75',
  'accept' => 'application/json, text/javascript, */*; q=0.01',
  'origin' => 'http://localhost:8888',
  'x-requested-with' => 'XMLHttpRequest',
  'user-agent' => 'Mozilla/5.0 (Macintosh; Intel Mac OS X 10_12_5) AppleWebKit/537.36 (KHTML, like Gecko) Chrome/61.0.3163.100 Safari/537.36',
  'content-type' => 'application/x-www-form-urlencoded; charset=UTF-8',
  'referer' => 'http://localhost:8888/fastadmin/public/admin/index/login?url=/fastadmin/public/admin/category?ref=addtabs',
  'accept-encoding' => 'gzip, deflate, br',
  'accept-language' => 'zh-CN,zh;q=0.8',
  'cookie' => 'PHPSESSID=cbf31d6cfe9f1b58c95394ace288dce0; Hm_lvt_f8d0a8c400404989e195270b0bbf060a=1504681295; Hm_lpvt_f8d0a8c400404989e195270b0bbf060a=1504681381; UM_distinctid=15e6efda9338be-0e1dada421f737-31607e01-232800-15e6efda9358bc; CNZZDATA681872=cnzz_eid%3D414513070-1505100671-%26ntime%3D1506654761; SQLiteManager_currentLangue=2',
)
[ info ] [ PARAM ] array (
  'url' => '/fastadmin/public/admin/category?ref=addtabs',
  '__token__' => '542311505a2747d4b73c10d43b2801f7',
  'username' => 'maple',
  'password' => 'male1234',
)
[ info ] [ LANG ] /Applications/MAMP/htdocs/fastadmin/public/../application/admin/lang/zh-cn.php
[ info ] [ BEHAVIOR ] Run app\common\behavior\Common @module_init [ RunTime:0.000266s ]
[ info ] [ SESSION ] INIT array (
  'id' => '',
  'var_session_id' => '',
  'prefix' => 'think',
  'type' => '',
  'auto_start' => true,
)
[ info ] [ LANG ] /Applications/MAMP/htdocs/fastadmin/public/../application/admin/lang/zh-cn/index.php
[ info ] [ RUN ] app\admin\controller\Index->login[ /Applications/MAMP/htdocs/fastadmin/application/admin/controller/Index.php ]
[ info ] [ DB ] INIT mysql
[ info ] [ BEHAVIOR ] Run app\admin\behavior\AdminLog @app_end [ RunTime:0.003034s ]
[ info ] [ LOG ] INIT File
[ sql ] [ DB ] CONNECT:[ UseTime:0.000358s ] mysql:dbname=fastadmin;host=localhost;port=8889;charset=utf8
[ sql ] [ SQL ] SHOW COLUMNS FROM `fa_admin` [ RunTime:0.002047s ]
[ sql ] [ SQL ] SELECT * FROM `fa_admin` WHERE  `username` = 'maple' LIMIT 1 [ RunTime:0.000477s ]
[ sql ] [ SQL ] UPDATE `fa_admin`  SET `loginfailure`=2,`updatetime`=1506687587  WHERE  `id` = 1 [ RunTime:0.000607s ]
[ sql ] [ SQL ] SHOW COLUMNS FROM `fa_admin_log` [ RunTime:0.001695s ]
[ sql ] [ SQL ] INSERT INTO `fa_admin_log` (`title` , `content` , `url` , `admin_id` , `username` , `useragent` , `ip` , `createtime`) VALUES ('登录' , '{\"url\":\"\\/fastadmin\\/public\\/admin\\/category?ref=addtabs\",\"__token__\":\"542311505a2747d4b73c10d43b2801f7\",\"username\":\"maple\"}' , '/fastadmin/public/admin/index/login?url=/fastadmin/public/admin/category?ref=addtabs' , 0 , 'Unknown' , 'Mozilla/5.0 (Macintosh; Intel Mac OS X 10_12_5) AppleWebKit/537.36 (KHTML, like Gecko) Chrome/61.0.3163.100 Safari/537.36' , '0.0.0.0' , 1506687587) [ RunTime:0.000556s ]
---------------------------------------------------------------
[ 2017-09-29T20:38:41+08:00 ] ::1 ::1 POST /fastadmin/public/admin/index/login?url=/fastadmin/public/admin/category?ref=addtabs
[ info ] localhost:8888/fastadmin/public/admin/index/login?url=/fastadmin/public/admin/category?ref=addtabs [运行时间：0.092460s][吞吐率：10.82req/s] [内存消耗：3,016.28kb] [文件加载：78]
[ info ] [ BEHAVIOR ] Run Closure @app_init [ RunTime:0.000043s ]
[ info ] [ CACHE ] INIT File
[ info ] [ BEHAVIOR ] Run Closure @app_init [ RunTime:0.003260s ]
[ info ] [ LANG ] /Applications/MAMP/htdocs/fastadmin/thinkphp/lang/zh-cn.php
[ info ] [ ROUTE ] array (
  'type' => 'module',
  'module' => 
  array (
    0 => 'admin',
    1 => 'index',
    2 => 'login',
  ),
)
[ info ] [ HEADER ] array (
  'host' => 'localhost:8888',
  'connection' => 'keep-alive',
  'content-length' => '76',
  'accept' => 'application/json, text/javascript, */*; q=0.01',
  'origin' => 'http://localhost:8888',
  'x-requested-with' => 'XMLHttpRequest',
  'user-agent' => 'Mozilla/5.0 (Macintosh; Intel Mac OS X 10_12_5) AppleWebKit/537.36 (KHTML, like Gecko) Chrome/61.0.3163.100 Safari/537.36',
  'content-type' => 'application/x-www-form-urlencoded; charset=UTF-8',
  'referer' => 'http://localhost:8888/fastadmin/public/admin/index/login?url=/fastadmin/public/admin/category?ref=addtabs',
  'accept-encoding' => 'gzip, deflate, br',
  'accept-language' => 'zh-CN,zh;q=0.8',
  'cookie' => 'PHPSESSID=cbf31d6cfe9f1b58c95394ace288dce0; Hm_lvt_f8d0a8c400404989e195270b0bbf060a=1504681295; Hm_lpvt_f8d0a8c400404989e195270b0bbf060a=1504681381; UM_distinctid=15e6efda9338be-0e1dada421f737-31607e01-232800-15e6efda9358bc; CNZZDATA681872=cnzz_eid%3D414513070-1505100671-%26ntime%3D1506654761; SQLiteManager_currentLangue=2',
)
[ info ] [ PARAM ] array (
  'url' => '/fastadmin/public/admin/category?ref=addtabs',
  '__token__' => 'f46d953d544d462d2113315dbb1eb58b',
  'username' => 'maple',
  'password' => '574906227',
)
[ info ] [ LANG ] /Applications/MAMP/htdocs/fastadmin/public/../application/admin/lang/zh-cn.php
[ info ] [ BEHAVIOR ] Run app\common\behavior\Common @module_init [ RunTime:0.000719s ]
[ info ] [ SESSION ] INIT array (
  'id' => '',
  'var_session_id' => '',
  'prefix' => 'think',
  'type' => '',
  'auto_start' => true,
)
[ info ] [ LANG ] /Applications/MAMP/htdocs/fastadmin/public/../application/admin/lang/zh-cn/index.php
[ info ] [ RUN ] app\admin\controller\Index->login[ /Applications/MAMP/htdocs/fastadmin/application/admin/controller/Index.php ]
[ info ] [ DB ] INIT mysql
[ info ] [ BEHAVIOR ] Run app\admin\behavior\AdminLog @app_end [ RunTime:0.004787s ]
[ info ] [ LOG ] INIT File
[ sql ] [ DB ] CONNECT:[ UseTime:0.002708s ] mysql:dbname=fastadmin;host=localhost;port=8889;charset=utf8
[ sql ] [ SQL ] SHOW COLUMNS FROM `fa_admin` [ RunTime:0.002327s ]
[ sql ] [ SQL ] SELECT * FROM `fa_admin` WHERE  `username` = 'maple' LIMIT 1 [ RunTime:0.000698s ]
[ sql ] [ SQL ] UPDATE `fa_admin`  SET `loginfailure`=3,`updatetime`=1506688721  WHERE  `id` = 1 [ RunTime:0.001765s ]
[ sql ] [ SQL ] SHOW COLUMNS FROM `fa_admin_log` [ RunTime:0.001926s ]
[ sql ] [ SQL ] INSERT INTO `fa_admin_log` (`title` , `content` , `url` , `admin_id` , `username` , `useragent` , `ip` , `createtime`) VALUES ('登录' , '{\"url\":\"\\/fastadmin\\/public\\/admin\\/category?ref=addtabs\",\"__token__\":\"f46d953d544d462d2113315dbb1eb58b\",\"username\":\"maple\"}' , '/fastadmin/public/admin/index/login?url=/fastadmin/public/admin/category?ref=addtabs' , 0 , 'Unknown' , 'Mozilla/5.0 (Macintosh; Intel Mac OS X 10_12_5) AppleWebKit/537.36 (KHTML, like Gecko) Chrome/61.0.3163.100 Safari/537.36' , '0.0.0.0' , 1506688721) [ RunTime:0.001583s ]
---------------------------------------------------------------
[ 2017-09-29T20:39:53+08:00 ] ::1 ::1 GET /fastadmin/public/assets/css/skins/skin-green.css.map
[ info ] localhost:8888/fastadmin/public/assets/css/skins/skin-green.css.map [运行时间：0.029236s][吞吐率：34.20req/s] [内存消耗：1,536.79kb] [文件加载：50]
[ info ] [ BEHAVIOR ] Run Closure @app_init [ RunTime:0.000027s ]
[ info ] [ CACHE ] INIT File
[ info ] [ BEHAVIOR ] Run Closure @app_init [ RunTime:0.001667s ]
[ info ] [ LANG ] /Applications/MAMP/htdocs/fastadmin/thinkphp/lang/zh-cn.php
[ info ] [ ROUTE ] array (
  'type' => 'module',
  'module' => 
  array (
    0 => 'assets',
    1 => 'css',
    2 => 'skins',
  ),
)
[ info ] [ HEADER ] array (
  'host' => 'localhost:8888',
  'connection' => 'keep-alive',
  'cache-control' => 'no-cache',
  'user-agent' => 'Mozilla/5.0 (Macintosh; Intel Mac OS X 10_12_5) AppleWebKit/537.36 (KHTML, like Gecko) Chrome/61.0.3163.100 Safari/537.36',
  'accept-encoding' => 'gzip, deflate, br',
  'accept-language' => 'zh-CN,zh;q=0.8',
  'cookie' => 'PHPSESSID=cbf31d6cfe9f1b58c95394ace288dce0; Hm_lvt_f8d0a8c400404989e195270b0bbf060a=1504681295; Hm_lpvt_f8d0a8c400404989e195270b0bbf060a=1504681381; UM_distinctid=15e6efda9338be-0e1dada421f737-31607e01-232800-15e6efda9358bc; CNZZDATA681872=cnzz_eid%3D414513070-1505100671-%26ntime%3D1506654761; SQLiteManager_currentLangue=2',
)
[ info ] [ PARAM ] array (
)
[ info ] [ LOG ] INIT File
---------------------------------------------------------------
[ 2017-09-29T20:39:53+08:00 ] ::1 ::1 GET /fastadmin/public/assets/css/fastadmin.min.css.map
[ info ] localhost:8888/fastadmin/public/assets/css/fastadmin.min.css.map [运行时间：0.030269s][吞吐率：33.04req/s] [内存消耗：1,536.84kb] [文件加载：50]
[ info ] [ BEHAVIOR ] Run Closure @app_init [ RunTime:0.000034s ]
[ info ] [ CACHE ] INIT File
[ info ] [ BEHAVIOR ] Run Closure @app_init [ RunTime:0.001394s ]
[ info ] [ LANG ] /Applications/MAMP/htdocs/fastadmin/thinkphp/lang/zh-cn.php
[ info ] [ ROUTE ] array (
  'type' => 'module',
  'module' => 
  array (
    0 => 'assets',
    1 => 'css',
    2 => 'fastadmin.min.css.map',
  ),
)
[ info ] [ HEADER ] array (
  'host' => 'localhost:8888',
  'connection' => 'keep-alive',
  'cache-control' => 'no-cache',
  'user-agent' => 'Mozilla/5.0 (Macintosh; Intel Mac OS X 10_12_5) AppleWebKit/537.36 (KHTML, like Gecko) Chrome/61.0.3163.100 Safari/537.36',
  'accept-encoding' => 'gzip, deflate, br',
  'accept-language' => 'zh-CN,zh;q=0.8',
  'cookie' => 'PHPSESSID=cbf31d6cfe9f1b58c95394ace288dce0; Hm_lvt_f8d0a8c400404989e195270b0bbf060a=1504681295; Hm_lpvt_f8d0a8c400404989e195270b0bbf060a=1504681381; UM_distinctid=15e6efda9338be-0e1dada421f737-31607e01-232800-15e6efda9358bc; CNZZDATA681872=cnzz_eid%3D414513070-1505100671-%26ntime%3D1506654761; SQLiteManager_currentLangue=2',
)
[ info ] [ PARAM ] array (
)
[ info ] [ LOG ] INIT File
---------------------------------------------------------------
[ 2017-09-29T20:39:53+08:00 ] ::1 ::1 GET /fastadmin/public/assets/css/bootstrap.min.css.map
[ info ] localhost:8888/fastadmin/public/assets/css/bootstrap.min.css.map [运行时间：0.030705s][吞吐率：32.57req/s] [内存消耗：1,536.84kb] [文件加载：50]
[ info ] [ BEHAVIOR ] Run Closure @app_init [ RunTime:0.000036s ]
[ info ] [ CACHE ] INIT File
[ info ] [ BEHAVIOR ] Run Closure @app_init [ RunTime:0.001531s ]
[ info ] [ LANG ] /Applications/MAMP/htdocs/fastadmin/thinkphp/lang/zh-cn.php
[ info ] [ ROUTE ] array (
  'type' => 'module',
  'module' => 
  array (
    0 => 'assets',
    1 => 'css',
    2 => 'bootstrap.min.css.map',
  ),
)
[ info ] [ HEADER ] array (
  'host' => 'localhost:8888',
  'connection' => 'keep-alive',
  'cache-control' => 'no-cache',
  'user-agent' => 'Mozilla/5.0 (Macintosh; Intel Mac OS X 10_12_5) AppleWebKit/537.36 (KHTML, like Gecko) Chrome/61.0.3163.100 Safari/537.36',
  'accept-encoding' => 'gzip, deflate, br',
  'accept-language' => 'zh-CN,zh;q=0.8',
  'cookie' => 'PHPSESSID=cbf31d6cfe9f1b58c95394ace288dce0; Hm_lvt_f8d0a8c400404989e195270b0bbf060a=1504681295; Hm_lpvt_f8d0a8c400404989e195270b0bbf060a=1504681381; UM_distinctid=15e6efda9338be-0e1dada421f737-31607e01-232800-15e6efda9358bc; CNZZDATA681872=cnzz_eid%3D414513070-1505100671-%26ntime%3D1506654761; SQLiteManager_currentLangue=2',
)
[ info ] [ PARAM ] array (
)
[ info ] [ LOG ] INIT File
---------------------------------------------------------------
[ 2017-09-29T20:39:53+08:00 ] ::1 ::1 GET /fastadmin/public/assets/css/backend.css.map
[ info ] localhost:8888/fastadmin/public/assets/css/backend.css.map [运行时间：0.032886s][吞吐率：30.41req/s] [内存消耗：1,536.78kb] [文件加载：50]
[ info ] [ BEHAVIOR ] Run Closure @app_init [ RunTime:0.000029s ]
[ info ] [ CACHE ] INIT File
[ info ] [ BEHAVIOR ] Run Closure @app_init [ RunTime:0.001511s ]
[ info ] [ LANG ] /Applications/MAMP/htdocs/fastadmin/thinkphp/lang/zh-cn.php
[ info ] [ ROUTE ] array (
  'type' => 'module',
  'module' => 
  array (
    0 => 'assets',
    1 => 'css',
    2 => 'backend.css.map',
  ),
)
[ info ] [ HEADER ] array (
  'host' => 'localhost:8888',
  'connection' => 'keep-alive',
  'cache-control' => 'no-cache',
  'user-agent' => 'Mozilla/5.0 (Macintosh; Intel Mac OS X 10_12_5) AppleWebKit/537.36 (KHTML, like Gecko) Chrome/61.0.3163.100 Safari/537.36',
  'accept-encoding' => 'gzip, deflate, br',
  'accept-language' => 'zh-CN,zh;q=0.8',
  'cookie' => 'PHPSESSID=cbf31d6cfe9f1b58c95394ace288dce0; Hm_lvt_f8d0a8c400404989e195270b0bbf060a=1504681295; Hm_lpvt_f8d0a8c400404989e195270b0bbf060a=1504681381; UM_distinctid=15e6efda9338be-0e1dada421f737-31607e01-232800-15e6efda9358bc; CNZZDATA681872=cnzz_eid%3D414513070-1505100671-%26ntime%3D1506654761; SQLiteManager_currentLangue=2',
)
[ info ] [ PARAM ] array (
)
[ info ] [ LOG ] INIT File
---------------------------------------------------------------
[ 2017-09-29T21:05:55+08:00 ] ::1 ::1 POST /fastadmin/public/admin/index/login?url=/fastadmin/public/admin/category?ref=addtabs
[ info ] localhost:8888/fastadmin/public/admin/index/login?url=/fastadmin/public/admin/category?ref=addtabs [运行时间：0.085042s][吞吐率：11.76req/s] [内存消耗：2,997.49kb] [文件加载：77]
[ info ] [ BEHAVIOR ] Run Closure @app_init [ RunTime:0.000055s ]
[ info ] [ CACHE ] INIT File
[ info ] [ BEHAVIOR ] Run Closure @app_init [ RunTime:0.002370s ]
[ info ] [ LANG ] /Applications/MAMP/htdocs/fastadmin/thinkphp/lang/zh-cn.php
[ info ] [ ROUTE ] array (
  'type' => 'module',
  'module' => 
  array (
    0 => 'admin',
    1 => 'index',
    2 => 'login',
  ),
)
[ info ] [ HEADER ] array (
  'host' => 'localhost:8888',
  'connection' => 'keep-alive',
  'content-length' => '73',
  'accept' => 'application/json, text/javascript, */*; q=0.01',
  'origin' => 'http://localhost:8888',
  'x-requested-with' => 'XMLHttpRequest',
  'user-agent' => 'Mozilla/5.0 (Macintosh; Intel Mac OS X 10_12_5) AppleWebKit/537.36 (KHTML, like Gecko) Chrome/61.0.3163.100 Safari/537.36',
  'content-type' => 'application/x-www-form-urlencoded; charset=UTF-8',
  'referer' => 'http://localhost:8888/fastadmin/public/admin/index/login?url=/fastadmin/public/admin/category?ref=addtabs',
  'accept-encoding' => 'gzip, deflate, br',
  'accept-language' => 'zh-CN,zh;q=0.8',
  'cookie' => 'PHPSESSID=cbf31d6cfe9f1b58c95394ace288dce0; Hm_lvt_f8d0a8c400404989e195270b0bbf060a=1504681295; Hm_lpvt_f8d0a8c400404989e195270b0bbf060a=1504681381; UM_distinctid=15e6efda9338be-0e1dada421f737-31607e01-232800-15e6efda9358bc; CNZZDATA681872=cnzz_eid%3D414513070-1505100671-%26ntime%3D1506654761; SQLiteManager_currentLangue=2',
)
[ info ] [ PARAM ] array (
  'url' => '/fastadmin/public/admin/category?ref=addtabs',
  '__token__' => 'dc3214b2de98f490cabfb217931857cc',
  'username' => 'maple',
  'password' => '123456',
)
[ info ] [ LANG ] /Applications/MAMP/htdocs/fastadmin/public/../application/admin/lang/zh-cn.php
[ info ] [ BEHAVIOR ] Run app\common\behavior\Common @module_init [ RunTime:0.000693s ]
[ info ] [ SESSION ] INIT array (
  'id' => '',
  'var_session_id' => '',
  'prefix' => 'think',
  'type' => '',
  'auto_start' => true,
)
[ info ] [ LANG ] /Applications/MAMP/htdocs/fastadmin/public/../application/admin/lang/zh-cn/index.php
[ info ] [ RUN ] app\admin\controller\Index->login[ /Applications/MAMP/htdocs/fastadmin/application/admin/controller/Index.php ]
[ info ] [ DB ] INIT mysql
[ info ] [ BEHAVIOR ] Run app\admin\behavior\AdminLog @app_end [ RunTime:0.020645s ]
[ info ] [ LOG ] INIT File
[ sql ] [ DB ] CONNECT:[ UseTime:0.001860s ] mysql:dbname=fastadmin;host=localhost;port=8889;charset=utf8
[ sql ] [ SQL ] SHOW COLUMNS FROM `fa_admin_log` [ RunTime:0.002643s ]
[ sql ] [ SQL ] INSERT INTO `fa_admin_log` (`title` , `content` , `url` , `admin_id` , `username` , `useragent` , `ip` , `createtime`) VALUES ('' , '{\"url\":\"\\/fastadmin\\/public\\/admin\\/category?ref=addtabs\",\"__token__\":\"dc3214b2de98f490cabfb217931857cc\",\"username\":\"maple\"}' , '/fastadmin/public/admin/index/login?url=/fastadmin/public/admin/category?ref=addtabs' , 0 , 'Unknown' , 'Mozilla/5.0 (Macintosh; Intel Mac OS X 10_12_5) AppleWebKit/537.36 (KHTML, like Gecko) Chrome/61.0.3163.100 Safari/537.36' , '0.0.0.0' , 1506690355) [ RunTime:0.000999s ]
---------------------------------------------------------------
[ 2017-09-29T21:06:02+08:00 ] ::1 ::1 GET /fastadmin/public/admin/index/login?url=/fastadmin/public/admin/category?ref=addtabs
[ info ] localhost:8888/fastadmin/public/admin/index/login?url=/fastadmin/public/admin/category?ref=addtabs [运行时间：0.039897s][吞吐率：25.06req/s] [内存消耗：2,346.82kb] [文件加载：70]
[ info ] [ BEHAVIOR ] Run Closure @app_init [ RunTime:0.000065s ]
[ info ] [ CACHE ] INIT File
[ info ] [ BEHAVIOR ] Run Closure @app_init [ RunTime:0.002049s ]
[ info ] [ LANG ] /Applications/MAMP/htdocs/fastadmin/thinkphp/lang/zh-cn.php
[ info ] [ ROUTE ] array (
  'type' => 'module',
  'module' => 
  array (
    0 => 'admin',
    1 => 'index',
    2 => 'login',
  ),
)
[ info ] [ HEADER ] array (
  'host' => 'localhost:8888',
  'connection' => 'keep-alive',
  'cache-control' => 'max-age=0',
  'user-agent' => 'Mozilla/5.0 (Macintosh; Intel Mac OS X 10_12_5) AppleWebKit/537.36 (KHTML, like Gecko) Chrome/61.0.3163.100 Safari/537.36',
  'upgrade-insecure-requests' => '1',
  'accept' => 'text/html,application/xhtml+xml,application/xml;q=0.9,image/webp,image/apng,*/*;q=0.8',
  'accept-encoding' => 'gzip, deflate, br',
  'accept-language' => 'zh-CN,zh;q=0.8',
  'cookie' => 'PHPSESSID=cbf31d6cfe9f1b58c95394ace288dce0; Hm_lvt_f8d0a8c400404989e195270b0bbf060a=1504681295; Hm_lpvt_f8d0a8c400404989e195270b0bbf060a=1504681381; UM_distinctid=15e6efda9338be-0e1dada421f737-31607e01-232800-15e6efda9358bc; CNZZDATA681872=cnzz_eid%3D414513070-1505100671-%26ntime%3D1506654761; SQLiteManager_currentLangue=2',
)
[ info ] [ PARAM ] array (
  'url' => '/fastadmin/public/admin/category?ref=addtabs',
)
[ info ] [ LANG ] /Applications/MAMP/htdocs/fastadmin/public/../application/admin/lang/zh-cn.php
[ info ] [ BEHAVIOR ] Run app\common\behavior\Common @module_init [ RunTime:0.000294s ]
[ info ] [ SESSION ] INIT array (
  'id' => '',
  'var_session_id' => '',
  'prefix' => 'think',
  'type' => '',
  'auto_start' => true,
)
[ info ] [ LANG ] /Applications/MAMP/htdocs/fastadmin/public/../application/admin/lang/zh-cn/index.php
[ info ] [ RUN ] app\admin\controller\Index->login[ /Applications/MAMP/htdocs/fastadmin/application/admin/controller/Index.php ]
[ info ] [ VIEW ] /Applications/MAMP/htdocs/fastadmin/public/../application/admin/view/index/login.html [ array (
  0 => 'breadcrumb',
  1 => 'site',
  2 => 'config',
  3 => 'auth',
  4 => 'admin',
  5 => 'background',
) ]
[ info ] [ BEHAVIOR ] Run app\admin\behavior\AdminLog @app_end [ RunTime:0.000136s ]
[ info ] [ LOG ] INIT File
---------------------------------------------------------------
[ 2017-09-29T21:06:02+08:00 ] ::1 ::1 GET /fastadmin/public/admin/ajax/lang?callback=define&controllername=index&v=1506690362
[ info ] localhost:8888/fastadmin/public/admin/ajax/lang?callback=define&controllername=index&v=1506690362 [运行时间：0.042306s][吞吐率：23.64req/s] [内存消耗：2,341.60kb] [文件加载：68]
[ info ] [ BEHAVIOR ] Run Closure @app_init [ RunTime:0.000034s ]
[ info ] [ CACHE ] INIT File
[ info ] [ BEHAVIOR ] Run Closure @app_init [ RunTime:0.001240s ]
[ info ] [ LANG ] /Applications/MAMP/htdocs/fastadmin/thinkphp/lang/zh-cn.php
[ info ] [ ROUTE ] array (
  'type' => 'module',
  'module' => 
  array (
    0 => 'admin',
    1 => 'ajax',
    2 => 'lang',
  ),
)
[ info ] [ HEADER ] array (
  'host' => 'localhost:8888',
  'connection' => 'keep-alive',
  'user-agent' => 'Mozilla/5.0 (Macintosh; Intel Mac OS X 10_12_5) AppleWebKit/537.36 (KHTML, like Gecko) Chrome/61.0.3163.100 Safari/537.36',
  'accept' => '*/*',
  'referer' => 'http://localhost:8888/fastadmin/public/admin/index/login?url=/fastadmin/public/admin/category?ref=addtabs',
  'accept-encoding' => 'gzip, deflate, br',
  'accept-language' => 'zh-CN,zh;q=0.8',
  'cookie' => 'PHPSESSID=cbf31d6cfe9f1b58c95394ace288dce0; Hm_lvt_f8d0a8c400404989e195270b0bbf060a=1504681295; Hm_lpvt_f8d0a8c400404989e195270b0bbf060a=1504681381; UM_distinctid=15e6efda9338be-0e1dada421f737-31607e01-232800-15e6efda9358bc; CNZZDATA681872=cnzz_eid%3D414513070-1505100671-%26ntime%3D1506654761; SQLiteManager_currentLangue=2',
)
[ info ] [ PARAM ] array (
  'callback' => 'define',
  'controllername' => 'index',
  'v' => '1506690362',
)
[ info ] [ LANG ] /Applications/MAMP/htdocs/fastadmin/public/../application/admin/lang/zh-cn.php
[ info ] [ BEHAVIOR ] Run app\common\behavior\Common @module_init [ RunTime:0.000242s ]
[ info ] [ SESSION ] INIT array (
  'id' => '',
  'var_session_id' => '',
  'prefix' => 'think',
  'type' => '',
  'auto_start' => true,
)
[ info ] [ RUN ] app\admin\controller\Ajax->lang[ /Applications/MAMP/htdocs/fastadmin/application/admin/controller/Ajax.php ]
[ info ] [ LANG ] /Applications/MAMP/htdocs/fastadmin/public/../application/admin/lang/zh-cn/index.php
[ info ] [ BEHAVIOR ] Run app\admin\behavior\AdminLog @app_end [ RunTime:0.000115s ]
[ info ] [ LOG ] INIT File
---------------------------------------------------------------
[ 2017-09-29T21:06:06+08:00 ] ::1 ::1 POST /fastadmin/public/admin/index/login?url=/fastadmin/public/admin/category?ref=addtabs
[ info ] localhost:8888/fastadmin/public/admin/index/login?url=/fastadmin/public/admin/category?ref=addtabs [运行时间：0.055341s][吞吐率：18.07req/s] [内存消耗：3,016.13kb] [文件加载：78]
[ info ] [ BEHAVIOR ] Run Closure @app_init [ RunTime:0.000032s ]
[ info ] [ CACHE ] INIT File
[ info ] [ BEHAVIOR ] Run Closure @app_init [ RunTime:0.001293s ]
[ info ] [ LANG ] /Applications/MAMP/htdocs/fastadmin/thinkphp/lang/zh-cn.php
[ info ] [ ROUTE ] array (
  'type' => 'module',
  'module' => 
  array (
    0 => 'admin',
    1 => 'index',
    2 => 'login',
  ),
)
[ info ] [ HEADER ] array (
  'host' => 'localhost:8888',
  'connection' => 'keep-alive',
  'content-length' => '73',
  'accept' => 'application/json, text/javascript, */*; q=0.01',
  'origin' => 'http://localhost:8888',
  'x-requested-with' => 'XMLHttpRequest',
  'user-agent' => 'Mozilla/5.0 (Macintosh; Intel Mac OS X 10_12_5) AppleWebKit/537.36 (KHTML, like Gecko) Chrome/61.0.3163.100 Safari/537.36',
  'content-type' => 'application/x-www-form-urlencoded; charset=UTF-8',
  'referer' => 'http://localhost:8888/fastadmin/public/admin/index/login?url=/fastadmin/public/admin/category?ref=addtabs',
  'accept-encoding' => 'gzip, deflate, br',
  'accept-language' => 'zh-CN,zh;q=0.8',
  'cookie' => 'PHPSESSID=cbf31d6cfe9f1b58c95394ace288dce0; Hm_lvt_f8d0a8c400404989e195270b0bbf060a=1504681295; Hm_lpvt_f8d0a8c400404989e195270b0bbf060a=1504681381; UM_distinctid=15e6efda9338be-0e1dada421f737-31607e01-232800-15e6efda9358bc; CNZZDATA681872=cnzz_eid%3D414513070-1505100671-%26ntime%3D1506654761; SQLiteManager_currentLangue=2',
)
[ info ] [ PARAM ] array (
  'url' => '/fastadmin/public/admin/category?ref=addtabs',
  '__token__' => '45816f75838797e71b080d2ea3c2ab3f',
  'username' => 'maple',
  'password' => '123456',
)
[ info ] [ LANG ] /Applications/MAMP/htdocs/fastadmin/public/../application/admin/lang/zh-cn.php
[ info ] [ BEHAVIOR ] Run app\common\behavior\Common @module_init [ RunTime:0.000352s ]
[ info ] [ SESSION ] INIT array (
  'id' => '',
  'var_session_id' => '',
  'prefix' => 'think',
  'type' => '',
  'auto_start' => true,
)
[ info ] [ LANG ] /Applications/MAMP/htdocs/fastadmin/public/../application/admin/lang/zh-cn/index.php
[ info ] [ RUN ] app\admin\controller\Index->login[ /Applications/MAMP/htdocs/fastadmin/application/admin/controller/Index.php ]
[ info ] [ DB ] INIT mysql
[ info ] [ BEHAVIOR ] Run app\admin\behavior\AdminLog @app_end [ RunTime:0.003335s ]
[ info ] [ LOG ] INIT File
[ sql ] [ DB ] CONNECT:[ UseTime:0.001572s ] mysql:dbname=fastadmin;host=localhost;port=8889;charset=utf8
[ sql ] [ SQL ] SHOW COLUMNS FROM `fa_admin` [ RunTime:0.001939s ]
[ sql ] [ SQL ] SELECT * FROM `fa_admin` WHERE  `username` = 'maple' LIMIT 1 [ RunTime:0.000509s ]
[ sql ] [ SQL ] UPDATE `fa_admin`  SET `loginfailure`=4,`updatetime`=1506690366  WHERE  `id` = 1 [ RunTime:0.000585s ]
[ sql ] [ SQL ] SHOW COLUMNS FROM `fa_admin_log` [ RunTime:0.001662s ]
[ sql ] [ SQL ] INSERT INTO `fa_admin_log` (`title` , `content` , `url` , `admin_id` , `username` , `useragent` , `ip` , `createtime`) VALUES ('登录' , '{\"url\":\"\\/fastadmin\\/public\\/admin\\/category?ref=addtabs\",\"__token__\":\"45816f75838797e71b080d2ea3c2ab3f\",\"username\":\"maple\"}' , '/fastadmin/public/admin/index/login?url=/fastadmin/public/admin/category?ref=addtabs' , 0 , 'Unknown' , 'Mozilla/5.0 (Macintosh; Intel Mac OS X 10_12_5) AppleWebKit/537.36 (KHTML, like Gecko) Chrome/61.0.3163.100 Safari/537.36' , '0.0.0.0' , 1506690366) [ RunTime:0.000894s ]
---------------------------------------------------------------
[ 2017-09-29T21:07:02+08:00 ] ::1 ::1 POST /fastadmin/public/admin/index/login?url=/fastadmin/public/admin/category?ref=addtabs
[ info ] localhost:8888/fastadmin/public/admin/index/login?url=/fastadmin/public/admin/category?ref=addtabs [运行时间：0.053102s][吞吐率：18.83req/s] [内存消耗：3,016.13kb] [文件加载：78]
[ info ] [ BEHAVIOR ] Run Closure @app_init [ RunTime:0.000032s ]
[ info ] [ CACHE ] INIT File
[ info ] [ BEHAVIOR ] Run Closure @app_init [ RunTime:0.001173s ]
[ info ] [ LANG ] /Applications/MAMP/htdocs/fastadmin/thinkphp/lang/zh-cn.php
[ info ] [ ROUTE ] array (
  'type' => 'module',
  'module' => 
  array (
    0 => 'admin',
    1 => 'index',
    2 => 'login',
  ),
)
[ info ] [ HEADER ] array (
  'host' => 'localhost:8888',
  'connection' => 'keep-alive',
  'content-length' => '73',
  'accept' => 'application/json, text/javascript, */*; q=0.01',
  'origin' => 'http://localhost:8888',
  'x-requested-with' => 'XMLHttpRequest',
  'user-agent' => 'Mozilla/5.0 (Macintosh; Intel Mac OS X 10_12_5) AppleWebKit/537.36 (KHTML, like Gecko) Chrome/61.0.3163.100 Safari/537.36',
  'content-type' => 'application/x-www-form-urlencoded; charset=UTF-8',
  'referer' => 'http://localhost:8888/fastadmin/public/admin/index/login?url=/fastadmin/public/admin/category?ref=addtabs',
  'accept-encoding' => 'gzip, deflate, br',
  'accept-language' => 'zh-CN,zh;q=0.8',
  'cookie' => 'PHPSESSID=cbf31d6cfe9f1b58c95394ace288dce0; Hm_lvt_f8d0a8c400404989e195270b0bbf060a=1504681295; Hm_lpvt_f8d0a8c400404989e195270b0bbf060a=1504681381; UM_distinctid=15e6efda9338be-0e1dada421f737-31607e01-232800-15e6efda9358bc; CNZZDATA681872=cnzz_eid%3D414513070-1505100671-%26ntime%3D1506654761; SQLiteManager_currentLangue=2',
)
[ info ] [ PARAM ] array (
  'url' => '/fastadmin/public/admin/category?ref=addtabs',
  '__token__' => '58cb3be335b700f537fc6cd654810925',
  'username' => 'maple',
  'password' => '123456',
)
[ info ] [ LANG ] /Applications/MAMP/htdocs/fastadmin/public/../application/admin/lang/zh-cn.php
[ info ] [ BEHAVIOR ] Run app\common\behavior\Common @module_init [ RunTime:0.000226s ]
[ info ] [ SESSION ] INIT array (
  'id' => '',
  'var_session_id' => '',
  'prefix' => 'think',
  'type' => '',
  'auto_start' => true,
)
[ info ] [ LANG ] /Applications/MAMP/htdocs/fastadmin/public/../application/admin/lang/zh-cn/index.php
[ info ] [ RUN ] app\admin\controller\Index->login[ /Applications/MAMP/htdocs/fastadmin/application/admin/controller/Index.php ]
[ info ] [ DB ] INIT mysql
[ info ] [ BEHAVIOR ] Run app\admin\behavior\AdminLog @app_end [ RunTime:0.002871s ]
[ info ] [ LOG ] INIT File
[ sql ] [ DB ] CONNECT:[ UseTime:0.000464s ] mysql:dbname=fastadmin;host=localhost;port=8889;charset=utf8
[ sql ] [ SQL ] SHOW COLUMNS FROM `fa_admin` [ RunTime:0.002582s ]
[ sql ] [ SQL ] SELECT * FROM `fa_admin` WHERE  `username` = 'maple' LIMIT 1 [ RunTime:0.000515s ]
[ sql ] [ SQL ] UPDATE `fa_admin`  SET `loginfailure`=5,`updatetime`=1506690422  WHERE  `id` = 1 [ RunTime:0.000602s ]
[ sql ] [ SQL ] SHOW COLUMNS FROM `fa_admin_log` [ RunTime:0.001677s ]
[ sql ] [ SQL ] INSERT INTO `fa_admin_log` (`title` , `content` , `url` , `admin_id` , `username` , `useragent` , `ip` , `createtime`) VALUES ('登录' , '{\"url\":\"\\/fastadmin\\/public\\/admin\\/category?ref=addtabs\",\"__token__\":\"58cb3be335b700f537fc6cd654810925\",\"username\":\"maple\"}' , '/fastadmin/public/admin/index/login?url=/fastadmin/public/admin/category?ref=addtabs' , 0 , 'Unknown' , 'Mozilla/5.0 (Macintosh; Intel Mac OS X 10_12_5) AppleWebKit/537.36 (KHTML, like Gecko) Chrome/61.0.3163.100 Safari/537.36' , '0.0.0.0' , 1506690422) [ RunTime:0.000555s ]
---------------------------------------------------------------
[ 2017-09-29T21:07:38+08:00 ] ::1 ::1 POST /fastadmin/public/admin/index/login?url=/fastadmin/public/admin/category?ref=addtabs
[ info ] localhost:8888/fastadmin/public/admin/index/login?url=/fastadmin/public/admin/category?ref=addtabs [运行时间：0.059305s][吞吐率：16.86req/s] [内存消耗：3,016.13kb] [文件加载：78]
[ info ] [ BEHAVIOR ] Run Closure @app_init [ RunTime:0.000231s ]
[ info ] [ CACHE ] INIT File
[ info ] [ BEHAVIOR ] Run Closure @app_init [ RunTime:0.001265s ]
[ info ] [ LANG ] /Applications/MAMP/htdocs/fastadmin/thinkphp/lang/zh-cn.php
[ info ] [ ROUTE ] array (
  'type' => 'module',
  'module' => 
  array (
    0 => 'admin',
    1 => 'index',
    2 => 'login',
  ),
)
[ info ] [ HEADER ] array (
  'host' => 'localhost:8888',
  'connection' => 'keep-alive',
  'content-length' => '73',
  'accept' => 'application/json, text/javascript, */*; q=0.01',
  'origin' => 'http://localhost:8888',
  'x-requested-with' => 'XMLHttpRequest',
  'user-agent' => 'Mozilla/5.0 (Macintosh; Intel Mac OS X 10_12_5) AppleWebKit/537.36 (KHTML, like Gecko) Chrome/61.0.3163.100 Safari/537.36',
  'content-type' => 'application/x-www-form-urlencoded; charset=UTF-8',
  'referer' => 'http://localhost:8888/fastadmin/public/admin/index/login?url=/fastadmin/public/admin/category?ref=addtabs',
  'accept-encoding' => 'gzip, deflate, br',
  'accept-language' => 'zh-CN,zh;q=0.8',
  'cookie' => 'PHPSESSID=cbf31d6cfe9f1b58c95394ace288dce0; Hm_lvt_f8d0a8c400404989e195270b0bbf060a=1504681295; Hm_lpvt_f8d0a8c400404989e195270b0bbf060a=1504681381; UM_distinctid=15e6efda9338be-0e1dada421f737-31607e01-232800-15e6efda9358bc; CNZZDATA681872=cnzz_eid%3D414513070-1505100671-%26ntime%3D1506654761; SQLiteManager_currentLangue=2',
)
[ info ] [ PARAM ] array (
  'url' => '/fastadmin/public/admin/category?ref=addtabs',
  '__token__' => '07ce99ddc30f5df527bfd14743694dac',
  'username' => 'maple',
  'password' => 'admin2',
)
[ info ] [ LANG ] /Applications/MAMP/htdocs/fastadmin/public/../application/admin/lang/zh-cn.php
[ info ] [ BEHAVIOR ] Run app\common\behavior\Common @module_init [ RunTime:0.000264s ]
[ info ] [ SESSION ] INIT array (
  'id' => '',
  'var_session_id' => '',
  'prefix' => 'think',
  'type' => '',
  'auto_start' => true,
)
[ info ] [ LANG ] /Applications/MAMP/htdocs/fastadmin/public/../application/admin/lang/zh-cn/index.php
[ info ] [ RUN ] app\admin\controller\Index->login[ /Applications/MAMP/htdocs/fastadmin/application/admin/controller/Index.php ]
[ info ] [ DB ] INIT mysql
[ info ] [ BEHAVIOR ] Run app\admin\behavior\AdminLog @app_end [ RunTime:0.004107s ]
[ info ] [ LOG ] INIT File
[ sql ] [ DB ] CONNECT:[ UseTime:0.000548s ] mysql:dbname=fastadmin;host=localhost;port=8889;charset=utf8
[ sql ] [ SQL ] SHOW COLUMNS FROM `fa_admin` [ RunTime:0.002618s ]
[ sql ] [ SQL ] SELECT * FROM `fa_admin` WHERE  `username` = 'maple' LIMIT 1 [ RunTime:0.000735s ]
[ sql ] [ SQL ] UPDATE `fa_admin`  SET `loginfailure`=6,`updatetime`=1506690458  WHERE  `id` = 1 [ RunTime:0.000584s ]
[ sql ] [ SQL ] SHOW COLUMNS FROM `fa_admin_log` [ RunTime:0.001714s ]
[ sql ] [ SQL ] INSERT INTO `fa_admin_log` (`title` , `content` , `url` , `admin_id` , `username` , `useragent` , `ip` , `createtime`) VALUES ('登录' , '{\"url\":\"\\/fastadmin\\/public\\/admin\\/category?ref=addtabs\",\"__token__\":\"07ce99ddc30f5df527bfd14743694dac\",\"username\":\"maple\"}' , '/fastadmin/public/admin/index/login?url=/fastadmin/public/admin/category?ref=addtabs' , 0 , 'Unknown' , 'Mozilla/5.0 (Macintosh; Intel Mac OS X 10_12_5) AppleWebKit/537.36 (KHTML, like Gecko) Chrome/61.0.3163.100 Safari/537.36' , '0.0.0.0' , 1506690458) [ RunTime:0.001584s ]
---------------------------------------------------------------
[ 2017-09-29T21:07:43+08:00 ] ::1 ::1 POST /fastadmin/public/admin/index/login?url=/fastadmin/public/admin/category?ref=addtabs
[ info ] localhost:8888/fastadmin/public/admin/index/login?url=/fastadmin/public/admin/category?ref=addtabs [运行时间：0.055875s][吞吐率：17.90req/s] [内存消耗：3,034.73kb] [文件加载：79]
[ info ] [ BEHAVIOR ] Run Closure @app_init [ RunTime:0.000039s ]
[ info ] [ CACHE ] INIT File
[ info ] [ BEHAVIOR ] Run Closure @app_init [ RunTime:0.001342s ]
[ info ] [ LANG ] /Applications/MAMP/htdocs/fastadmin/thinkphp/lang/zh-cn.php
[ info ] [ ROUTE ] array (
  'type' => 'module',
  'module' => 
  array (
    0 => 'admin',
    1 => 'index',
    2 => 'login',
  ),
)
[ info ] [ HEADER ] array (
  'host' => 'localhost:8888',
  'connection' => 'keep-alive',
  'content-length' => '73',
  'accept' => 'application/json, text/javascript, */*; q=0.01',
  'origin' => 'http://localhost:8888',
  'x-requested-with' => 'XMLHttpRequest',
  'user-agent' => 'Mozilla/5.0 (Macintosh; Intel Mac OS X 10_12_5) AppleWebKit/537.36 (KHTML, like Gecko) Chrome/61.0.3163.100 Safari/537.36',
  'content-type' => 'application/x-www-form-urlencoded; charset=UTF-8',
  'referer' => 'http://localhost:8888/fastadmin/public/admin/index/login?url=/fastadmin/public/admin/category?ref=addtabs',
  'accept-encoding' => 'gzip, deflate, br',
  'accept-language' => 'zh-CN,zh;q=0.8',
  'cookie' => 'PHPSESSID=cbf31d6cfe9f1b58c95394ace288dce0; Hm_lvt_f8d0a8c400404989e195270b0bbf060a=1504681295; Hm_lpvt_f8d0a8c400404989e195270b0bbf060a=1504681381; UM_distinctid=15e6efda9338be-0e1dada421f737-31607e01-232800-15e6efda9358bc; CNZZDATA681872=cnzz_eid%3D414513070-1505100671-%26ntime%3D1506654761; SQLiteManager_currentLangue=2',
)
[ info ] [ PARAM ] array (
  'url' => '/fastadmin/public/admin/category?ref=addtabs',
  '__token__' => '4650ec18a66acf4c2c3b10d32cdf43e6',
  'username' => 'maple',
  'password' => '123456',
)
[ info ] [ LANG ] /Applications/MAMP/htdocs/fastadmin/public/../application/admin/lang/zh-cn.php
[ info ] [ BEHAVIOR ] Run app\common\behavior\Common @module_init [ RunTime:0.000207s ]
[ info ] [ SESSION ] INIT array (
  'id' => '',
  'var_session_id' => '',
  'prefix' => 'think',
  'type' => '',
  'auto_start' => true,
)
[ info ] [ LANG ] /Applications/MAMP/htdocs/fastadmin/public/../application/admin/lang/zh-cn/index.php
[ info ] [ RUN ] app\admin\controller\Index->login[ /Applications/MAMP/htdocs/fastadmin/application/admin/controller/Index.php ]
[ info ] [ DB ] INIT mysql
[ info ] [ BEHAVIOR ] Run app\admin\behavior\AdminLog @app_end [ RunTime:0.003872s ]
[ info ] [ LOG ] INIT File
[ sql ] [ DB ] CONNECT:[ UseTime:0.000360s ] mysql:dbname=fastadmin;host=localhost;port=8889;charset=utf8
[ sql ] [ SQL ] SHOW COLUMNS FROM `fa_admin` [ RunTime:0.002003s ]
[ sql ] [ SQL ] SELECT * FROM `fa_admin` WHERE  `username` = 'maple' LIMIT 1 [ RunTime:0.000493s ]
[ sql ] [ SQL ] UPDATE `fa_admin`  SET `loginfailure`=0,`logintime`=1506690463,`token`='ee3358af-05c3-4235-98d3-9f524517bc2d',`updatetime`=1506690463  WHERE  `id` = 1 [ RunTime:0.001536s ]
[ sql ] [ SQL ] SHOW COLUMNS FROM `fa_admin_log` [ RunTime:0.001541s ]
[ sql ] [ SQL ] INSERT INTO `fa_admin_log` (`title` , `content` , `url` , `admin_id` , `username` , `useragent` , `ip` , `createtime`) VALUES ('登录' , '{\"url\":\"\\/fastadmin\\/public\\/admin\\/category?ref=addtabs\",\"__token__\":\"4650ec18a66acf4c2c3b10d32cdf43e6\",\"username\":\"maple\"}' , '/fastadmin/public/admin/index/login?url=/fastadmin/public/admin/category?ref=addtabs' , 1 , 'maple' , 'Mozilla/5.0 (Macintosh; Intel Mac OS X 10_12_5) AppleWebKit/537.36 (KHTML, like Gecko) Chrome/61.0.3163.100 Safari/537.36' , '0.0.0.0' , 1506690463) [ RunTime:0.001589s ]
---------------------------------------------------------------
[ 2017-09-29T21:07:43+08:00 ] ::1 ::1 GET /fastadmin/public/admin/category?ref=addtabs
[ info ] localhost:8888/fastadmin/public/admin/category?ref=addtabs [运行时间：0.063896s][吞吐率：15.65req/s] [内存消耗：3,068.64kb] [文件加载：75]
[ info ] [ BEHAVIOR ] Run Closure @app_init [ RunTime:0.000028s ]
[ info ] [ CACHE ] INIT File
[ info ] [ BEHAVIOR ] Run Closure @app_init [ RunTime:0.001194s ]
[ info ] [ LANG ] /Applications/MAMP/htdocs/fastadmin/thinkphp/lang/zh-cn.php
[ info ] [ ROUTE ] array (
  'type' => 'module',
  'module' => 
  array (
    0 => 'admin',
    1 => 'category',
    2 => NULL,
  ),
)
[ info ] [ HEADER ] array (
  'host' => 'localhost:8888',
  'connection' => 'keep-alive',
  'upgrade-insecure-requests' => '1',
  'user-agent' => 'Mozilla/5.0 (Macintosh; Intel Mac OS X 10_12_5) AppleWebKit/537.36 (KHTML, like Gecko) Chrome/61.0.3163.100 Safari/537.36',
  'accept' => 'text/html,application/xhtml+xml,application/xml;q=0.9,image/webp,image/apng,*/*;q=0.8',
  'referer' => 'http://localhost:8888/fastadmin/public/admin/index/login?url=/fastadmin/public/admin/category?ref=addtabs',
  'accept-encoding' => 'gzip, deflate, br',
  'accept-language' => 'zh-CN,zh;q=0.8',
  'cookie' => 'PHPSESSID=cbf31d6cfe9f1b58c95394ace288dce0; Hm_lvt_f8d0a8c400404989e195270b0bbf060a=1504681295; Hm_lpvt_f8d0a8c400404989e195270b0bbf060a=1504681381; UM_distinctid=15e6efda9338be-0e1dada421f737-31607e01-232800-15e6efda9358bc; CNZZDATA681872=cnzz_eid%3D414513070-1505100671-%26ntime%3D1506654761; SQLiteManager_currentLangue=2',
)
[ info ] [ PARAM ] array (
  'ref' => 'addtabs',
)
[ info ] [ LANG ] /Applications/MAMP/htdocs/fastadmin/public/../application/admin/lang/zh-cn.php
[ info ] [ BEHAVIOR ] Run app\common\behavior\Common @module_init [ RunTime:0.000239s ]
[ info ] [ SESSION ] INIT array (
  'id' => '',
  'var_session_id' => '',
  'prefix' => 'think',
  'type' => '',
  'auto_start' => true,
)
[ info ] [ DB ] INIT mysql
[ info ] [ BEHAVIOR ] Run app\admin\behavior\AdminLog @app_end [ RunTime:0.000125s ]
[ info ] [ LOG ] INIT File
[ sql ] [ DB ] CONNECT:[ UseTime:0.000305s ] mysql:dbname=fastadmin;host=localhost;port=8889;charset=utf8
[ sql ] [ SQL ] SHOW COLUMNS FROM `fa_auth_group_access` [ RunTime:0.004844s ]
[ sql ] [ SQL ] SELECT `AuthGroupAccess`.`uid`,`AuthGroupAccess`.`group_id`,`AuthGroup`.`id`,`AuthGroup`.`pid`,`AuthGroup`.`name`,`AuthGroup`.`rules` FROM `fa_auth_group_access` `AuthGroupAccess` LEFT JOIN `fa_auth_group` `AuthGroup` ON `AuthGroupAccess`.`group_id`=`AuthGroup`.`id` WHERE  (  AuthGroupAccess.uid='1' and AuthGroup.status='normal' ) [ RunTime:0.003913s ]
[ sql ] [ SQL ] SHOW COLUMNS FROM `fa_auth_rule` [ RunTime:0.006410s ]
[ sql ] [ SQL ] SELECT `id`,`pid`,`condition`,`icon`,`name`,`title`,`ismenu` FROM `fa_auth_rule` WHERE  `status` = 'normal' [ RunTime:0.000758s ]
---------------------------------------------------------------
[ 2017-09-29T21:07:43+08:00 ] ::1 ::1 GET /fastadmin/public/admin/index/index
[ info ] localhost:8888/fastadmin/public/admin/index/index [运行时间：0.084482s][吞吐率：11.84req/s] [内存消耗：3,294.59kb] [文件加载：81]
[ info ] [ BEHAVIOR ] Run Closure @app_init [ RunTime:0.000037s ]
[ info ] [ CACHE ] INIT File
[ info ] [ BEHAVIOR ] Run Closure @app_init [ RunTime:0.001304s ]
[ info ] [ LANG ] /Applications/MAMP/htdocs/fastadmin/thinkphp/lang/zh-cn.php
[ info ] [ ROUTE ] array (
  'type' => 'module',
  'module' => 
  array (
    0 => 'admin',
    1 => 'index',
    2 => 'index',
  ),
)
[ info ] [ HEADER ] array (
  'host' => 'localhost:8888',
  'connection' => 'keep-alive',
  'upgrade-insecure-requests' => '1',
  'user-agent' => 'Mozilla/5.0 (Macintosh; Intel Mac OS X 10_12_5) AppleWebKit/537.36 (KHTML, like Gecko) Chrome/61.0.3163.100 Safari/537.36',
  'accept' => 'text/html,application/xhtml+xml,application/xml;q=0.9,image/webp,image/apng,*/*;q=0.8',
  'referer' => 'http://localhost:8888/fastadmin/public/admin/index/login?url=/fastadmin/public/admin/category?ref=addtabs',
  'accept-encoding' => 'gzip, deflate, br',
  'accept-language' => 'zh-CN,zh;q=0.8',
  'cookie' => 'PHPSESSID=cbf31d6cfe9f1b58c95394ace288dce0; Hm_lvt_f8d0a8c400404989e195270b0bbf060a=1504681295; Hm_lpvt_f8d0a8c400404989e195270b0bbf060a=1504681381; UM_distinctid=15e6efda9338be-0e1dada421f737-31607e01-232800-15e6efda9358bc; CNZZDATA681872=cnzz_eid%3D414513070-1505100671-%26ntime%3D1506654761; SQLiteManager_currentLangue=2',
)
[ info ] [ PARAM ] array (
)
[ info ] [ LANG ] /Applications/MAMP/htdocs/fastadmin/public/../application/admin/lang/zh-cn.php
[ info ] [ BEHAVIOR ] Run app\common\behavior\Common @module_init [ RunTime:0.000207s ]
[ info ] [ SESSION ] INIT array (
  'id' => '',
  'var_session_id' => '',
  'prefix' => 'think',
  'type' => '',
  'auto_start' => true,
)
[ info ] [ LANG ] /Applications/MAMP/htdocs/fastadmin/public/../application/admin/lang/zh-cn/index.php
[ info ] [ RUN ] app\admin\controller\Index->index[ /Applications/MAMP/htdocs/fastadmin/application/admin/controller/Index.php ]
[ info ] [ DB ] INIT mysql
[ info ] [ VIEW ] /Applications/MAMP/htdocs/fastadmin/public/../application/admin/view/index/index.html [ array (
  0 => 'breadcrumb',
  1 => 'site',
  2 => 'config',
  3 => 'auth',
  4 => 'admin',
  5 => 'menulist',
  6 => 'title',
) ]
[ info ] [ BEHAVIOR ] Run app\admin\behavior\AdminLog @app_end [ RunTime:0.000187s ]
[ info ] [ LOG ] INIT File
[ sql ] [ DB ] CONNECT:[ UseTime:0.000319s ] mysql:dbname=fastadmin;host=localhost;port=8889;charset=utf8
[ sql ] [ SQL ] SHOW COLUMNS FROM `fa_auth_group_access` [ RunTime:0.001800s ]
[ sql ] [ SQL ] SELECT `AuthGroupAccess`.`uid`,`AuthGroupAccess`.`group_id`,`AuthGroup`.`id`,`AuthGroup`.`pid`,`AuthGroup`.`name`,`AuthGroup`.`rules` FROM `fa_auth_group_access` `AuthGroupAccess` LEFT JOIN `fa_auth_group` `AuthGroup` ON `AuthGroupAccess`.`group_id`=`AuthGroup`.`id` WHERE  (  AuthGroupAccess.uid='1' and AuthGroup.status='normal' ) [ RunTime:0.000523s ]
[ sql ] [ SQL ] SHOW COLUMNS FROM `fa_auth_rule` [ RunTime:0.001776s ]
[ sql ] [ SQL ] SELECT `id`,`pid`,`condition`,`icon`,`name`,`title`,`ismenu` FROM `fa_auth_rule` WHERE  `status` = 'normal' [ RunTime:0.000648s ]
---------------------------------------------------------------
[ 2017-09-29T21:07:44+08:00 ] ::1 ::1 GET /fastadmin/public/admin/ajax/lang?callback=define&controllername=index&v=1506690463
[ info ] localhost:8888/fastadmin/public/admin/ajax/lang?callback=define&controllername=index&v=1506690463 [运行时间：0.039652s][吞吐率：25.22req/s] [内存消耗：2,364.44kb] [文件加载：69]
[ info ] [ BEHAVIOR ] Run Closure @app_init [ RunTime:0.000033s ]
[ info ] [ CACHE ] INIT File
[ info ] [ BEHAVIOR ] Run Closure @app_init [ RunTime:0.001834s ]
[ info ] [ LANG ] /Applications/MAMP/htdocs/fastadmin/thinkphp/lang/zh-cn.php
[ info ] [ ROUTE ] array (
  'type' => 'module',
  'module' => 
  array (
    0 => 'admin',
    1 => 'ajax',
    2 => 'lang',
  ),
)
[ info ] [ HEADER ] array (
  'host' => 'localhost:8888',
  'connection' => 'keep-alive',
  'user-agent' => 'Mozilla/5.0 (Macintosh; Intel Mac OS X 10_12_5) AppleWebKit/537.36 (KHTML, like Gecko) Chrome/61.0.3163.100 Safari/537.36',
  'accept' => '*/*',
  'referer' => 'http://localhost:8888/fastadmin/public/admin/index/index',
  'accept-encoding' => 'gzip, deflate, br',
  'accept-language' => 'zh-CN,zh;q=0.8',
  'cookie' => 'PHPSESSID=cbf31d6cfe9f1b58c95394ace288dce0; Hm_lvt_f8d0a8c400404989e195270b0bbf060a=1504681295; Hm_lpvt_f8d0a8c400404989e195270b0bbf060a=1504681381; UM_distinctid=15e6efda9338be-0e1dada421f737-31607e01-232800-15e6efda9358bc; CNZZDATA681872=cnzz_eid%3D414513070-1505100671-%26ntime%3D1506654761; SQLiteManager_currentLangue=2',
)
[ info ] [ PARAM ] array (
  'callback' => 'define',
  'controllername' => 'index',
  'v' => '1506690463',
)
[ info ] [ LANG ] /Applications/MAMP/htdocs/fastadmin/public/../application/admin/lang/zh-cn.php
[ info ] [ BEHAVIOR ] Run app\common\behavior\Common @module_init [ RunTime:0.000226s ]
[ info ] [ SESSION ] INIT array (
  'id' => '',
  'var_session_id' => '',
  'prefix' => 'think',
  'type' => '',
  'auto_start' => true,
)
[ info ] [ RUN ] app\admin\controller\Ajax->lang[ /Applications/MAMP/htdocs/fastadmin/application/admin/controller/Ajax.php ]
[ info ] [ LANG ] /Applications/MAMP/htdocs/fastadmin/public/../application/admin/lang/zh-cn/index.php
[ info ] [ BEHAVIOR ] Run app\admin\behavior\AdminLog @app_end [ RunTime:0.000208s ]
[ info ] [ LOG ] INIT File
---------------------------------------------------------------
[ 2017-09-29T21:07:44+08:00 ] ::1 ::1 GET /fastadmin/public/admin/dashboard?addtabs=1
[ info ] localhost:8888/fastadmin/public/admin/dashboard?addtabs=1 [运行时间：0.061335s][吞吐率：16.30req/s] [内存消耗：3,224.97kb] [文件加载：77]
[ info ] [ BEHAVIOR ] Run Closure @app_init [ RunTime:0.000054s ]
[ info ] [ CACHE ] INIT File
[ info ] [ BEHAVIOR ] Run Closure @app_init [ RunTime:0.001763s ]
[ info ] [ LANG ] /Applications/MAMP/htdocs/fastadmin/thinkphp/lang/zh-cn.php
[ info ] [ ROUTE ] array (
  'type' => 'module',
  'module' => 
  array (
    0 => 'admin',
    1 => 'dashboard',
    2 => NULL,
  ),
)
[ info ] [ HEADER ] array (
  'host' => 'localhost:8888',
  'connection' => 'keep-alive',
  'upgrade-insecure-requests' => '1',
  'user-agent' => 'Mozilla/5.0 (Macintosh; Intel Mac OS X 10_12_5) AppleWebKit/537.36 (KHTML, like Gecko) Chrome/61.0.3163.100 Safari/537.36',
  'accept' => 'text/html,application/xhtml+xml,application/xml;q=0.9,image/webp,image/apng,*/*;q=0.8',
  'referer' => 'http://localhost:8888/fastadmin/public/admin/dashboard?ref=addtabs',
  'accept-encoding' => 'gzip, deflate, br',
  'accept-language' => 'zh-CN,zh;q=0.8',
  'cookie' => 'PHPSESSID=cbf31d6cfe9f1b58c95394ace288dce0; Hm_lvt_f8d0a8c400404989e195270b0bbf060a=1504681295; Hm_lpvt_f8d0a8c400404989e195270b0bbf060a=1504681381; UM_distinctid=15e6efda9338be-0e1dada421f737-31607e01-232800-15e6efda9358bc; CNZZDATA681872=cnzz_eid%3D414513070-1505100671-%26ntime%3D1506654761; SQLiteManager_currentLangue=2',
)
[ info ] [ PARAM ] array (
  'addtabs' => '1',
)
[ info ] [ LANG ] /Applications/MAMP/htdocs/fastadmin/public/../application/admin/lang/zh-cn.php
[ info ] [ BEHAVIOR ] Run app\common\behavior\Common @module_init [ RunTime:0.000275s ]
[ info ] [ SESSION ] INIT array (
  'id' => '',
  'var_session_id' => '',
  'prefix' => 'think',
  'type' => '',
  'auto_start' => true,
)
[ info ] [ DB ] INIT mysql
[ info ] [ RUN ] app\admin\controller\Dashboard->index[ /Applications/MAMP/htdocs/fastadmin/application/admin/controller/Dashboard.php ]
[ info ] [ VIEW ] /Applications/MAMP/htdocs/fastadmin/public/../application/admin/view/dashboard/index.html [ array (
  0 => 'breadcrumb',
  1 => 'site',
  2 => 'config',
  3 => 'auth',
  4 => 'admin',
  5 => 'totaluser',
  6 => 'totalviews',
  7 => 'totalorder',
  8 => 'totalorderamount',
  9 => 'todayuserlogin',
  10 => 'todayusersignup',
  11 => 'todayorder',
  12 => 'todayunsettleorder',
  13 => 'sevendnu',
  14 => 'sevendau',
  15 => 'paylist',
  16 => 'createlist',
) ]
[ info ] [ BEHAVIOR ] Run app\admin\behavior\AdminLog @app_end [ RunTime:0.000111s ]
[ info ] [ LOG ] INIT File
[ sql ] [ DB ] CONNECT:[ UseTime:0.000309s ] mysql:dbname=fastadmin;host=localhost;port=8889;charset=utf8
[ sql ] [ SQL ] SHOW COLUMNS FROM `fa_auth_group_access` [ RunTime:0.001579s ]
[ sql ] [ SQL ] SELECT `AuthGroupAccess`.`uid`,`AuthGroupAccess`.`group_id`,`AuthGroup`.`id`,`AuthGroup`.`pid`,`AuthGroup`.`name`,`AuthGroup`.`rules` FROM `fa_auth_group_access` `AuthGroupAccess` LEFT JOIN `fa_auth_group` `AuthGroup` ON `AuthGroupAccess`.`group_id`=`AuthGroup`.`id` WHERE  (  AuthGroupAccess.uid='1' and AuthGroup.status='normal' ) [ RunTime:0.000507s ]
[ sql ] [ SQL ] SHOW COLUMNS FROM `fa_auth_rule` [ RunTime:0.001810s ]
[ sql ] [ SQL ] SELECT `id`,`pid`,`condition`,`icon`,`name`,`title`,`ismenu` FROM `fa_auth_rule` WHERE  `status` = 'normal' [ RunTime:0.000598s ]
---------------------------------------------------------------
[ 2017-09-29T21:07:44+08:00 ] ::1 ::1 GET /fastadmin/public/admin/category?addtabs=1
[ info ] localhost:8888/fastadmin/public/admin/category?addtabs=1 [运行时间：0.070028s][吞吐率：14.28req/s] [内存消耗：3,195.62kb] [文件加载：78]
[ info ] [ BEHAVIOR ] Run Closure @app_init [ RunTime:0.000032s ]
[ info ] [ CACHE ] INIT File
[ info ] [ BEHAVIOR ] Run Closure @app_init [ RunTime:0.001192s ]
[ info ] [ LANG ] /Applications/MAMP/htdocs/fastadmin/thinkphp/lang/zh-cn.php
[ info ] [ ROUTE ] array (
  'type' => 'module',
  'module' => 
  array (
    0 => 'admin',
    1 => 'category',
    2 => NULL,
  ),
)
[ info ] [ HEADER ] array (
  'host' => 'localhost:8888',
  'connection' => 'keep-alive',
  'upgrade-insecure-requests' => '1',
  'user-agent' => 'Mozilla/5.0 (Macintosh; Intel Mac OS X 10_12_5) AppleWebKit/537.36 (KHTML, like Gecko) Chrome/61.0.3163.100 Safari/537.36',
  'accept' => 'text/html,application/xhtml+xml,application/xml;q=0.9,image/webp,image/apng,*/*;q=0.8',
  'referer' => 'http://localhost:8888/fastadmin/public/admin/category?ref=addtabs',
  'accept-encoding' => 'gzip, deflate, br',
  'accept-language' => 'zh-CN,zh;q=0.8',
  'cookie' => 'PHPSESSID=cbf31d6cfe9f1b58c95394ace288dce0; Hm_lvt_f8d0a8c400404989e195270b0bbf060a=1504681295; Hm_lpvt_f8d0a8c400404989e195270b0bbf060a=1504681381; UM_distinctid=15e6efda9338be-0e1dada421f737-31607e01-232800-15e6efda9358bc; CNZZDATA681872=cnzz_eid%3D414513070-1505100671-%26ntime%3D1506654761; SQLiteManager_currentLangue=2',
)
[ info ] [ PARAM ] array (
  'addtabs' => '1',
)
[ info ] [ LANG ] /Applications/MAMP/htdocs/fastadmin/public/../application/admin/lang/zh-cn.php
[ info ] [ BEHAVIOR ] Run app\common\behavior\Common @module_init [ RunTime:0.000223s ]
[ info ] [ SESSION ] INIT array (
  'id' => '',
  'var_session_id' => '',
  'prefix' => 'think',
  'type' => '',
  'auto_start' => true,
)
[ info ] [ DB ] INIT mysql
[ info ] [ LANG ] /Applications/MAMP/htdocs/fastadmin/public/../application/admin/lang/zh-cn/category.php
[ info ] [ RUN ] app\admin\controller\Category->index[ /Applications/MAMP/htdocs/fastadmin/application/admin/controller/Category.php ]
[ info ] [ VIEW ] /Applications/MAMP/htdocs/fastadmin/public/../application/admin/view/category/index.html [ array (
  0 => 'breadcrumb',
  1 => 'site',
  2 => 'config',
  3 => 'auth',
  4 => 'admin',
  5 => 'flagList',
  6 => 'typeList',
  7 => 'parentList',
) ]
[ info ] [ BEHAVIOR ] Run app\admin\behavior\AdminLog @app_end [ RunTime:0.000110s ]
[ info ] [ LOG ] INIT File
[ sql ] [ DB ] CONNECT:[ UseTime:0.000271s ] mysql:dbname=fastadmin;host=localhost;port=8889;charset=utf8
[ sql ] [ SQL ] SHOW COLUMNS FROM `fa_auth_group_access` [ RunTime:0.001498s ]
[ sql ] [ SQL ] SELECT `AuthGroupAccess`.`uid`,`AuthGroupAccess`.`group_id`,`AuthGroup`.`id`,`AuthGroup`.`pid`,`AuthGroup`.`name`,`AuthGroup`.`rules` FROM `fa_auth_group_access` `AuthGroupAccess` LEFT JOIN `fa_auth_group` `AuthGroup` ON `AuthGroupAccess`.`group_id`=`AuthGroup`.`id` WHERE  (  AuthGroupAccess.uid='1' and AuthGroup.status='normal' ) [ RunTime:0.000473s ]
[ sql ] [ SQL ] SHOW COLUMNS FROM `fa_auth_rule` [ RunTime:0.001575s ]
[ sql ] [ SQL ] SELECT `id`,`pid`,`condition`,`icon`,`name`,`title`,`ismenu` FROM `fa_auth_rule` WHERE  `status` = 'normal' [ RunTime:0.000671s ]
[ sql ] [ SQL ] SHOW COLUMNS FROM `fa_category` [ RunTime:0.004118s ]
[ sql ] [ SQL ] SELECT * FROM `fa_category` ORDER BY weigh desc,id desc [ RunTime:0.000508s ]
[ sql ] [ SQL ] SELECT `title`,`remark` FROM `fa_auth_rule` WHERE  `name` = '/admin/category' LIMIT 1 [ RunTime:0.000333s ]
---------------------------------------------------------------
[ 2017-09-29T21:07:44+08:00 ] ::1 ::1 GET /fastadmin/public/admin/ajax/lang?callback=define&controllername=category&v=1506690464
[ info ] localhost:8888/fastadmin/public/admin/ajax/lang?callback=define&controllername=category&v=1506690464 [运行时间：0.036126s][吞吐率：27.68req/s] [内存消耗：2,361.59kb] [文件加载：69]
[ info ] [ BEHAVIOR ] Run Closure @app_init [ RunTime:0.000030s ]
[ info ] [ CACHE ] INIT File
[ info ] [ BEHAVIOR ] Run Closure @app_init [ RunTime:0.001155s ]
[ info ] [ LANG ] /Applications/MAMP/htdocs/fastadmin/thinkphp/lang/zh-cn.php
[ info ] [ ROUTE ] array (
  'type' => 'module',
  'module' => 
  array (
    0 => 'admin',
    1 => 'ajax',
    2 => 'lang',
  ),
)
[ info ] [ HEADER ] array (
  'host' => 'localhost:8888',
  'connection' => 'keep-alive',
  'user-agent' => 'Mozilla/5.0 (Macintosh; Intel Mac OS X 10_12_5) AppleWebKit/537.36 (KHTML, like Gecko) Chrome/61.0.3163.100 Safari/537.36',
  'accept' => '*/*',
  'referer' => 'http://localhost:8888/fastadmin/public/admin/category?addtabs=1',
  'accept-encoding' => 'gzip, deflate, br',
  'accept-language' => 'zh-CN,zh;q=0.8',
  'cookie' => 'PHPSESSID=cbf31d6cfe9f1b58c95394ace288dce0; Hm_lvt_f8d0a8c400404989e195270b0bbf060a=1504681295; Hm_lpvt_f8d0a8c400404989e195270b0bbf060a=1504681381; UM_distinctid=15e6efda9338be-0e1dada421f737-31607e01-232800-15e6efda9358bc; CNZZDATA681872=cnzz_eid%3D414513070-1505100671-%26ntime%3D1506654761; SQLiteManager_currentLangue=2',
)
[ info ] [ PARAM ] array (
  'callback' => 'define',
  'controllername' => 'category',
  'v' => '1506690464',
)
[ info ] [ LANG ] /Applications/MAMP/htdocs/fastadmin/public/../application/admin/lang/zh-cn.php
[ info ] [ BEHAVIOR ] Run app\common\behavior\Common @module_init [ RunTime:0.000354s ]
[ info ] [ SESSION ] INIT array (
  'id' => '',
  'var_session_id' => '',
  'prefix' => 'think',
  'type' => '',
  'auto_start' => true,
)
[ info ] [ RUN ] app\admin\controller\Ajax->lang[ /Applications/MAMP/htdocs/fastadmin/application/admin/controller/Ajax.php ]
[ info ] [ LANG ] /Applications/MAMP/htdocs/fastadmin/public/../application/admin/lang/zh-cn/category.php
[ info ] [ BEHAVIOR ] Run app\admin\behavior\AdminLog @app_end [ RunTime:0.000164s ]
[ info ] [ LOG ] INIT File
---------------------------------------------------------------
[ 2017-09-29T21:07:44+08:00 ] ::1 ::1 GET /fastadmin/public/admin/ajax/lang?callback=define&controllername=dashboard&v=1506690464
[ info ] localhost:8888/fastadmin/public/admin/ajax/lang?callback=define&controllername=dashboard&v=1506690464 [运行时间：0.036852s][吞吐率：27.14req/s] [内存消耗：2,360.78kb] [文件加载：68]
[ info ] [ BEHAVIOR ] Run Closure @app_init [ RunTime:0.000027s ]
[ info ] [ CACHE ] INIT File
[ info ] [ BEHAVIOR ] Run Closure @app_init [ RunTime:0.001135s ]
[ info ] [ LANG ] /Applications/MAMP/htdocs/fastadmin/thinkphp/lang/zh-cn.php
[ info ] [ ROUTE ] array (
  'type' => 'module',
  'module' => 
  array (
    0 => 'admin',
    1 => 'ajax',
    2 => 'lang',
  ),
)
[ info ] [ HEADER ] array (
  'host' => 'localhost:8888',
  'connection' => 'keep-alive',
  'user-agent' => 'Mozilla/5.0 (Macintosh; Intel Mac OS X 10_12_5) AppleWebKit/537.36 (KHTML, like Gecko) Chrome/61.0.3163.100 Safari/537.36',
  'accept' => '*/*',
  'referer' => 'http://localhost:8888/fastadmin/public/admin/dashboard?addtabs=1',
  'accept-encoding' => 'gzip, deflate, br',
  'accept-language' => 'zh-CN,zh;q=0.8',
  'cookie' => 'PHPSESSID=cbf31d6cfe9f1b58c95394ace288dce0; Hm_lvt_f8d0a8c400404989e195270b0bbf060a=1504681295; Hm_lpvt_f8d0a8c400404989e195270b0bbf060a=1504681381; UM_distinctid=15e6efda9338be-0e1dada421f737-31607e01-232800-15e6efda9358bc; CNZZDATA681872=cnzz_eid%3D414513070-1505100671-%26ntime%3D1506654761; SQLiteManager_currentLangue=2',
)
[ info ] [ PARAM ] array (
  'callback' => 'define',
  'controllername' => 'dashboard',
  'v' => '1506690464',
)
[ info ] [ LANG ] /Applications/MAMP/htdocs/fastadmin/public/../application/admin/lang/zh-cn.php
[ info ] [ BEHAVIOR ] Run app\common\behavior\Common @module_init [ RunTime:0.000217s ]
[ info ] [ SESSION ] INIT array (
  'id' => '',
  'var_session_id' => '',
  'prefix' => 'think',
  'type' => '',
  'auto_start' => true,
)
[ info ] [ RUN ] app\admin\controller\Ajax->lang[ /Applications/MAMP/htdocs/fastadmin/application/admin/controller/Ajax.php ]
[ info ] [ BEHAVIOR ] Run app\admin\behavior\AdminLog @app_end [ RunTime:0.000114s ]
[ info ] [ LOG ] INIT File
---------------------------------------------------------------
[ 2017-09-29T21:07:44+08:00 ] ::1 ::1 GET /fastadmin/public/admin/category/index?sort=weigh&order=desc&_=1506690464470
[ info ] localhost:8888/fastadmin/public/admin/category/index?sort=weigh&order=desc&_=1506690464470 [运行时间：0.064783s][吞吐率：15.44req/s] [内存消耗：3,235.21kb] [文件加载：78]
[ info ] [ BEHAVIOR ] Run Closure @app_init [ RunTime:0.000040s ]
[ info ] [ CACHE ] INIT File
[ info ] [ BEHAVIOR ] Run Closure @app_init [ RunTime:0.001294s ]
[ info ] [ LANG ] /Applications/MAMP/htdocs/fastadmin/thinkphp/lang/zh-cn.php
[ info ] [ ROUTE ] array (
  'type' => 'module',
  'module' => 
  array (
    0 => 'admin',
    1 => 'category',
    2 => 'index',
  ),
)
[ info ] [ HEADER ] array (
  'host' => 'localhost:8888',
  'connection' => 'keep-alive',
  'accept' => 'application/json, text/javascript, */*; q=0.01',
  'x-requested-with' => 'XMLHttpRequest',
  'user-agent' => 'Mozilla/5.0 (Macintosh; Intel Mac OS X 10_12_5) AppleWebKit/537.36 (KHTML, like Gecko) Chrome/61.0.3163.100 Safari/537.36',
  'content-type' => 'application/json',
  'referer' => 'http://localhost:8888/fastadmin/public/admin/category?addtabs=1',
  'accept-encoding' => 'gzip, deflate, br',
  'accept-language' => 'zh-CN,zh;q=0.8',
  'cookie' => 'PHPSESSID=cbf31d6cfe9f1b58c95394ace288dce0; Hm_lvt_f8d0a8c400404989e195270b0bbf060a=1504681295; Hm_lpvt_f8d0a8c400404989e195270b0bbf060a=1504681381; UM_distinctid=15e6efda9338be-0e1dada421f737-31607e01-232800-15e6efda9358bc; CNZZDATA681872=cnzz_eid%3D414513070-1505100671-%26ntime%3D1506654761; SQLiteManager_currentLangue=2',
)
[ info ] [ PARAM ] array (
  'sort' => 'weigh',
  'order' => 'desc',
  '_' => '1506690464470',
)
[ info ] [ LANG ] /Applications/MAMP/htdocs/fastadmin/public/../application/admin/lang/zh-cn.php
[ info ] [ BEHAVIOR ] Run app\common\behavior\Common @module_init [ RunTime:0.000266s ]
[ info ] [ SESSION ] INIT array (
  'id' => '',
  'var_session_id' => '',
  'prefix' => 'think',
  'type' => '',
  'auto_start' => true,
)
[ info ] [ DB ] INIT mysql
[ info ] [ LANG ] /Applications/MAMP/htdocs/fastadmin/public/../application/admin/lang/zh-cn/category.php
[ info ] [ RUN ] app\admin\controller\Category->index[ /Applications/MAMP/htdocs/fastadmin/application/admin/controller/Category.php ]
[ info ] [ BEHAVIOR ] Run app\admin\behavior\AdminLog @app_end [ RunTime:0.000110s ]
[ info ] [ LOG ] INIT File
[ sql ] [ DB ] CONNECT:[ UseTime:0.000414s ] mysql:dbname=fastadmin;host=localhost;port=8889;charset=utf8
[ sql ] [ SQL ] SHOW COLUMNS FROM `fa_auth_group_access` [ RunTime:0.002985s ]
[ sql ] [ SQL ] SELECT `AuthGroupAccess`.`uid`,`AuthGroupAccess`.`group_id`,`AuthGroup`.`id`,`AuthGroup`.`pid`,`AuthGroup`.`name`,`AuthGroup`.`rules` FROM `fa_auth_group_access` `AuthGroupAccess` LEFT JOIN `fa_auth_group` `AuthGroup` ON `AuthGroupAccess`.`group_id`=`AuthGroup`.`id` WHERE  (  AuthGroupAccess.uid='1' and AuthGroup.status='normal' ) [ RunTime:0.000833s ]
[ sql ] [ SQL ] SHOW COLUMNS FROM `fa_auth_rule` [ RunTime:0.002085s ]
[ sql ] [ SQL ] SELECT `id`,`pid`,`condition`,`icon`,`name`,`title`,`ismenu` FROM `fa_auth_rule` WHERE  `status` = 'normal' [ RunTime:0.000676s ]
[ sql ] [ SQL ] SHOW COLUMNS FROM `fa_category` [ RunTime:0.001616s ]
[ sql ] [ SQL ] SELECT * FROM `fa_category` ORDER BY weigh desc,id desc [ RunTime:0.000551s ]
---------------------------------------------------------------
[ 2017-09-29T21:07:50+08:00 ] ::1 ::1 GET /fastadmin/public/admin/category/add?dialog=1
[ info ] localhost:8888/fastadmin/public/admin/category/add?dialog=1 [运行时间：0.069689s][吞吐率：14.35req/s] [内存消耗：3,450.32kb] [文件加载：81]
[ info ] [ BEHAVIOR ] Run Closure @app_init [ RunTime:0.000035s ]
[ info ] [ CACHE ] INIT File
[ info ] [ BEHAVIOR ] Run Closure @app_init [ RunTime:0.001671s ]
[ info ] [ LANG ] /Applications/MAMP/htdocs/fastadmin/thinkphp/lang/zh-cn.php
[ info ] [ ROUTE ] array (
  'type' => 'module',
  'module' => 
  array (
    0 => 'admin',
    1 => 'category',
    2 => 'add',
  ),
)
[ info ] [ HEADER ] array (
  'host' => 'localhost:8888',
  'connection' => 'keep-alive',
  'upgrade-insecure-requests' => '1',
  'user-agent' => 'Mozilla/5.0 (Macintosh; Intel Mac OS X 10_12_5) AppleWebKit/537.36 (KHTML, like Gecko) Chrome/61.0.3163.100 Safari/537.36',
  'accept' => 'text/html,application/xhtml+xml,application/xml;q=0.9,image/webp,image/apng,*/*;q=0.8',
  'referer' => 'http://localhost:8888/fastadmin/public/admin/category?addtabs=1',
  'accept-encoding' => 'gzip, deflate, br',
  'accept-language' => 'zh-CN,zh;q=0.8',
  'cookie' => 'PHPSESSID=cbf31d6cfe9f1b58c95394ace288dce0; Hm_lvt_f8d0a8c400404989e195270b0bbf060a=1504681295; Hm_lpvt_f8d0a8c400404989e195270b0bbf060a=1504681381; UM_distinctid=15e6efda9338be-0e1dada421f737-31607e01-232800-15e6efda9358bc; CNZZDATA681872=cnzz_eid%3D414513070-1505100671-%26ntime%3D1506654761; SQLiteManager_currentLangue=2',
)
[ info ] [ PARAM ] array (
  'dialog' => '1',
)
[ info ] [ LANG ] /Applications/MAMP/htdocs/fastadmin/public/../application/admin/lang/zh-cn.php
[ info ] [ BEHAVIOR ] Run app\common\behavior\Common @module_init [ RunTime:0.000273s ]
[ info ] [ SESSION ] INIT array (
  'id' => '',
  'var_session_id' => '',
  'prefix' => 'think',
  'type' => '',
  'auto_start' => true,
)
[ info ] [ DB ] INIT mysql
[ info ] [ LANG ] /Applications/MAMP/htdocs/fastadmin/public/../application/admin/lang/zh-cn/category.php
[ info ] [ RUN ] app\common\controller\Backend->add[ /Applications/MAMP/htdocs/fastadmin/application/admin/library/traits/Backend.php ]
[ info ] [ VIEW ] /Applications/MAMP/htdocs/fastadmin/public/../application/admin/view/category/add.html [ array (
  0 => 'breadcrumb',
  1 => 'site',
  2 => 'config',
  3 => 'auth',
  4 => 'admin',
  5 => 'flagList',
  6 => 'typeList',
  7 => 'parentList',
) ]
[ info ] [ BEHAVIOR ] Run app\admin\behavior\AdminLog @app_end [ RunTime:0.000160s ]
[ info ] [ LOG ] INIT File
[ sql ] [ DB ] CONNECT:[ UseTime:0.000320s ] mysql:dbname=fastadmin;host=localhost;port=8889;charset=utf8
[ sql ] [ SQL ] SHOW COLUMNS FROM `fa_auth_group_access` [ RunTime:0.001896s ]
[ sql ] [ SQL ] SELECT `AuthGroupAccess`.`uid`,`AuthGroupAccess`.`group_id`,`AuthGroup`.`id`,`AuthGroup`.`pid`,`AuthGroup`.`name`,`AuthGroup`.`rules` FROM `fa_auth_group_access` `AuthGroupAccess` LEFT JOIN `fa_auth_group` `AuthGroup` ON `AuthGroupAccess`.`group_id`=`AuthGroup`.`id` WHERE  (  AuthGroupAccess.uid='1' and AuthGroup.status='normal' ) [ RunTime:0.000600s ]
[ sql ] [ SQL ] SHOW COLUMNS FROM `fa_auth_rule` [ RunTime:0.001909s ]
[ sql ] [ SQL ] SELECT `id`,`pid`,`condition`,`icon`,`name`,`title`,`ismenu` FROM `fa_auth_rule` WHERE  `status` = 'normal' [ RunTime:0.000669s ]
[ sql ] [ SQL ] SHOW COLUMNS FROM `fa_category` [ RunTime:0.001929s ]
[ sql ] [ SQL ] SELECT * FROM `fa_category` ORDER BY weigh desc,id desc [ RunTime:0.000511s ]
---------------------------------------------------------------
[ 2017-09-29T21:07:50+08:00 ] ::1 ::1 GET /fastadmin/public/admin/ajax/lang?callback=define&controllername=category&v=1506690470
[ info ] localhost:8888/fastadmin/public/admin/ajax/lang?callback=define&controllername=category&v=1506690470 [运行时间：0.038111s][吞吐率：26.24req/s] [内存消耗：2,361.59kb] [文件加载：69]
[ info ] [ BEHAVIOR ] Run Closure @app_init [ RunTime:0.000028s ]
[ info ] [ CACHE ] INIT File
[ info ] [ BEHAVIOR ] Run Closure @app_init [ RunTime:0.001216s ]
[ info ] [ LANG ] /Applications/MAMP/htdocs/fastadmin/thinkphp/lang/zh-cn.php
[ info ] [ ROUTE ] array (
  'type' => 'module',
  'module' => 
  array (
    0 => 'admin',
    1 => 'ajax',
    2 => 'lang',
  ),
)
[ info ] [ HEADER ] array (
  'host' => 'localhost:8888',
  'connection' => 'keep-alive',
  'user-agent' => 'Mozilla/5.0 (Macintosh; Intel Mac OS X 10_12_5) AppleWebKit/537.36 (KHTML, like Gecko) Chrome/61.0.3163.100 Safari/537.36',
  'accept' => '*/*',
  'referer' => 'http://localhost:8888/fastadmin/public/admin/category/add?dialog=1',
  'accept-encoding' => 'gzip, deflate, br',
  'accept-language' => 'zh-CN,zh;q=0.8',
  'cookie' => 'PHPSESSID=cbf31d6cfe9f1b58c95394ace288dce0; Hm_lvt_f8d0a8c400404989e195270b0bbf060a=1504681295; Hm_lpvt_f8d0a8c400404989e195270b0bbf060a=1504681381; UM_distinctid=15e6efda9338be-0e1dada421f737-31607e01-232800-15e6efda9358bc; CNZZDATA681872=cnzz_eid%3D414513070-1505100671-%26ntime%3D1506654761; SQLiteManager_currentLangue=2',
)
[ info ] [ PARAM ] array (
  'callback' => 'define',
  'controllername' => 'category',
  'v' => '1506690470',
)
[ info ] [ LANG ] /Applications/MAMP/htdocs/fastadmin/public/../application/admin/lang/zh-cn.php
[ info ] [ BEHAVIOR ] Run app\common\behavior\Common @module_init [ RunTime:0.000279s ]
[ info ] [ SESSION ] INIT array (
  'id' => '',
  'var_session_id' => '',
  'prefix' => 'think',
  'type' => '',
  'auto_start' => true,
)
[ info ] [ RUN ] app\admin\controller\Ajax->lang[ /Applications/MAMP/htdocs/fastadmin/application/admin/controller/Ajax.php ]
[ info ] [ LANG ] /Applications/MAMP/htdocs/fastadmin/public/../application/admin/lang/zh-cn/category.php
[ info ] [ BEHAVIOR ] Run app\admin\behavior\AdminLog @app_end [ RunTime:0.000178s ]
[ info ] [ LOG ] INIT File
---------------------------------------------------------------
[ 2017-09-29T21:07:50+08:00 ] ::1 ::1 GET /fastadmin/public/admin/category/index?search=&sort=weigh&order=desc&_=1506690464471
[ info ] localhost:8888/fastadmin/public/admin/category/index?search=&sort=weigh&order=desc&_=1506690464471 [运行时间：0.068749s][吞吐率：14.55req/s] [内存消耗：3,235.34kb] [文件加载：78]
[ info ] [ BEHAVIOR ] Run Closure @app_init [ RunTime:0.000033s ]
[ info ] [ CACHE ] INIT File
[ info ] [ BEHAVIOR ] Run Closure @app_init [ RunTime:0.001244s ]
[ info ] [ LANG ] /Applications/MAMP/htdocs/fastadmin/thinkphp/lang/zh-cn.php
[ info ] [ ROUTE ] array (
  'type' => 'module',
  'module' => 
  array (
    0 => 'admin',
    1 => 'category',
    2 => 'index',
  ),
)
[ info ] [ HEADER ] array (
  'host' => 'localhost:8888',
  'connection' => 'keep-alive',
  'accept' => 'application/json, text/javascript, */*; q=0.01',
  'x-requested-with' => 'XMLHttpRequest',
  'user-agent' => 'Mozilla/5.0 (Macintosh; Intel Mac OS X 10_12_5) AppleWebKit/537.36 (KHTML, like Gecko) Chrome/61.0.3163.100 Safari/537.36',
  'content-type' => 'application/json',
  'referer' => 'http://localhost:8888/fastadmin/public/admin/category?addtabs=1',
  'accept-encoding' => 'gzip, deflate, br',
  'accept-language' => 'zh-CN,zh;q=0.8',
  'cookie' => 'PHPSESSID=cbf31d6cfe9f1b58c95394ace288dce0; Hm_lvt_f8d0a8c400404989e195270b0bbf060a=1504681295; Hm_lpvt_f8d0a8c400404989e195270b0bbf060a=1504681381; UM_distinctid=15e6efda9338be-0e1dada421f737-31607e01-232800-15e6efda9358bc; CNZZDATA681872=cnzz_eid%3D414513070-1505100671-%26ntime%3D1506654761; SQLiteManager_currentLangue=2',
)
[ info ] [ PARAM ] array (
  'search' => '',
  'sort' => 'weigh',
  'order' => 'desc',
  '_' => '1506690464471',
)
[ info ] [ LANG ] /Applications/MAMP/htdocs/fastadmin/public/../application/admin/lang/zh-cn.php
[ info ] [ BEHAVIOR ] Run app\common\behavior\Common @module_init [ RunTime:0.000411s ]
[ info ] [ SESSION ] INIT array (
  'id' => '',
  'var_session_id' => '',
  'prefix' => 'think',
  'type' => '',
  'auto_start' => true,
)
[ info ] [ DB ] INIT mysql
[ info ] [ LANG ] /Applications/MAMP/htdocs/fastadmin/public/../application/admin/lang/zh-cn/category.php
[ info ] [ RUN ] app\admin\controller\Category->index[ /Applications/MAMP/htdocs/fastadmin/application/admin/controller/Category.php ]
[ info ] [ BEHAVIOR ] Run app\admin\behavior\AdminLog @app_end [ RunTime:0.000100s ]
[ info ] [ LOG ] INIT File
[ sql ] [ DB ] CONNECT:[ UseTime:0.000304s ] mysql:dbname=fastadmin;host=localhost;port=8889;charset=utf8
[ sql ] [ SQL ] SHOW COLUMNS FROM `fa_auth_group_access` [ RunTime:0.002168s ]
[ sql ] [ SQL ] SELECT `AuthGroupAccess`.`uid`,`AuthGroupAccess`.`group_id`,`AuthGroup`.`id`,`AuthGroup`.`pid`,`AuthGroup`.`name`,`AuthGroup`.`rules` FROM `fa_auth_group_access` `AuthGroupAccess` LEFT JOIN `fa_auth_group` `AuthGroup` ON `AuthGroupAccess`.`group_id`=`AuthGroup`.`id` WHERE  (  AuthGroupAccess.uid='1' and AuthGroup.status='normal' ) [ RunTime:0.000533s ]
[ sql ] [ SQL ] SHOW COLUMNS FROM `fa_auth_rule` [ RunTime:0.001644s ]
[ sql ] [ SQL ] SELECT `id`,`pid`,`condition`,`icon`,`name`,`title`,`ismenu` FROM `fa_auth_rule` WHERE  `status` = 'normal' [ RunTime:0.000620s ]
[ sql ] [ SQL ] SHOW COLUMNS FROM `fa_category` [ RunTime:0.001888s ]
[ sql ] [ SQL ] SELECT * FROM `fa_category` ORDER BY weigh desc,id desc [ RunTime:0.000553s ]
---------------------------------------------------------------
[ 2017-09-29T21:07:54+08:00 ] ::1 ::1 GET /fastadmin/public/assets/css/bootstrap.min.css.map
[ info ] localhost:8888/fastadmin/public/assets/css/bootstrap.min.css.map [运行时间：0.030623s][吞吐率：32.65req/s] [内存消耗：1,536.84kb] [文件加载：50]
[ info ] [ BEHAVIOR ] Run Closure @app_init [ RunTime:0.000044s ]
[ info ] [ CACHE ] INIT File
[ info ] [ BEHAVIOR ] Run Closure @app_init [ RunTime:0.001625s ]
[ info ] [ LANG ] /Applications/MAMP/htdocs/fastadmin/thinkphp/lang/zh-cn.php
[ info ] [ ROUTE ] array (
  'type' => 'module',
  'module' => 
  array (
    0 => 'assets',
    1 => 'css',
    2 => 'bootstrap.min.css.map',
  ),
)
[ info ] [ HEADER ] array (
  'host' => 'localhost:8888',
  'connection' => 'keep-alive',
  'cache-control' => 'no-cache',
  'user-agent' => 'Mozilla/5.0 (Macintosh; Intel Mac OS X 10_12_5) AppleWebKit/537.36 (KHTML, like Gecko) Chrome/61.0.3163.100 Safari/537.36',
  'accept-encoding' => 'gzip, deflate, br',
  'accept-language' => 'zh-CN,zh;q=0.8',
  'cookie' => 'PHPSESSID=cbf31d6cfe9f1b58c95394ace288dce0; Hm_lvt_f8d0a8c400404989e195270b0bbf060a=1504681295; Hm_lpvt_f8d0a8c400404989e195270b0bbf060a=1504681381; UM_distinctid=15e6efda9338be-0e1dada421f737-31607e01-232800-15e6efda9358bc; CNZZDATA681872=cnzz_eid%3D414513070-1505100671-%26ntime%3D1506654761; SQLiteManager_currentLangue=2',
)
[ info ] [ PARAM ] array (
)
[ info ] [ LOG ] INIT File
---------------------------------------------------------------
[ 2017-09-29T21:07:54+08:00 ] ::1 ::1 GET /fastadmin/public/assets/css/backend.css.map
[ info ] localhost:8888/fastadmin/public/assets/css/backend.css.map [运行时间：0.031703s][吞吐率：31.54req/s] [内存消耗：1,536.78kb] [文件加载：50]
[ info ] [ BEHAVIOR ] Run Closure @app_init [ RunTime:0.000026s ]
[ info ] [ CACHE ] INIT File
[ info ] [ BEHAVIOR ] Run Closure @app_init [ RunTime:0.001149s ]
[ info ] [ LANG ] /Applications/MAMP/htdocs/fastadmin/thinkphp/lang/zh-cn.php
[ info ] [ ROUTE ] array (
  'type' => 'module',
  'module' => 
  array (
    0 => 'assets',
    1 => 'css',
    2 => 'backend.css.map',
  ),
)
[ info ] [ HEADER ] array (
  'host' => 'localhost:8888',
  'connection' => 'keep-alive',
  'cache-control' => 'no-cache',
  'user-agent' => 'Mozilla/5.0 (Macintosh; Intel Mac OS X 10_12_5) AppleWebKit/537.36 (KHTML, like Gecko) Chrome/61.0.3163.100 Safari/537.36',
  'accept-encoding' => 'gzip, deflate, br',
  'accept-language' => 'zh-CN,zh;q=0.8',
  'cookie' => 'PHPSESSID=cbf31d6cfe9f1b58c95394ace288dce0; Hm_lvt_f8d0a8c400404989e195270b0bbf060a=1504681295; Hm_lpvt_f8d0a8c400404989e195270b0bbf060a=1504681381; UM_distinctid=15e6efda9338be-0e1dada421f737-31607e01-232800-15e6efda9358bc; CNZZDATA681872=cnzz_eid%3D414513070-1505100671-%26ntime%3D1506654761; SQLiteManager_currentLangue=2',
)
[ info ] [ PARAM ] array (
)
[ info ] [ LOG ] INIT File
---------------------------------------------------------------
[ 2017-09-29T21:07:54+08:00 ] ::1 ::1 GET /fastadmin/public/assets/css/fastadmin.min.css.map
[ info ] localhost:8888/fastadmin/public/assets/css/fastadmin.min.css.map [运行时间：0.031614s][吞吐率：31.63req/s] [内存消耗：1,536.84kb] [文件加载：50]
[ info ] [ BEHAVIOR ] Run Closure @app_init [ RunTime:0.000026s ]
[ info ] [ CACHE ] INIT File
[ info ] [ BEHAVIOR ] Run Closure @app_init [ RunTime:0.001340s ]
[ info ] [ LANG ] /Applications/MAMP/htdocs/fastadmin/thinkphp/lang/zh-cn.php
[ info ] [ ROUTE ] array (
  'type' => 'module',
  'module' => 
  array (
    0 => 'assets',
    1 => 'css',
    2 => 'fastadmin.min.css.map',
  ),
)
[ info ] [ HEADER ] array (
  'host' => 'localhost:8888',
  'connection' => 'keep-alive',
  'cache-control' => 'no-cache',
  'user-agent' => 'Mozilla/5.0 (Macintosh; Intel Mac OS X 10_12_5) AppleWebKit/537.36 (KHTML, like Gecko) Chrome/61.0.3163.100 Safari/537.36',
  'accept-encoding' => 'gzip, deflate, br',
  'accept-language' => 'zh-CN,zh;q=0.8',
  'cookie' => 'PHPSESSID=cbf31d6cfe9f1b58c95394ace288dce0; Hm_lvt_f8d0a8c400404989e195270b0bbf060a=1504681295; Hm_lpvt_f8d0a8c400404989e195270b0bbf060a=1504681381; UM_distinctid=15e6efda9338be-0e1dada421f737-31607e01-232800-15e6efda9358bc; CNZZDATA681872=cnzz_eid%3D414513070-1505100671-%26ntime%3D1506654761; SQLiteManager_currentLangue=2',
)
[ info ] [ PARAM ] array (
)
[ info ] [ LOG ] INIT File
---------------------------------------------------------------
[ 2017-09-29T21:07:54+08:00 ] ::1 ::1 GET /fastadmin/public/assets/css/skins/skin-green.css.map
[ info ] localhost:8888/fastadmin/public/assets/css/skins/skin-green.css.map [运行时间：0.033487s][吞吐率：29.86req/s] [内存消耗：1,536.79kb] [文件加载：50]
[ info ] [ BEHAVIOR ] Run Closure @app_init [ RunTime:0.000033s ]
[ info ] [ CACHE ] INIT File
[ info ] [ BEHAVIOR ] Run Closure @app_init [ RunTime:0.001630s ]
[ info ] [ LANG ] /Applications/MAMP/htdocs/fastadmin/thinkphp/lang/zh-cn.php
[ info ] [ ROUTE ] array (
  'type' => 'module',
  'module' => 
  array (
    0 => 'assets',
    1 => 'css',
    2 => 'skins',
  ),
)
[ info ] [ HEADER ] array (
  'host' => 'localhost:8888',
  'connection' => 'keep-alive',
  'cache-control' => 'no-cache',
  'user-agent' => 'Mozilla/5.0 (Macintosh; Intel Mac OS X 10_12_5) AppleWebKit/537.36 (KHTML, like Gecko) Chrome/61.0.3163.100 Safari/537.36',
  'accept-encoding' => 'gzip, deflate, br',
  'accept-language' => 'zh-CN,zh;q=0.8',
  'cookie' => 'PHPSESSID=cbf31d6cfe9f1b58c95394ace288dce0; Hm_lvt_f8d0a8c400404989e195270b0bbf060a=1504681295; Hm_lpvt_f8d0a8c400404989e195270b0bbf060a=1504681381; UM_distinctid=15e6efda9338be-0e1dada421f737-31607e01-232800-15e6efda9358bc; CNZZDATA681872=cnzz_eid%3D414513070-1505100671-%26ntime%3D1506654761; SQLiteManager_currentLangue=2',
)
[ info ] [ PARAM ] array (
)
[ info ] [ LOG ] INIT File
