---------------------------------------------------------------
[ 2017-10-02T22:04:21+08:00 ] ::1 ::1 GET /fastadmin/public/admin/dashboard?ref=addtabs
[ info ] localhost:8888/fastadmin/public/admin/dashboard?ref=addtabs [运行时间：0.108556s][吞吐率：9.21req/s] [内存消耗：3,062.87kb] [文件加载：75]
[ info ] [ BEHAVIOR ] Run Closure @app_init [ RunTime:0.003152s ]
[ info ] [ CACHE ] INIT File
[ info ] [ BEHAVIOR ] Run Closure @app_init [ RunTime:0.002197s ]
[ info ] [ LANG ] /Applications/MAMP/htdocs/fastadmin/thinkphp/lang/zh-cn.php
[ info ] [ ROUTE ] array (
  'type' => 'module',
  'module' => 
  array (
    0 => 'admin',
    1 => 'dashboard',
    2 => NULL,
  ),
)
[ info ] [ HEADER ] array (
  'host' => 'localhost:8888',
  'connection' => 'keep-alive',
  'cache-control' => 'max-age=0',
  'upgrade-insecure-requests' => '1',
  'user-agent' => 'Mozilla/5.0 (Macintosh; Intel Mac OS X 10_12_5) AppleWebKit/537.36 (KHTML, like Gecko) Chrome/61.0.3163.100 Safari/537.36',
  'accept' => 'text/html,application/xhtml+xml,application/xml;q=0.9,image/webp,image/apng,*/*;q=0.8',
  'accept-encoding' => 'gzip, deflate, br',
  'accept-language' => 'zh-CN,zh;q=0.8',
  'cookie' => 'PHPSESSID=cbf31d6cfe9f1b58c95394ace288dce0; Hm_lvt_f8d0a8c400404989e195270b0bbf060a=1504681295; Hm_lpvt_f8d0a8c400404989e195270b0bbf060a=1504681381; UM_distinctid=15e6efda9338be-0e1dada421f737-31607e01-232800-15e6efda9358bc; CNZZDATA681872=cnzz_eid%3D414513070-1505100671-%26ntime%3D1506938116; SQLiteManager_currentLangue=2',
)
[ info ] [ PARAM ] array (
  'ref' => 'addtabs',
)
[ info ] [ LANG ] /Applications/MAMP/htdocs/fastadmin/public/../application/admin/lang/zh-cn.php
[ info ] [ BEHAVIOR ] Run app\common\behavior\Common @module_init [ RunTime:0.000901s ]
[ info ] [ SESSION ] INIT array (
  'id' => '',
  'var_session_id' => '',
  'prefix' => 'think',
  'type' => '',
  'auto_start' => true,
)
[ info ] [ DB ] INIT mysql
[ info ] [ BEHAVIOR ] Run app\admin\behavior\AdminLog @app_end [ RunTime:0.000353s ]
[ info ] [ LOG ] INIT File
[ sql ] [ DB ] CONNECT:[ UseTime:0.000802s ] mysql:dbname=fastadmin;host=localhost;port=8889;charset=utf8
[ sql ] [ SQL ] SHOW COLUMNS FROM `fa_auth_group_access` [ RunTime:0.007326s ]
[ sql ] [ SQL ] SELECT `AuthGroupAccess`.`uid`,`AuthGroupAccess`.`group_id`,`AuthGroup`.`id`,`AuthGroup`.`pid`,`AuthGroup`.`name`,`AuthGroup`.`rules` FROM `fa_auth_group_access` `AuthGroupAccess` LEFT JOIN `fa_auth_group` `AuthGroup` ON `AuthGroupAccess`.`group_id`=`AuthGroup`.`id` WHERE  (  AuthGroupAccess.uid='1' and AuthGroup.status='normal' ) [ RunTime:0.004246s ]
[ sql ] [ SQL ] SHOW COLUMNS FROM `fa_auth_rule` [ RunTime:0.005057s ]
[ sql ] [ SQL ] SELECT `id`,`pid`,`condition`,`icon`,`name`,`title`,`ismenu` FROM `fa_auth_rule` WHERE  `status` = 'normal' [ RunTime:0.000652s ]
---------------------------------------------------------------
[ 2017-10-02T22:04:21+08:00 ] ::1 ::1 GET /fastadmin/public/admin/index/index
[ info ] localhost:8888/fastadmin/public/admin/index/index [运行时间：0.081609s][吞吐率：12.25req/s] [内存消耗：3,293.14kb] [文件加载：81]
[ info ] [ BEHAVIOR ] Run Closure @app_init [ RunTime:0.000030s ]
[ info ] [ CACHE ] INIT File
[ info ] [ BEHAVIOR ] Run Closure @app_init [ RunTime:0.001129s ]
[ info ] [ LANG ] /Applications/MAMP/htdocs/fastadmin/thinkphp/lang/zh-cn.php
[ info ] [ ROUTE ] array (
  'type' => 'module',
  'module' => 
  array (
    0 => 'admin',
    1 => 'index',
    2 => 'index',
  ),
)
[ info ] [ HEADER ] array (
  'host' => 'localhost:8888',
  'connection' => 'keep-alive',
  'cache-control' => 'max-age=0',
  'upgrade-insecure-requests' => '1',
  'user-agent' => 'Mozilla/5.0 (Macintosh; Intel Mac OS X 10_12_5) AppleWebKit/537.36 (KHTML, like Gecko) Chrome/61.0.3163.100 Safari/537.36',
  'accept' => 'text/html,application/xhtml+xml,application/xml;q=0.9,image/webp,image/apng,*/*;q=0.8',
  'accept-encoding' => 'gzip, deflate, br',
  'accept-language' => 'zh-CN,zh;q=0.8',
  'cookie' => 'PHPSESSID=cbf31d6cfe9f1b58c95394ace288dce0; Hm_lvt_f8d0a8c400404989e195270b0bbf060a=1504681295; Hm_lpvt_f8d0a8c400404989e195270b0bbf060a=1504681381; UM_distinctid=15e6efda9338be-0e1dada421f737-31607e01-232800-15e6efda9358bc; CNZZDATA681872=cnzz_eid%3D414513070-1505100671-%26ntime%3D1506938116; SQLiteManager_currentLangue=2',
)
[ info ] [ PARAM ] array (
)
[ info ] [ LANG ] /Applications/MAMP/htdocs/fastadmin/public/../application/admin/lang/zh-cn.php
[ info ] [ BEHAVIOR ] Run app\common\behavior\Common @module_init [ RunTime:0.000305s ]
[ info ] [ SESSION ] INIT array (
  'id' => '',
  'var_session_id' => '',
  'prefix' => 'think',
  'type' => '',
  'auto_start' => true,
)
[ info ] [ LANG ] /Applications/MAMP/htdocs/fastadmin/public/../application/admin/lang/zh-cn/index.php
[ info ] [ RUN ] app\admin\controller\Index->index[ /Applications/MAMP/htdocs/fastadmin/application/admin/controller/Index.php ]
[ info ] [ DB ] INIT mysql
[ info ] [ VIEW ] /Applications/MAMP/htdocs/fastadmin/public/../application/admin/view/index/index.html [ array (
  0 => 'breadcrumb',
  1 => 'site',
  2 => 'config',
  3 => 'auth',
  4 => 'admin',
  5 => 'menulist',
  6 => 'title',
) ]
[ info ] [ BEHAVIOR ] Run app\admin\behavior\AdminLog @app_end [ RunTime:0.000141s ]
[ info ] [ LOG ] INIT File
[ sql ] [ DB ] CONNECT:[ UseTime:0.000300s ] mysql:dbname=fastadmin;host=localhost;port=8889;charset=utf8
[ sql ] [ SQL ] SHOW COLUMNS FROM `fa_auth_group_access` [ RunTime:0.001674s ]
[ sql ] [ SQL ] SELECT `AuthGroupAccess`.`uid`,`AuthGroupAccess`.`group_id`,`AuthGroup`.`id`,`AuthGroup`.`pid`,`AuthGroup`.`name`,`AuthGroup`.`rules` FROM `fa_auth_group_access` `AuthGroupAccess` LEFT JOIN `fa_auth_group` `AuthGroup` ON `AuthGroupAccess`.`group_id`=`AuthGroup`.`id` WHERE  (  AuthGroupAccess.uid='1' and AuthGroup.status='normal' ) [ RunTime:0.000509s ]
[ sql ] [ SQL ] SHOW COLUMNS FROM `fa_auth_rule` [ RunTime:0.001587s ]
[ sql ] [ SQL ] SELECT `id`,`pid`,`condition`,`icon`,`name`,`title`,`ismenu` FROM `fa_auth_rule` WHERE  `status` = 'normal' [ RunTime:0.000648s ]
---------------------------------------------------------------
[ 2017-10-02T22:04:21+08:00 ] ::1 ::1 GET /fastadmin/public/admin/ajax/lang?callback=define&controllername=index&v=1506953061
[ info ] localhost:8888/fastadmin/public/admin/ajax/lang?callback=define&controllername=index&v=1506953061 [运行时间：0.041340s][吞吐率：24.19req/s] [内存消耗：2,364.44kb] [文件加载：69]
[ info ] [ BEHAVIOR ] Run Closure @app_init [ RunTime:0.000245s ]
[ info ] [ CACHE ] INIT File
[ info ] [ BEHAVIOR ] Run Closure @app_init [ RunTime:0.001471s ]
[ info ] [ LANG ] /Applications/MAMP/htdocs/fastadmin/thinkphp/lang/zh-cn.php
[ info ] [ ROUTE ] array (
  'type' => 'module',
  'module' => 
  array (
    0 => 'admin',
    1 => 'ajax',
    2 => 'lang',
  ),
)
[ info ] [ HEADER ] array (
  'host' => 'localhost:8888',
  'connection' => 'keep-alive',
  'user-agent' => 'Mozilla/5.0 (Macintosh; Intel Mac OS X 10_12_5) AppleWebKit/537.36 (KHTML, like Gecko) Chrome/61.0.3163.100 Safari/537.36',
  'accept' => '*/*',
  'referer' => 'http://localhost:8888/fastadmin/public/admin/index/index',
  'accept-encoding' => 'gzip, deflate, br',
  'accept-language' => 'zh-CN,zh;q=0.8',
  'cookie' => 'PHPSESSID=cbf31d6cfe9f1b58c95394ace288dce0; Hm_lvt_f8d0a8c400404989e195270b0bbf060a=1504681295; Hm_lpvt_f8d0a8c400404989e195270b0bbf060a=1504681381; UM_distinctid=15e6efda9338be-0e1dada421f737-31607e01-232800-15e6efda9358bc; CNZZDATA681872=cnzz_eid%3D414513070-1505100671-%26ntime%3D1506938116; SQLiteManager_currentLangue=2',
)
[ info ] [ PARAM ] array (
  'callback' => 'define',
  'controllername' => 'index',
  'v' => '1506953061',
)
[ info ] [ LANG ] /Applications/MAMP/htdocs/fastadmin/public/../application/admin/lang/zh-cn.php
[ info ] [ BEHAVIOR ] Run app\common\behavior\Common @module_init [ RunTime:0.000316s ]
[ info ] [ SESSION ] INIT array (
  'id' => '',
  'var_session_id' => '',
  'prefix' => 'think',
  'type' => '',
  'auto_start' => true,
)
[ info ] [ RUN ] app\admin\controller\Ajax->lang[ /Applications/MAMP/htdocs/fastadmin/application/admin/controller/Ajax.php ]
[ info ] [ LANG ] /Applications/MAMP/htdocs/fastadmin/public/../application/admin/lang/zh-cn/index.php
[ info ] [ BEHAVIOR ] Run app\admin\behavior\AdminLog @app_end [ RunTime:0.000101s ]
[ info ] [ LOG ] INIT File
---------------------------------------------------------------
[ 2017-10-02T22:04:21+08:00 ] ::1 ::1 GET /fastadmin/public/admin/dashboard?addtabs=1
[ info ] localhost:8888/fastadmin/public/admin/dashboard?addtabs=1 [运行时间：0.067759s][吞吐率：14.76req/s] [内存消耗：3,224.97kb] [文件加载：77]
[ info ] [ BEHAVIOR ] Run Closure @app_init [ RunTime:0.000248s ]
[ info ] [ CACHE ] INIT File
[ info ] [ BEHAVIOR ] Run Closure @app_init [ RunTime:0.001722s ]
[ info ] [ LANG ] /Applications/MAMP/htdocs/fastadmin/thinkphp/lang/zh-cn.php
[ info ] [ ROUTE ] array (
  'type' => 'module',
  'module' => 
  array (
    0 => 'admin',
    1 => 'dashboard',
    2 => NULL,
  ),
)
[ info ] [ HEADER ] array (
  'host' => 'localhost:8888',
  'connection' => 'keep-alive',
  'upgrade-insecure-requests' => '1',
  'user-agent' => 'Mozilla/5.0 (Macintosh; Intel Mac OS X 10_12_5) AppleWebKit/537.36 (KHTML, like Gecko) Chrome/61.0.3163.100 Safari/537.36',
  'accept' => 'text/html,application/xhtml+xml,application/xml;q=0.9,image/webp,image/apng,*/*;q=0.8',
  'referer' => 'http://localhost:8888/fastadmin/public/admin/dashboard?ref=addtabs',
  'accept-encoding' => 'gzip, deflate, br',
  'accept-language' => 'zh-CN,zh;q=0.8',
  'cookie' => 'PHPSESSID=cbf31d6cfe9f1b58c95394ace288dce0; Hm_lvt_f8d0a8c400404989e195270b0bbf060a=1504681295; Hm_lpvt_f8d0a8c400404989e195270b0bbf060a=1504681381; UM_distinctid=15e6efda9338be-0e1dada421f737-31607e01-232800-15e6efda9358bc; CNZZDATA681872=cnzz_eid%3D414513070-1505100671-%26ntime%3D1506938116; SQLiteManager_currentLangue=2',
)
[ info ] [ PARAM ] array (
  'addtabs' => '1',
)
[ info ] [ LANG ] /Applications/MAMP/htdocs/fastadmin/public/../application/admin/lang/zh-cn.php
[ info ] [ BEHAVIOR ] Run app\common\behavior\Common @module_init [ RunTime:0.000350s ]
[ info ] [ SESSION ] INIT array (
  'id' => '',
  'var_session_id' => '',
  'prefix' => 'think',
  'type' => '',
  'auto_start' => true,
)
[ info ] [ DB ] INIT mysql
[ info ] [ RUN ] app\admin\controller\Dashboard->index[ /Applications/MAMP/htdocs/fastadmin/application/admin/controller/Dashboard.php ]
[ info ] [ VIEW ] /Applications/MAMP/htdocs/fastadmin/public/../application/admin/view/dashboard/index.html [ array (
  0 => 'breadcrumb',
  1 => 'site',
  2 => 'config',
  3 => 'auth',
  4 => 'admin',
  5 => 'totaluser',
  6 => 'totalviews',
  7 => 'totalorder',
  8 => 'totalorderamount',
  9 => 'todayuserlogin',
  10 => 'todayusersignup',
  11 => 'todayorder',
  12 => 'todayunsettleorder',
  13 => 'sevendnu',
  14 => 'sevendau',
  15 => 'paylist',
  16 => 'createlist',
) ]
[ info ] [ BEHAVIOR ] Run app\admin\behavior\AdminLog @app_end [ RunTime:0.000124s ]
[ info ] [ LOG ] INIT File
[ sql ] [ DB ] CONNECT:[ UseTime:0.000458s ] mysql:dbname=fastadmin;host=localhost;port=8889;charset=utf8
[ sql ] [ SQL ] SHOW COLUMNS FROM `fa_auth_group_access` [ RunTime:0.001837s ]
[ sql ] [ SQL ] SELECT `AuthGroupAccess`.`uid`,`AuthGroupAccess`.`group_id`,`AuthGroup`.`id`,`AuthGroup`.`pid`,`AuthGroup`.`name`,`AuthGroup`.`rules` FROM `fa_auth_group_access` `AuthGroupAccess` LEFT JOIN `fa_auth_group` `AuthGroup` ON `AuthGroupAccess`.`group_id`=`AuthGroup`.`id` WHERE  (  AuthGroupAccess.uid='1' and AuthGroup.status='normal' ) [ RunTime:0.001114s ]
[ sql ] [ SQL ] SHOW COLUMNS FROM `fa_auth_rule` [ RunTime:0.003020s ]
[ sql ] [ SQL ] SELECT `id`,`pid`,`condition`,`icon`,`name`,`title`,`ismenu` FROM `fa_auth_rule` WHERE  `status` = 'normal' [ RunTime:0.000628s ]
---------------------------------------------------------------
[ 2017-10-02T22:04:21+08:00 ] ::1 ::1 GET /fastadmin/public/admin/ajax/lang?callback=define&controllername=dashboard&v=1506953061
[ info ] localhost:8888/fastadmin/public/admin/ajax/lang?callback=define&controllername=dashboard&v=1506953061 [运行时间：0.035772s][吞吐率：27.95req/s] [内存消耗：2,360.78kb] [文件加载：68]
[ info ] [ BEHAVIOR ] Run Closure @app_init [ RunTime:0.000034s ]
[ info ] [ CACHE ] INIT File
[ info ] [ BEHAVIOR ] Run Closure @app_init [ RunTime:0.001202s ]
[ info ] [ LANG ] /Applications/MAMP/htdocs/fastadmin/thinkphp/lang/zh-cn.php
[ info ] [ ROUTE ] array (
  'type' => 'module',
  'module' => 
  array (
    0 => 'admin',
    1 => 'ajax',
    2 => 'lang',
  ),
)
[ info ] [ HEADER ] array (
  'host' => 'localhost:8888',
  'connection' => 'keep-alive',
  'user-agent' => 'Mozilla/5.0 (Macintosh; Intel Mac OS X 10_12_5) AppleWebKit/537.36 (KHTML, like Gecko) Chrome/61.0.3163.100 Safari/537.36',
  'accept' => '*/*',
  'referer' => 'http://localhost:8888/fastadmin/public/admin/dashboard?addtabs=1',
  'accept-encoding' => 'gzip, deflate, br',
  'accept-language' => 'zh-CN,zh;q=0.8',
  'cookie' => 'PHPSESSID=cbf31d6cfe9f1b58c95394ace288dce0; Hm_lvt_f8d0a8c400404989e195270b0bbf060a=1504681295; Hm_lpvt_f8d0a8c400404989e195270b0bbf060a=1504681381; UM_distinctid=15e6efda9338be-0e1dada421f737-31607e01-232800-15e6efda9358bc; CNZZDATA681872=cnzz_eid%3D414513070-1505100671-%26ntime%3D1506938116; SQLiteManager_currentLangue=2',
)
[ info ] [ PARAM ] array (
  'callback' => 'define',
  'controllername' => 'dashboard',
  'v' => '1506953061',
)
[ info ] [ LANG ] /Applications/MAMP/htdocs/fastadmin/public/../application/admin/lang/zh-cn.php
[ info ] [ BEHAVIOR ] Run app\common\behavior\Common @module_init [ RunTime:0.000206s ]
[ info ] [ SESSION ] INIT array (
  'id' => '',
  'var_session_id' => '',
  'prefix' => 'think',
  'type' => '',
  'auto_start' => true,
)
[ info ] [ RUN ] app\admin\controller\Ajax->lang[ /Applications/MAMP/htdocs/fastadmin/application/admin/controller/Ajax.php ]
[ info ] [ BEHAVIOR ] Run app\admin\behavior\AdminLog @app_end [ RunTime:0.000127s ]
[ info ] [ LOG ] INIT File
---------------------------------------------------------------
[ 2017-10-02T22:19:50+08:00 ] ::1 ::1 GET /fastadmin/public/admin/category?addtabs=1
[ info ] localhost:8888/fastadmin/public/admin/category?addtabs=1 [运行时间：0.066343s][吞吐率：15.07req/s] [内存消耗：3,195.62kb] [文件加载：78]
[ info ] [ BEHAVIOR ] Run Closure @app_init [ RunTime:0.000234s ]
[ info ] [ CACHE ] INIT File
[ info ] [ BEHAVIOR ] Run Closure @app_init [ RunTime:0.001603s ]
[ info ] [ LANG ] /Applications/MAMP/htdocs/fastadmin/thinkphp/lang/zh-cn.php
[ info ] [ ROUTE ] array (
  'type' => 'module',
  'module' => 
  array (
    0 => 'admin',
    1 => 'category',
    2 => NULL,
  ),
)
[ info ] [ HEADER ] array (
  'host' => 'localhost:8888',
  'connection' => 'keep-alive',
  'upgrade-insecure-requests' => '1',
  'user-agent' => 'Mozilla/5.0 (Macintosh; Intel Mac OS X 10_12_5) AppleWebKit/537.36 (KHTML, like Gecko) Chrome/61.0.3163.100 Safari/537.36',
  'accept' => 'text/html,application/xhtml+xml,application/xml;q=0.9,image/webp,image/apng,*/*;q=0.8',
  'referer' => 'http://localhost:8888/fastadmin/public/admin/category?ref=addtabs',
  'accept-encoding' => 'gzip, deflate, br',
  'accept-language' => 'zh-CN,zh;q=0.8',
  'cookie' => 'PHPSESSID=cbf31d6cfe9f1b58c95394ace288dce0; Hm_lvt_f8d0a8c400404989e195270b0bbf060a=1504681295; Hm_lpvt_f8d0a8c400404989e195270b0bbf060a=1504681381; UM_distinctid=15e6efda9338be-0e1dada421f737-31607e01-232800-15e6efda9358bc; CNZZDATA681872=cnzz_eid%3D414513070-1505100671-%26ntime%3D1506938116; SQLiteManager_currentLangue=2',
)
[ info ] [ PARAM ] array (
  'addtabs' => '1',
)
[ info ] [ LANG ] /Applications/MAMP/htdocs/fastadmin/public/../application/admin/lang/zh-cn.php
[ info ] [ BEHAVIOR ] Run app\common\behavior\Common @module_init [ RunTime:0.000352s ]
[ info ] [ SESSION ] INIT array (
  'id' => '',
  'var_session_id' => '',
  'prefix' => 'think',
  'type' => '',
  'auto_start' => true,
)
[ info ] [ DB ] INIT mysql
[ info ] [ LANG ] /Applications/MAMP/htdocs/fastadmin/public/../application/admin/lang/zh-cn/category.php
[ info ] [ RUN ] app\admin\controller\Category->index[ /Applications/MAMP/htdocs/fastadmin/application/admin/controller/Category.php ]
[ info ] [ VIEW ] /Applications/MAMP/htdocs/fastadmin/public/../application/admin/view/category/index.html [ array (
  0 => 'breadcrumb',
  1 => 'site',
  2 => 'config',
  3 => 'auth',
  4 => 'admin',
  5 => 'flagList',
  6 => 'typeList',
  7 => 'parentList',
) ]
[ info ] [ BEHAVIOR ] Run app\admin\behavior\AdminLog @app_end [ RunTime:0.000105s ]
[ info ] [ LOG ] INIT File
[ sql ] [ DB ] CONNECT:[ UseTime:0.000397s ] mysql:dbname=fastadmin;host=localhost;port=8889;charset=utf8
[ sql ] [ SQL ] SHOW COLUMNS FROM `fa_auth_group_access` [ RunTime:0.001793s ]
[ sql ] [ SQL ] SELECT `AuthGroupAccess`.`uid`,`AuthGroupAccess`.`group_id`,`AuthGroup`.`id`,`AuthGroup`.`pid`,`AuthGroup`.`name`,`AuthGroup`.`rules` FROM `fa_auth_group_access` `AuthGroupAccess` LEFT JOIN `fa_auth_group` `AuthGroup` ON `AuthGroupAccess`.`group_id`=`AuthGroup`.`id` WHERE  (  AuthGroupAccess.uid='1' and AuthGroup.status='normal' ) [ RunTime:0.000552s ]
[ sql ] [ SQL ] SHOW COLUMNS FROM `fa_auth_rule` [ RunTime:0.001427s ]
[ sql ] [ SQL ] SELECT `id`,`pid`,`condition`,`icon`,`name`,`title`,`ismenu` FROM `fa_auth_rule` WHERE  `status` = 'normal' [ RunTime:0.000567s ]
[ sql ] [ SQL ] SHOW COLUMNS FROM `fa_category` [ RunTime:0.004881s ]
[ sql ] [ SQL ] SELECT * FROM `fa_category` ORDER BY weigh desc,id desc [ RunTime:0.000625s ]
[ sql ] [ SQL ] SELECT `title`,`remark` FROM `fa_auth_rule` WHERE  `name` = '/admin/category' LIMIT 1 [ RunTime:0.000326s ]
---------------------------------------------------------------
[ 2017-10-02T22:19:50+08:00 ] ::1 ::1 GET /fastadmin/public/admin/ajax/lang?callback=define&controllername=category&v=1506953990
[ info ] localhost:8888/fastadmin/public/admin/ajax/lang?callback=define&controllername=category&v=1506953990 [运行时间：0.042797s][吞吐率：23.37req/s] [内存消耗：2,361.59kb] [文件加载：69]
[ info ] [ BEHAVIOR ] Run Closure @app_init [ RunTime:0.000221s ]
[ info ] [ CACHE ] INIT File
[ info ] [ BEHAVIOR ] Run Closure @app_init [ RunTime:0.001240s ]
[ info ] [ LANG ] /Applications/MAMP/htdocs/fastadmin/thinkphp/lang/zh-cn.php
[ info ] [ ROUTE ] array (
  'type' => 'module',
  'module' => 
  array (
    0 => 'admin',
    1 => 'ajax',
    2 => 'lang',
  ),
)
[ info ] [ HEADER ] array (
  'host' => 'localhost:8888',
  'connection' => 'keep-alive',
  'user-agent' => 'Mozilla/5.0 (Macintosh; Intel Mac OS X 10_12_5) AppleWebKit/537.36 (KHTML, like Gecko) Chrome/61.0.3163.100 Safari/537.36',
  'accept' => '*/*',
  'referer' => 'http://localhost:8888/fastadmin/public/admin/category?addtabs=1',
  'accept-encoding' => 'gzip, deflate, br',
  'accept-language' => 'zh-CN,zh;q=0.8',
  'cookie' => 'PHPSESSID=cbf31d6cfe9f1b58c95394ace288dce0; Hm_lvt_f8d0a8c400404989e195270b0bbf060a=1504681295; Hm_lpvt_f8d0a8c400404989e195270b0bbf060a=1504681381; UM_distinctid=15e6efda9338be-0e1dada421f737-31607e01-232800-15e6efda9358bc; CNZZDATA681872=cnzz_eid%3D414513070-1505100671-%26ntime%3D1506938116; SQLiteManager_currentLangue=2',
)
[ info ] [ PARAM ] array (
  'callback' => 'define',
  'controllername' => 'category',
  'v' => '1506953990',
)
[ info ] [ LANG ] /Applications/MAMP/htdocs/fastadmin/public/../application/admin/lang/zh-cn.php
[ info ] [ BEHAVIOR ] Run app\common\behavior\Common @module_init [ RunTime:0.000245s ]
[ info ] [ SESSION ] INIT array (
  'id' => '',
  'var_session_id' => '',
  'prefix' => 'think',
  'type' => '',
  'auto_start' => true,
)
[ info ] [ RUN ] app\admin\controller\Ajax->lang[ /Applications/MAMP/htdocs/fastadmin/application/admin/controller/Ajax.php ]
[ info ] [ LANG ] /Applications/MAMP/htdocs/fastadmin/public/../application/admin/lang/zh-cn/category.php
[ info ] [ BEHAVIOR ] Run app\admin\behavior\AdminLog @app_end [ RunTime:0.000099s ]
[ info ] [ LOG ] INIT File
---------------------------------------------------------------
[ 2017-10-02T22:19:50+08:00 ] ::1 ::1 GET /fastadmin/public/admin/category/index?sort=weigh&order=desc&_=1506953990443
[ info ] localhost:8888/fastadmin/public/admin/category/index?sort=weigh&order=desc&_=1506953990443 [运行时间：0.063782s][吞吐率：15.68req/s] [内存消耗：3,235.21kb] [文件加载：78]
[ info ] [ BEHAVIOR ] Run Closure @app_init [ RunTime:0.000239s ]
[ info ] [ CACHE ] INIT File
[ info ] [ BEHAVIOR ] Run Closure @app_init [ RunTime:0.001687s ]
[ info ] [ LANG ] /Applications/MAMP/htdocs/fastadmin/thinkphp/lang/zh-cn.php
[ info ] [ ROUTE ] array (
  'type' => 'module',
  'module' => 
  array (
    0 => 'admin',
    1 => 'category',
    2 => 'index',
  ),
)
[ info ] [ HEADER ] array (
  'host' => 'localhost:8888',
  'connection' => 'keep-alive',
  'accept' => 'application/json, text/javascript, */*; q=0.01',
  'x-requested-with' => 'XMLHttpRequest',
  'user-agent' => 'Mozilla/5.0 (Macintosh; Intel Mac OS X 10_12_5) AppleWebKit/537.36 (KHTML, like Gecko) Chrome/61.0.3163.100 Safari/537.36',
  'content-type' => 'application/json',
  'referer' => 'http://localhost:8888/fastadmin/public/admin/category?addtabs=1',
  'accept-encoding' => 'gzip, deflate, br',
  'accept-language' => 'zh-CN,zh;q=0.8',
  'cookie' => 'PHPSESSID=cbf31d6cfe9f1b58c95394ace288dce0; Hm_lvt_f8d0a8c400404989e195270b0bbf060a=1504681295; Hm_lpvt_f8d0a8c400404989e195270b0bbf060a=1504681381; UM_distinctid=15e6efda9338be-0e1dada421f737-31607e01-232800-15e6efda9358bc; CNZZDATA681872=cnzz_eid%3D414513070-1505100671-%26ntime%3D1506938116; SQLiteManager_currentLangue=2',
)
[ info ] [ PARAM ] array (
  'sort' => 'weigh',
  'order' => 'desc',
  '_' => '1506953990443',
)
[ info ] [ LANG ] /Applications/MAMP/htdocs/fastadmin/public/../application/admin/lang/zh-cn.php
[ info ] [ BEHAVIOR ] Run app\common\behavior\Common @module_init [ RunTime:0.000294s ]
[ info ] [ SESSION ] INIT array (
  'id' => '',
  'var_session_id' => '',
  'prefix' => 'think',
  'type' => '',
  'auto_start' => true,
)
[ info ] [ DB ] INIT mysql
[ info ] [ LANG ] /Applications/MAMP/htdocs/fastadmin/public/../application/admin/lang/zh-cn/category.php
[ info ] [ RUN ] app\admin\controller\Category->index[ /Applications/MAMP/htdocs/fastadmin/application/admin/controller/Category.php ]
[ info ] [ BEHAVIOR ] Run app\admin\behavior\AdminLog @app_end [ RunTime:0.000103s ]
[ info ] [ LOG ] INIT File
[ sql ] [ DB ] CONNECT:[ UseTime:0.000427s ] mysql:dbname=fastadmin;host=localhost;port=8889;charset=utf8
[ sql ] [ SQL ] SHOW COLUMNS FROM `fa_auth_group_access` [ RunTime:0.001735s ]
[ sql ] [ SQL ] SELECT `AuthGroupAccess`.`uid`,`AuthGroupAccess`.`group_id`,`AuthGroup`.`id`,`AuthGroup`.`pid`,`AuthGroup`.`name`,`AuthGroup`.`rules` FROM `fa_auth_group_access` `AuthGroupAccess` LEFT JOIN `fa_auth_group` `AuthGroup` ON `AuthGroupAccess`.`group_id`=`AuthGroup`.`id` WHERE  (  AuthGroupAccess.uid='1' and AuthGroup.status='normal' ) [ RunTime:0.000513s ]
[ sql ] [ SQL ] SHOW COLUMNS FROM `fa_auth_rule` [ RunTime:0.001594s ]
[ sql ] [ SQL ] SELECT `id`,`pid`,`condition`,`icon`,`name`,`title`,`ismenu` FROM `fa_auth_rule` WHERE  `status` = 'normal' [ RunTime:0.000565s ]
[ sql ] [ SQL ] SHOW COLUMNS FROM `fa_category` [ RunTime:0.001721s ]
[ sql ] [ SQL ] SELECT * FROM `fa_category` ORDER BY weigh desc,id desc [ RunTime:0.000578s ]
---------------------------------------------------------------
[ 2017-10-02T22:19:58+08:00 ] ::1 ::1 GET /fastadmin/public/admin/addon?addtabs=1
[ info ] localhost:8888/fastadmin/public/admin/addon?addtabs=1 [运行时间：0.061328s][吞吐率：16.31req/s] [内存消耗：3,170.05kb] [文件加载：77]
[ info ] [ BEHAVIOR ] Run Closure @app_init [ RunTime:0.000312s ]
[ info ] [ CACHE ] INIT File
[ info ] [ BEHAVIOR ] Run Closure @app_init [ RunTime:0.001493s ]
[ info ] [ LANG ] /Applications/MAMP/htdocs/fastadmin/thinkphp/lang/zh-cn.php
[ info ] [ ROUTE ] array (
  'type' => 'module',
  'module' => 
  array (
    0 => 'admin',
    1 => 'addon',
    2 => NULL,
  ),
)
[ info ] [ HEADER ] array (
  'host' => 'localhost:8888',
  'connection' => 'keep-alive',
  'upgrade-insecure-requests' => '1',
  'user-agent' => 'Mozilla/5.0 (Macintosh; Intel Mac OS X 10_12_5) AppleWebKit/537.36 (KHTML, like Gecko) Chrome/61.0.3163.100 Safari/537.36',
  'accept' => 'text/html,application/xhtml+xml,application/xml;q=0.9,image/webp,image/apng,*/*;q=0.8',
  'referer' => 'http://localhost:8888/fastadmin/public/admin/addon?ref=addtabs',
  'accept-encoding' => 'gzip, deflate, br',
  'accept-language' => 'zh-CN,zh;q=0.8',
  'cookie' => 'PHPSESSID=cbf31d6cfe9f1b58c95394ace288dce0; Hm_lvt_f8d0a8c400404989e195270b0bbf060a=1504681295; Hm_lpvt_f8d0a8c400404989e195270b0bbf060a=1504681381; UM_distinctid=15e6efda9338be-0e1dada421f737-31607e01-232800-15e6efda9358bc; CNZZDATA681872=cnzz_eid%3D414513070-1505100671-%26ntime%3D1506938116; SQLiteManager_currentLangue=2',
)
[ info ] [ PARAM ] array (
  'addtabs' => '1',
)
[ info ] [ LANG ] /Applications/MAMP/htdocs/fastadmin/public/../application/admin/lang/zh-cn.php
[ info ] [ BEHAVIOR ] Run app\common\behavior\Common @module_init [ RunTime:0.000287s ]
[ info ] [ SESSION ] INIT array (
  'id' => '',
  'var_session_id' => '',
  'prefix' => 'think',
  'type' => '',
  'auto_start' => true,
)
[ info ] [ DB ] INIT mysql
[ info ] [ LANG ] /Applications/MAMP/htdocs/fastadmin/public/../application/admin/lang/zh-cn/addon.php
[ info ] [ RUN ] app\admin\controller\Addon->index[ /Applications/MAMP/htdocs/fastadmin/application/admin/controller/Addon.php ]
[ info ] [ VIEW ] /Applications/MAMP/htdocs/fastadmin/public/../application/admin/view/addon/index.html [ array (
  0 => 'breadcrumb',
  1 => 'site',
  2 => 'config',
  3 => 'auth',
  4 => 'admin',
) ]
[ info ] [ BEHAVIOR ] Run app\admin\behavior\AdminLog @app_end [ RunTime:0.000109s ]
[ info ] [ LOG ] INIT File
[ sql ] [ DB ] CONNECT:[ UseTime:0.000453s ] mysql:dbname=fastadmin;host=localhost;port=8889;charset=utf8
[ sql ] [ SQL ] SHOW COLUMNS FROM `fa_auth_group_access` [ RunTime:0.001707s ]
[ sql ] [ SQL ] SELECT `AuthGroupAccess`.`uid`,`AuthGroupAccess`.`group_id`,`AuthGroup`.`id`,`AuthGroup`.`pid`,`AuthGroup`.`name`,`AuthGroup`.`rules` FROM `fa_auth_group_access` `AuthGroupAccess` LEFT JOIN `fa_auth_group` `AuthGroup` ON `AuthGroupAccess`.`group_id`=`AuthGroup`.`id` WHERE  (  AuthGroupAccess.uid='1' and AuthGroup.status='normal' ) [ RunTime:0.000522s ]
[ sql ] [ SQL ] SHOW COLUMNS FROM `fa_auth_rule` [ RunTime:0.001759s ]
[ sql ] [ SQL ] SELECT `id`,`pid`,`condition`,`icon`,`name`,`title`,`ismenu` FROM `fa_auth_rule` WHERE  `status` = 'normal' [ RunTime:0.000606s ]
[ sql ] [ SQL ] SELECT `title`,`remark` FROM `fa_auth_rule` WHERE  `name` = '/admin/addon' LIMIT 1 [ RunTime:0.000398s ]
---------------------------------------------------------------
[ 2017-10-02T22:19:58+08:00 ] ::1 ::1 GET /fastadmin/public/admin/ajax/lang?callback=define&controllername=addon&v=1506953998
[ info ] localhost:8888/fastadmin/public/admin/ajax/lang?callback=define&controllername=addon&v=1506953998 [运行时间：0.036555s][吞吐率：27.36req/s] [内存消耗：2,361.29kb] [文件加载：69]
[ info ] [ BEHAVIOR ] Run Closure @app_init [ RunTime:0.000028s ]
[ info ] [ CACHE ] INIT File
[ info ] [ BEHAVIOR ] Run Closure @app_init [ RunTime:0.001133s ]
[ info ] [ LANG ] /Applications/MAMP/htdocs/fastadmin/thinkphp/lang/zh-cn.php
[ info ] [ ROUTE ] array (
  'type' => 'module',
  'module' => 
  array (
    0 => 'admin',
    1 => 'ajax',
    2 => 'lang',
  ),
)
[ info ] [ HEADER ] array (
  'host' => 'localhost:8888',
  'connection' => 'keep-alive',
  'user-agent' => 'Mozilla/5.0 (Macintosh; Intel Mac OS X 10_12_5) AppleWebKit/537.36 (KHTML, like Gecko) Chrome/61.0.3163.100 Safari/537.36',
  'accept' => '*/*',
  'referer' => 'http://localhost:8888/fastadmin/public/admin/addon?addtabs=1',
  'accept-encoding' => 'gzip, deflate, br',
  'accept-language' => 'zh-CN,zh;q=0.8',
  'cookie' => 'PHPSESSID=cbf31d6cfe9f1b58c95394ace288dce0; Hm_lvt_f8d0a8c400404989e195270b0bbf060a=1504681295; Hm_lpvt_f8d0a8c400404989e195270b0bbf060a=1504681381; UM_distinctid=15e6efda9338be-0e1dada421f737-31607e01-232800-15e6efda9358bc; CNZZDATA681872=cnzz_eid%3D414513070-1505100671-%26ntime%3D1506938116; SQLiteManager_currentLangue=2',
)
[ info ] [ PARAM ] array (
  'callback' => 'define',
  'controllername' => 'addon',
  'v' => '1506953998',
)
[ info ] [ LANG ] /Applications/MAMP/htdocs/fastadmin/public/../application/admin/lang/zh-cn.php
[ info ] [ BEHAVIOR ] Run app\common\behavior\Common @module_init [ RunTime:0.000382s ]
[ info ] [ SESSION ] INIT array (
  'id' => '',
  'var_session_id' => '',
  'prefix' => 'think',
  'type' => '',
  'auto_start' => true,
)
[ info ] [ RUN ] app\admin\controller\Ajax->lang[ /Applications/MAMP/htdocs/fastadmin/application/admin/controller/Ajax.php ]
[ info ] [ LANG ] /Applications/MAMP/htdocs/fastadmin/public/../application/admin/lang/zh-cn/addon.php
[ info ] [ BEHAVIOR ] Run app\admin\behavior\AdminLog @app_end [ RunTime:0.000103s ]
[ info ] [ LOG ] INIT File
---------------------------------------------------------------
[ 2017-10-02T22:39:30+08:00 ] ::1 ::1 GET /fastadmin/public/admin/index/index
[ info ] localhost:8888/fastadmin/public/admin/index/index [运行时间：0.078488s][吞吐率：12.74req/s] [内存消耗：3,292.57kb] [文件加载：81]
[ info ] [ BEHAVIOR ] Run Closure @app_init [ RunTime:0.000030s ]
[ info ] [ CACHE ] INIT File
[ info ] [ BEHAVIOR ] Run Closure @app_init [ RunTime:0.001173s ]
[ info ] [ LANG ] /Applications/MAMP/htdocs/fastadmin/thinkphp/lang/zh-cn.php
[ info ] [ ROUTE ] array (
  'type' => 'module',
  'module' => 
  array (
    0 => 'admin',
    1 => 'index',
    2 => 'index',
  ),
)
[ info ] [ HEADER ] array (
  'host' => 'localhost:8888',
  'connection' => 'keep-alive',
  'user-agent' => 'Mozilla/5.0 (Macintosh; Intel Mac OS X 10_12_5) AppleWebKit/537.36 (KHTML, like Gecko) Chrome/61.0.3163.100 Safari/537.36',
  'upgrade-insecure-requests' => '1',
  'accept' => 'text/html,application/xhtml+xml,application/xml;q=0.9,image/webp,image/apng,*/*;q=0.8',
  'accept-encoding' => 'gzip, deflate, br',
  'accept-language' => 'zh-CN,zh;q=0.8',
  'cookie' => 'PHPSESSID=cbf31d6cfe9f1b58c95394ace288dce0; Hm_lvt_f8d0a8c400404989e195270b0bbf060a=1504681295; Hm_lpvt_f8d0a8c400404989e195270b0bbf060a=1504681381; UM_distinctid=15e6efda9338be-0e1dada421f737-31607e01-232800-15e6efda9358bc; CNZZDATA681872=cnzz_eid%3D414513070-1505100671-%26ntime%3D1506938116; SQLiteManager_currentLangue=2',
)
[ info ] [ PARAM ] array (
)
[ info ] [ LANG ] /Applications/MAMP/htdocs/fastadmin/public/../application/admin/lang/zh-cn.php
[ info ] [ BEHAVIOR ] Run app\common\behavior\Common @module_init [ RunTime:0.000198s ]
[ info ] [ SESSION ] INIT array (
  'id' => '',
  'var_session_id' => '',
  'prefix' => 'think',
  'type' => '',
  'auto_start' => true,
)
[ info ] [ LANG ] /Applications/MAMP/htdocs/fastadmin/public/../application/admin/lang/zh-cn/index.php
[ info ] [ RUN ] app\admin\controller\Index->index[ /Applications/MAMP/htdocs/fastadmin/application/admin/controller/Index.php ]
[ info ] [ DB ] INIT mysql
[ info ] [ VIEW ] /Applications/MAMP/htdocs/fastadmin/public/../application/admin/view/index/index.html [ array (
  0 => 'breadcrumb',
  1 => 'site',
  2 => 'config',
  3 => 'auth',
  4 => 'admin',
  5 => 'menulist',
  6 => 'title',
) ]
[ info ] [ BEHAVIOR ] Run app\admin\behavior\AdminLog @app_end [ RunTime:0.000114s ]
[ info ] [ LOG ] INIT File
[ sql ] [ DB ] CONNECT:[ UseTime:0.000309s ] mysql:dbname=fastadmin;host=localhost;port=8889;charset=utf8
[ sql ] [ SQL ] SHOW COLUMNS FROM `fa_auth_group_access` [ RunTime:0.002807s ]
[ sql ] [ SQL ] SELECT `AuthGroupAccess`.`uid`,`AuthGroupAccess`.`group_id`,`AuthGroup`.`id`,`AuthGroup`.`pid`,`AuthGroup`.`name`,`AuthGroup`.`rules` FROM `fa_auth_group_access` `AuthGroupAccess` LEFT JOIN `fa_auth_group` `AuthGroup` ON `AuthGroupAccess`.`group_id`=`AuthGroup`.`id` WHERE  (  AuthGroupAccess.uid='1' and AuthGroup.status='normal' ) [ RunTime:0.001257s ]
[ sql ] [ SQL ] SHOW COLUMNS FROM `fa_auth_rule` [ RunTime:0.001848s ]
[ sql ] [ SQL ] SELECT `id`,`pid`,`condition`,`icon`,`name`,`title`,`ismenu` FROM `fa_auth_rule` WHERE  `status` = 'normal' [ RunTime:0.000688s ]
---------------------------------------------------------------
[ 2017-10-02T22:39:36+08:00 ] ::1 ::1 GET /fastadmin/public/admin/index/index
[ info ] localhost:8888/fastadmin/public/admin/index/index [运行时间：0.074329s][吞吐率：13.45req/s] [内存消耗：3,292.57kb] [文件加载：81]
[ info ] [ BEHAVIOR ] Run Closure @app_init [ RunTime:0.000388s ]
[ info ] [ CACHE ] INIT File
[ info ] [ BEHAVIOR ] Run Closure @app_init [ RunTime:0.001404s ]
[ info ] [ LANG ] /Applications/MAMP/htdocs/fastadmin/thinkphp/lang/zh-cn.php
[ info ] [ ROUTE ] array (
  'type' => 'module',
  'module' => 
  array (
    0 => 'admin',
    1 => 'index',
    2 => 'index',
  ),
)
[ info ] [ HEADER ] array (
  'host' => 'localhost:8888',
  'connection' => 'keep-alive',
  'user-agent' => 'Mozilla/5.0 (Macintosh; Intel Mac OS X 10_12_5) AppleWebKit/537.36 (KHTML, like Gecko) Chrome/61.0.3163.100 Safari/537.36',
  'upgrade-insecure-requests' => '1',
  'accept' => 'text/html,application/xhtml+xml,application/xml;q=0.9,image/webp,image/apng,*/*;q=0.8',
  'accept-encoding' => 'gzip, deflate, br',
  'accept-language' => 'zh-CN,zh;q=0.8',
  'cookie' => 'PHPSESSID=cbf31d6cfe9f1b58c95394ace288dce0; Hm_lvt_f8d0a8c400404989e195270b0bbf060a=1504681295; Hm_lpvt_f8d0a8c400404989e195270b0bbf060a=1504681381; UM_distinctid=15e6efda9338be-0e1dada421f737-31607e01-232800-15e6efda9358bc; CNZZDATA681872=cnzz_eid%3D414513070-1505100671-%26ntime%3D1506938116; SQLiteManager_currentLangue=2',
)
[ info ] [ PARAM ] array (
)
[ info ] [ LANG ] /Applications/MAMP/htdocs/fastadmin/public/../application/admin/lang/zh-cn.php
[ info ] [ BEHAVIOR ] Run app\common\behavior\Common @module_init [ RunTime:0.000295s ]
[ info ] [ SESSION ] INIT array (
  'id' => '',
  'var_session_id' => '',
  'prefix' => 'think',
  'type' => '',
  'auto_start' => true,
)
[ info ] [ LANG ] /Applications/MAMP/htdocs/fastadmin/public/../application/admin/lang/zh-cn/index.php
[ info ] [ RUN ] app\admin\controller\Index->index[ /Applications/MAMP/htdocs/fastadmin/application/admin/controller/Index.php ]
[ info ] [ DB ] INIT mysql
[ info ] [ VIEW ] /Applications/MAMP/htdocs/fastadmin/public/../application/admin/view/index/index.html [ array (
  0 => 'breadcrumb',
  1 => 'site',
  2 => 'config',
  3 => 'auth',
  4 => 'admin',
  5 => 'menulist',
  6 => 'title',
) ]
[ info ] [ BEHAVIOR ] Run app\admin\behavior\AdminLog @app_end [ RunTime:0.000103s ]
[ info ] [ LOG ] INIT File
[ sql ] [ DB ] CONNECT:[ UseTime:0.000420s ] mysql:dbname=fastadmin;host=localhost;port=8889;charset=utf8
[ sql ] [ SQL ] SHOW COLUMNS FROM `fa_auth_group_access` [ RunTime:0.001675s ]
[ sql ] [ SQL ] SELECT `AuthGroupAccess`.`uid`,`AuthGroupAccess`.`group_id`,`AuthGroup`.`id`,`AuthGroup`.`pid`,`AuthGroup`.`name`,`AuthGroup`.`rules` FROM `fa_auth_group_access` `AuthGroupAccess` LEFT JOIN `fa_auth_group` `AuthGroup` ON `AuthGroupAccess`.`group_id`=`AuthGroup`.`id` WHERE  (  AuthGroupAccess.uid='1' and AuthGroup.status='normal' ) [ RunTime:0.000539s ]
[ sql ] [ SQL ] SHOW COLUMNS FROM `fa_auth_rule` [ RunTime:0.001626s ]
[ sql ] [ SQL ] SELECT `id`,`pid`,`condition`,`icon`,`name`,`title`,`ismenu` FROM `fa_auth_rule` WHERE  `status` = 'normal' [ RunTime:0.000671s ]
---------------------------------------------------------------
[ 2017-10-02T22:39:36+08:00 ] ::1 ::1 GET /fastadmin/public/admin/ajax/lang?callback=define&controllername=index&v=1506955176
[ info ] localhost:8888/fastadmin/public/admin/ajax/lang?callback=define&controllername=index&v=1506955176 [运行时间：0.038639s][吞吐率：25.88req/s] [内存消耗：2,364.44kb] [文件加载：69]
[ info ] [ BEHAVIOR ] Run Closure @app_init [ RunTime:0.000030s ]
[ info ] [ CACHE ] INIT File
[ info ] [ BEHAVIOR ] Run Closure @app_init [ RunTime:0.001191s ]
[ info ] [ LANG ] /Applications/MAMP/htdocs/fastadmin/thinkphp/lang/zh-cn.php
[ info ] [ ROUTE ] array (
  'type' => 'module',
  'module' => 
  array (
    0 => 'admin',
    1 => 'ajax',
    2 => 'lang',
  ),
)
[ info ] [ HEADER ] array (
  'host' => 'localhost:8888',
  'connection' => 'keep-alive',
  'user-agent' => 'Mozilla/5.0 (Macintosh; Intel Mac OS X 10_12_5) AppleWebKit/537.36 (KHTML, like Gecko) Chrome/61.0.3163.100 Safari/537.36',
  'accept' => '*/*',
  'referer' => 'http://localhost:8888/fastadmin/public/admin/index/index',
  'accept-encoding' => 'gzip, deflate, br',
  'accept-language' => 'zh-CN,zh;q=0.8',
  'cookie' => 'PHPSESSID=cbf31d6cfe9f1b58c95394ace288dce0; Hm_lvt_f8d0a8c400404989e195270b0bbf060a=1504681295; Hm_lpvt_f8d0a8c400404989e195270b0bbf060a=1504681381; UM_distinctid=15e6efda9338be-0e1dada421f737-31607e01-232800-15e6efda9358bc; CNZZDATA681872=cnzz_eid%3D414513070-1505100671-%26ntime%3D1506938116; SQLiteManager_currentLangue=2',
)
[ info ] [ PARAM ] array (
  'callback' => 'define',
  'controllername' => 'index',
  'v' => '1506955176',
)
[ info ] [ LANG ] /Applications/MAMP/htdocs/fastadmin/public/../application/admin/lang/zh-cn.php
[ info ] [ BEHAVIOR ] Run app\common\behavior\Common @module_init [ RunTime:0.000192s ]
[ info ] [ SESSION ] INIT array (
  'id' => '',
  'var_session_id' => '',
  'prefix' => 'think',
  'type' => '',
  'auto_start' => true,
)
[ info ] [ RUN ] app\admin\controller\Ajax->lang[ /Applications/MAMP/htdocs/fastadmin/application/admin/controller/Ajax.php ]
[ info ] [ LANG ] /Applications/MAMP/htdocs/fastadmin/public/../application/admin/lang/zh-cn/index.php
[ info ] [ BEHAVIOR ] Run app\admin\behavior\AdminLog @app_end [ RunTime:0.000101s ]
[ info ] [ LOG ] INIT File
---------------------------------------------------------------
[ 2017-10-02T22:39:36+08:00 ] ::1 ::1 GET /fastadmin/public/admin/dashboard?addtabs=1
[ info ] localhost:8888/fastadmin/public/admin/dashboard?addtabs=1 [运行时间：0.059050s][吞吐率：16.93req/s] [内存消耗：3,224.97kb] [文件加载：77]
[ info ] [ BEHAVIOR ] Run Closure @app_init [ RunTime:0.000030s ]
[ info ] [ CACHE ] INIT File
[ info ] [ BEHAVIOR ] Run Closure @app_init [ RunTime:0.001247s ]
[ info ] [ LANG ] /Applications/MAMP/htdocs/fastadmin/thinkphp/lang/zh-cn.php
[ info ] [ ROUTE ] array (
  'type' => 'module',
  'module' => 
  array (
    0 => 'admin',
    1 => 'dashboard',
    2 => NULL,
  ),
)
[ info ] [ HEADER ] array (
  'host' => 'localhost:8888',
  'connection' => 'keep-alive',
  'upgrade-insecure-requests' => '1',
  'user-agent' => 'Mozilla/5.0 (Macintosh; Intel Mac OS X 10_12_5) AppleWebKit/537.36 (KHTML, like Gecko) Chrome/61.0.3163.100 Safari/537.36',
  'accept' => 'text/html,application/xhtml+xml,application/xml;q=0.9,image/webp,image/apng,*/*;q=0.8',
  'referer' => 'http://localhost:8888/fastadmin/public/admin/dashboard?ref=addtabs',
  'accept-encoding' => 'gzip, deflate, br',
  'accept-language' => 'zh-CN,zh;q=0.8',
  'cookie' => 'PHPSESSID=cbf31d6cfe9f1b58c95394ace288dce0; Hm_lvt_f8d0a8c400404989e195270b0bbf060a=1504681295; Hm_lpvt_f8d0a8c400404989e195270b0bbf060a=1504681381; UM_distinctid=15e6efda9338be-0e1dada421f737-31607e01-232800-15e6efda9358bc; CNZZDATA681872=cnzz_eid%3D414513070-1505100671-%26ntime%3D1506938116; SQLiteManager_currentLangue=2',
)
[ info ] [ PARAM ] array (
  'addtabs' => '1',
)
[ info ] [ LANG ] /Applications/MAMP/htdocs/fastadmin/public/../application/admin/lang/zh-cn.php
[ info ] [ BEHAVIOR ] Run app\common\behavior\Common @module_init [ RunTime:0.000210s ]
[ info ] [ SESSION ] INIT array (
  'id' => '',
  'var_session_id' => '',
  'prefix' => 'think',
  'type' => '',
  'auto_start' => true,
)
[ info ] [ DB ] INIT mysql
[ info ] [ RUN ] app\admin\controller\Dashboard->index[ /Applications/MAMP/htdocs/fastadmin/application/admin/controller/Dashboard.php ]
[ info ] [ VIEW ] /Applications/MAMP/htdocs/fastadmin/public/../application/admin/view/dashboard/index.html [ array (
  0 => 'breadcrumb',
  1 => 'site',
  2 => 'config',
  3 => 'auth',
  4 => 'admin',
  5 => 'totaluser',
  6 => 'totalviews',
  7 => 'totalorder',
  8 => 'totalorderamount',
  9 => 'todayuserlogin',
  10 => 'todayusersignup',
  11 => 'todayorder',
  12 => 'todayunsettleorder',
  13 => 'sevendnu',
  14 => 'sevendau',
  15 => 'paylist',
  16 => 'createlist',
) ]
[ info ] [ BEHAVIOR ] Run app\admin\behavior\AdminLog @app_end [ RunTime:0.000102s ]
[ info ] [ LOG ] INIT File
[ sql ] [ DB ] CONNECT:[ UseTime:0.000405s ] mysql:dbname=fastadmin;host=localhost;port=8889;charset=utf8
[ sql ] [ SQL ] SHOW COLUMNS FROM `fa_auth_group_access` [ RunTime:0.002304s ]
[ sql ] [ SQL ] SELECT `AuthGroupAccess`.`uid`,`AuthGroupAccess`.`group_id`,`AuthGroup`.`id`,`AuthGroup`.`pid`,`AuthGroup`.`name`,`AuthGroup`.`rules` FROM `fa_auth_group_access` `AuthGroupAccess` LEFT JOIN `fa_auth_group` `AuthGroup` ON `AuthGroupAccess`.`group_id`=`AuthGroup`.`id` WHERE  (  AuthGroupAccess.uid='1' and AuthGroup.status='normal' ) [ RunTime:0.000651s ]
[ sql ] [ SQL ] SHOW COLUMNS FROM `fa_auth_rule` [ RunTime:0.001886s ]
[ sql ] [ SQL ] SELECT `id`,`pid`,`condition`,`icon`,`name`,`title`,`ismenu` FROM `fa_auth_rule` WHERE  `status` = 'normal' [ RunTime:0.000568s ]
---------------------------------------------------------------
[ 2017-10-02T22:39:37+08:00 ] ::1 ::1 GET /fastadmin/public/admin/ajax/lang?callback=define&controllername=dashboard&v=1506955176
[ info ] localhost:8888/fastadmin/public/admin/ajax/lang?callback=define&controllername=dashboard&v=1506955176 [运行时间：0.038874s][吞吐率：25.72req/s] [内存消耗：2,360.78kb] [文件加载：68]
[ info ] [ BEHAVIOR ] Run Closure @app_init [ RunTime:0.000033s ]
[ info ] [ CACHE ] INIT File
[ info ] [ BEHAVIOR ] Run Closure @app_init [ RunTime:0.001187s ]
[ info ] [ LANG ] /Applications/MAMP/htdocs/fastadmin/thinkphp/lang/zh-cn.php
[ info ] [ ROUTE ] array (
  'type' => 'module',
  'module' => 
  array (
    0 => 'admin',
    1 => 'ajax',
    2 => 'lang',
  ),
)
[ info ] [ HEADER ] array (
  'host' => 'localhost:8888',
  'connection' => 'keep-alive',
  'user-agent' => 'Mozilla/5.0 (Macintosh; Intel Mac OS X 10_12_5) AppleWebKit/537.36 (KHTML, like Gecko) Chrome/61.0.3163.100 Safari/537.36',
  'accept' => '*/*',
  'referer' => 'http://localhost:8888/fastadmin/public/admin/dashboard?addtabs=1',
  'accept-encoding' => 'gzip, deflate, br',
  'accept-language' => 'zh-CN,zh;q=0.8',
  'cookie' => 'PHPSESSID=cbf31d6cfe9f1b58c95394ace288dce0; Hm_lvt_f8d0a8c400404989e195270b0bbf060a=1504681295; Hm_lpvt_f8d0a8c400404989e195270b0bbf060a=1504681381; UM_distinctid=15e6efda9338be-0e1dada421f737-31607e01-232800-15e6efda9358bc; CNZZDATA681872=cnzz_eid%3D414513070-1505100671-%26ntime%3D1506938116; SQLiteManager_currentLangue=2',
)
[ info ] [ PARAM ] array (
  'callback' => 'define',
  'controllername' => 'dashboard',
  'v' => '1506955176',
)
[ info ] [ LANG ] /Applications/MAMP/htdocs/fastadmin/public/../application/admin/lang/zh-cn.php
[ info ] [ BEHAVIOR ] Run app\common\behavior\Common @module_init [ RunTime:0.000191s ]
[ info ] [ SESSION ] INIT array (
  'id' => '',
  'var_session_id' => '',
  'prefix' => 'think',
  'type' => '',
  'auto_start' => true,
)
[ info ] [ RUN ] app\admin\controller\Ajax->lang[ /Applications/MAMP/htdocs/fastadmin/application/admin/controller/Ajax.php ]
[ info ] [ BEHAVIOR ] Run app\admin\behavior\AdminLog @app_end [ RunTime:0.000098s ]
[ info ] [ LOG ] INIT File
---------------------------------------------------------------
[ 2017-10-02T22:39:45+08:00 ] ::1 ::1 GET /fastadmin/public/admin/dashboard?ref=addtabs
[ info ] localhost:8888/fastadmin/public/admin/dashboard?ref=addtabs [运行时间：0.063900s][吞吐率：15.65req/s] [内存消耗：3,061.67kb] [文件加载：75]
[ info ] [ BEHAVIOR ] Run Closure @app_init [ RunTime:0.000267s ]
[ info ] [ CACHE ] INIT File
[ info ] [ BEHAVIOR ] Run Closure @app_init [ RunTime:0.001374s ]
[ info ] [ LANG ] /Applications/MAMP/htdocs/fastadmin/thinkphp/lang/zh-cn.php
[ info ] [ ROUTE ] array (
  'type' => 'module',
  'module' => 
  array (
    0 => 'admin',
    1 => 'dashboard',
    2 => NULL,
  ),
)
[ info ] [ HEADER ] array (
  'host' => 'localhost:8888',
  'connection' => 'keep-alive',
  'user-agent' => 'Mozilla/5.0 (Macintosh; Intel Mac OS X 10_12_5) AppleWebKit/537.36 (KHTML, like Gecko) Chrome/61.0.3163.100 Safari/537.36',
  'accept' => '*/*',
  'accept-encoding' => 'gzip, deflate, br',
  'accept-language' => 'zh-CN,zh;q=0.8',
  'cookie' => 'PHPSESSID=cbf31d6cfe9f1b58c95394ace288dce0; Hm_lvt_f8d0a8c400404989e195270b0bbf060a=1504681295; Hm_lpvt_f8d0a8c400404989e195270b0bbf060a=1504681381; UM_distinctid=15e6efda9338be-0e1dada421f737-31607e01-232800-15e6efda9358bc; CNZZDATA681872=cnzz_eid%3D414513070-1505100671-%26ntime%3D1506938116; SQLiteManager_currentLangue=2',
)
[ info ] [ PARAM ] array (
  'ref' => 'addtabs',
)
[ info ] [ LANG ] /Applications/MAMP/htdocs/fastadmin/public/../application/admin/lang/zh-cn.php
[ info ] [ BEHAVIOR ] Run app\common\behavior\Common @module_init [ RunTime:0.000311s ]
[ info ] [ SESSION ] INIT array (
  'id' => '',
  'var_session_id' => '',
  'prefix' => 'think',
  'type' => '',
  'auto_start' => true,
)
[ info ] [ DB ] INIT mysql
[ info ] [ BEHAVIOR ] Run app\admin\behavior\AdminLog @app_end [ RunTime:0.000120s ]
[ info ] [ LOG ] INIT File
[ sql ] [ DB ] CONNECT:[ UseTime:0.000502s ] mysql:dbname=fastadmin;host=localhost;port=8889;charset=utf8
[ sql ] [ SQL ] SHOW COLUMNS FROM `fa_auth_group_access` [ RunTime:0.002623s ]
[ sql ] [ SQL ] SELECT `AuthGroupAccess`.`uid`,`AuthGroupAccess`.`group_id`,`AuthGroup`.`id`,`AuthGroup`.`pid`,`AuthGroup`.`name`,`AuthGroup`.`rules` FROM `fa_auth_group_access` `AuthGroupAccess` LEFT JOIN `fa_auth_group` `AuthGroup` ON `AuthGroupAccess`.`group_id`=`AuthGroup`.`id` WHERE  (  AuthGroupAccess.uid='1' and AuthGroup.status='normal' ) [ RunTime:0.000854s ]
[ sql ] [ SQL ] SHOW COLUMNS FROM `fa_auth_rule` [ RunTime:0.001947s ]
[ sql ] [ SQL ] SELECT `id`,`pid`,`condition`,`icon`,`name`,`title`,`ismenu` FROM `fa_auth_rule` WHERE  `status` = 'normal' [ RunTime:0.000668s ]
---------------------------------------------------------------
[ 2017-10-02T22:39:45+08:00 ] ::1 ::1 GET /fastadmin/public/admin/index/index
[ info ] localhost:8888/fastadmin/public/admin/index/index [运行时间：0.082708s][吞吐率：12.09req/s] [内存消耗：3,290.71kb] [文件加载：81]
[ info ] [ BEHAVIOR ] Run Closure @app_init [ RunTime:0.000039s ]
[ info ] [ CACHE ] INIT File
[ info ] [ BEHAVIOR ] Run Closure @app_init [ RunTime:0.001506s ]
[ info ] [ LANG ] /Applications/MAMP/htdocs/fastadmin/thinkphp/lang/zh-cn.php
[ info ] [ ROUTE ] array (
  'type' => 'module',
  'module' => 
  array (
    0 => 'admin',
    1 => 'index',
    2 => 'index',
  ),
)
[ info ] [ HEADER ] array (
  'host' => 'localhost:8888',
  'connection' => 'keep-alive',
  'user-agent' => 'Mozilla/5.0 (Macintosh; Intel Mac OS X 10_12_5) AppleWebKit/537.36 (KHTML, like Gecko) Chrome/61.0.3163.100 Safari/537.36',
  'accept' => '*/*',
  'accept-encoding' => 'gzip, deflate, br',
  'accept-language' => 'zh-CN,zh;q=0.8',
  'cookie' => 'PHPSESSID=cbf31d6cfe9f1b58c95394ace288dce0; Hm_lvt_f8d0a8c400404989e195270b0bbf060a=1504681295; Hm_lpvt_f8d0a8c400404989e195270b0bbf060a=1504681381; UM_distinctid=15e6efda9338be-0e1dada421f737-31607e01-232800-15e6efda9358bc; CNZZDATA681872=cnzz_eid%3D414513070-1505100671-%26ntime%3D1506938116; SQLiteManager_currentLangue=2',
)
[ info ] [ PARAM ] array (
)
[ info ] [ LANG ] /Applications/MAMP/htdocs/fastadmin/public/../application/admin/lang/zh-cn.php
[ info ] [ BEHAVIOR ] Run app\common\behavior\Common @module_init [ RunTime:0.000223s ]
[ info ] [ SESSION ] INIT array (
  'id' => '',
  'var_session_id' => '',
  'prefix' => 'think',
  'type' => '',
  'auto_start' => true,
)
[ info ] [ LANG ] /Applications/MAMP/htdocs/fastadmin/public/../application/admin/lang/zh-cn/index.php
[ info ] [ RUN ] app\admin\controller\Index->index[ /Applications/MAMP/htdocs/fastadmin/application/admin/controller/Index.php ]
[ info ] [ DB ] INIT mysql
[ info ] [ VIEW ] /Applications/MAMP/htdocs/fastadmin/public/../application/admin/view/index/index.html [ array (
  0 => 'breadcrumb',
  1 => 'site',
  2 => 'config',
  3 => 'auth',
  4 => 'admin',
  5 => 'menulist',
  6 => 'title',
) ]
[ info ] [ BEHAVIOR ] Run app\admin\behavior\AdminLog @app_end [ RunTime:0.000157s ]
[ info ] [ LOG ] INIT File
[ sql ] [ DB ] CONNECT:[ UseTime:0.000321s ] mysql:dbname=fastadmin;host=localhost;port=8889;charset=utf8
[ sql ] [ SQL ] SHOW COLUMNS FROM `fa_auth_group_access` [ RunTime:0.001480s ]
[ sql ] [ SQL ] SELECT `AuthGroupAccess`.`uid`,`AuthGroupAccess`.`group_id`,`AuthGroup`.`id`,`AuthGroup`.`pid`,`AuthGroup`.`name`,`AuthGroup`.`rules` FROM `fa_auth_group_access` `AuthGroupAccess` LEFT JOIN `fa_auth_group` `AuthGroup` ON `AuthGroupAccess`.`group_id`=`AuthGroup`.`id` WHERE  (  AuthGroupAccess.uid='1' and AuthGroup.status='normal' ) [ RunTime:0.001046s ]
[ sql ] [ SQL ] SHOW COLUMNS FROM `fa_auth_rule` [ RunTime:0.003891s ]
[ sql ] [ SQL ] SELECT `id`,`pid`,`condition`,`icon`,`name`,`title`,`ismenu` FROM `fa_auth_rule` WHERE  `status` = 'normal' [ RunTime:0.000879s ]
---------------------------------------------------------------
[ 2017-10-02T22:39:45+08:00 ] ::1 ::1 GET /fastadmin/public/assets/css/skins/skin-green.css.map
[ info ] localhost:8888/fastadmin/public/assets/css/skins/skin-green.css.map [运行时间：0.028521s][吞吐率：35.06req/s] [内存消耗：1,536.79kb] [文件加载：50]
[ info ] [ BEHAVIOR ] Run Closure @app_init [ RunTime:0.000030s ]
[ info ] [ CACHE ] INIT File
[ info ] [ BEHAVIOR ] Run Closure @app_init [ RunTime:0.001156s ]
[ info ] [ LANG ] /Applications/MAMP/htdocs/fastadmin/thinkphp/lang/zh-cn.php
[ info ] [ ROUTE ] array (
  'type' => 'module',
  'module' => 
  array (
    0 => 'assets',
    1 => 'css',
    2 => 'skins',
  ),
)
[ info ] [ HEADER ] array (
  'host' => 'localhost:8888',
  'connection' => 'keep-alive',
  'cache-control' => 'no-cache',
  'user-agent' => 'Mozilla/5.0 (Macintosh; Intel Mac OS X 10_12_5) AppleWebKit/537.36 (KHTML, like Gecko) Chrome/61.0.3163.100 Safari/537.36',
  'accept-encoding' => 'gzip, deflate, br',
  'accept-language' => 'zh-CN,zh;q=0.8',
  'cookie' => 'PHPSESSID=cbf31d6cfe9f1b58c95394ace288dce0; Hm_lvt_f8d0a8c400404989e195270b0bbf060a=1504681295; Hm_lpvt_f8d0a8c400404989e195270b0bbf060a=1504681381; UM_distinctid=15e6efda9338be-0e1dada421f737-31607e01-232800-15e6efda9358bc; CNZZDATA681872=cnzz_eid%3D414513070-1505100671-%26ntime%3D1506938116; SQLiteManager_currentLangue=2',
)
[ info ] [ PARAM ] array (
)
[ info ] [ LOG ] INIT File
---------------------------------------------------------------
[ 2017-10-02T22:39:45+08:00 ] ::1 ::1 GET /fastadmin/public/assets/css/fastadmin.min.css.map
[ info ] localhost:8888/fastadmin/public/assets/css/fastadmin.min.css.map [运行时间：0.029155s][吞吐率：34.30req/s] [内存消耗：1,536.84kb] [文件加载：50]
[ info ] [ BEHAVIOR ] Run Closure @app_init [ RunTime:0.000031s ]
[ info ] [ CACHE ] INIT File
[ info ] [ BEHAVIOR ] Run Closure @app_init [ RunTime:0.001184s ]
[ info ] [ LANG ] /Applications/MAMP/htdocs/fastadmin/thinkphp/lang/zh-cn.php
[ info ] [ ROUTE ] array (
  'type' => 'module',
  'module' => 
  array (
    0 => 'assets',
    1 => 'css',
    2 => 'fastadmin.min.css.map',
  ),
)
[ info ] [ HEADER ] array (
  'host' => 'localhost:8888',
  'connection' => 'keep-alive',
  'cache-control' => 'no-cache',
  'user-agent' => 'Mozilla/5.0 (Macintosh; Intel Mac OS X 10_12_5) AppleWebKit/537.36 (KHTML, like Gecko) Chrome/61.0.3163.100 Safari/537.36',
  'accept-encoding' => 'gzip, deflate, br',
  'accept-language' => 'zh-CN,zh;q=0.8',
  'cookie' => 'PHPSESSID=cbf31d6cfe9f1b58c95394ace288dce0; Hm_lvt_f8d0a8c400404989e195270b0bbf060a=1504681295; Hm_lpvt_f8d0a8c400404989e195270b0bbf060a=1504681381; UM_distinctid=15e6efda9338be-0e1dada421f737-31607e01-232800-15e6efda9358bc; CNZZDATA681872=cnzz_eid%3D414513070-1505100671-%26ntime%3D1506938116; SQLiteManager_currentLangue=2',
)
[ info ] [ PARAM ] array (
)
[ info ] [ LOG ] INIT File
---------------------------------------------------------------
[ 2017-10-02T22:39:45+08:00 ] ::1 ::1 GET /fastadmin/public/assets/css/backend.css.map
[ info ] localhost:8888/fastadmin/public/assets/css/backend.css.map [运行时间：0.030658s][吞吐率：32.62req/s] [内存消耗：1,536.78kb] [文件加载：50]
[ info ] [ BEHAVIOR ] Run Closure @app_init [ RunTime:0.000027s ]
[ info ] [ CACHE ] INIT File
[ info ] [ BEHAVIOR ] Run Closure @app_init [ RunTime:0.001336s ]
[ info ] [ LANG ] /Applications/MAMP/htdocs/fastadmin/thinkphp/lang/zh-cn.php
[ info ] [ ROUTE ] array (
  'type' => 'module',
  'module' => 
  array (
    0 => 'assets',
    1 => 'css',
    2 => 'backend.css.map',
  ),
)
[ info ] [ HEADER ] array (
  'host' => 'localhost:8888',
  'connection' => 'keep-alive',
  'cache-control' => 'no-cache',
  'user-agent' => 'Mozilla/5.0 (Macintosh; Intel Mac OS X 10_12_5) AppleWebKit/537.36 (KHTML, like Gecko) Chrome/61.0.3163.100 Safari/537.36',
  'accept-encoding' => 'gzip, deflate, br',
  'accept-language' => 'zh-CN,zh;q=0.8',
  'cookie' => 'PHPSESSID=cbf31d6cfe9f1b58c95394ace288dce0; Hm_lvt_f8d0a8c400404989e195270b0bbf060a=1504681295; Hm_lpvt_f8d0a8c400404989e195270b0bbf060a=1504681381; UM_distinctid=15e6efda9338be-0e1dada421f737-31607e01-232800-15e6efda9358bc; CNZZDATA681872=cnzz_eid%3D414513070-1505100671-%26ntime%3D1506938116; SQLiteManager_currentLangue=2',
)
[ info ] [ PARAM ] array (
)
[ info ] [ LOG ] INIT File
---------------------------------------------------------------
[ 2017-10-02T22:39:45+08:00 ] ::1 ::1 GET /fastadmin/public/assets/css/bootstrap.min.css.map
[ info ] localhost:8888/fastadmin/public/assets/css/bootstrap.min.css.map [运行时间：0.030463s][吞吐率：32.83req/s] [内存消耗：1,536.84kb] [文件加载：50]
[ info ] [ BEHAVIOR ] Run Closure @app_init [ RunTime:0.000029s ]
[ info ] [ CACHE ] INIT File
[ info ] [ BEHAVIOR ] Run Closure @app_init [ RunTime:0.001602s ]
[ info ] [ LANG ] /Applications/MAMP/htdocs/fastadmin/thinkphp/lang/zh-cn.php
[ info ] [ ROUTE ] array (
  'type' => 'module',
  'module' => 
  array (
    0 => 'assets',
    1 => 'css',
    2 => 'bootstrap.min.css.map',
  ),
)
[ info ] [ HEADER ] array (
  'host' => 'localhost:8888',
  'connection' => 'keep-alive',
  'cache-control' => 'no-cache',
  'user-agent' => 'Mozilla/5.0 (Macintosh; Intel Mac OS X 10_12_5) AppleWebKit/537.36 (KHTML, like Gecko) Chrome/61.0.3163.100 Safari/537.36',
  'accept-encoding' => 'gzip, deflate, br',
  'accept-language' => 'zh-CN,zh;q=0.8',
  'cookie' => 'PHPSESSID=cbf31d6cfe9f1b58c95394ace288dce0; Hm_lvt_f8d0a8c400404989e195270b0bbf060a=1504681295; Hm_lpvt_f8d0a8c400404989e195270b0bbf060a=1504681381; UM_distinctid=15e6efda9338be-0e1dada421f737-31607e01-232800-15e6efda9358bc; CNZZDATA681872=cnzz_eid%3D414513070-1505100671-%26ntime%3D1506938116; SQLiteManager_currentLangue=2',
)
[ info ] [ PARAM ] array (
)
[ info ] [ LOG ] INIT File
