---------------------------------------------------------------
[ 2017-10-03T21:09:36+08:00 ] ::1 ::1 GET /fastadmin/public/admin/category?addtabs=1
[ info ] localhost:8888/fastadmin/public/admin/category?addtabs=1 [运行时间：0.063570s][吞吐率：15.73req/s] [内存消耗：3,197.34kb] [文件加载：78]
[ info ] [ BEHAVIOR ] Run Closure @app_init [ RunTime:0.000033s ]
[ info ] [ CACHE ] INIT File
[ info ] [ BEHAVIOR ] Run Closure @app_init [ RunTime:0.002236s ]
[ info ] [ LANG ] /Applications/MAMP/htdocs/fastadmin/thinkphp/lang/zh-cn.php
[ info ] [ ROUTE ] array (
  'type' => 'module',
  'module' => 
  array (
    0 => 'admin',
    1 => 'category',
    2 => NULL,
  ),
)
[ info ] [ HEADER ] array (
  'host' => 'localhost:8888',
  'connection' => 'keep-alive',
  'pragma' => 'no-cache',
  'cache-control' => 'no-cache',
  'upgrade-insecure-requests' => '1',
  'user-agent' => 'Mozilla/5.0 (Macintosh; Intel Mac OS X 10_12_5) AppleWebKit/537.36 (KHTML, like Gecko) Chrome/61.0.3163.100 Safari/537.36',
  'accept' => 'text/html,application/xhtml+xml,application/xml;q=0.9,image/webp,image/apng,*/*;q=0.8',
  'referer' => 'http://localhost:8888/fastadmin/public/admin/category?ref=addtabs',
  'accept-encoding' => 'gzip, deflate, br',
  'accept-language' => 'zh-CN,zh;q=0.8',
  'cookie' => 'PHPSESSID=cbf31d6cfe9f1b58c95394ace288dce0; Hm_lvt_f8d0a8c400404989e195270b0bbf060a=1504681295; Hm_lpvt_f8d0a8c400404989e195270b0bbf060a=1504681381; UM_distinctid=15e6efda9338be-0e1dada421f737-31607e01-232800-15e6efda9358bc; CNZZDATA681872=cnzz_eid%3D414513070-1505100671-%26ntime%3D1506938116; SQLiteManager_currentLangue=2',
)
[ info ] [ PARAM ] array (
  'addtabs' => '1',
)
[ info ] [ LANG ] /Applications/MAMP/htdocs/fastadmin/public/../application/admin/lang/zh-cn.php
[ info ] [ BEHAVIOR ] Run app\common\behavior\Common @module_init [ RunTime:0.000221s ]
[ info ] [ SESSION ] INIT array (
  'id' => '',
  'var_session_id' => '',
  'prefix' => 'think',
  'type' => '',
  'auto_start' => true,
)
[ info ] [ DB ] INIT mysql
[ info ] [ LANG ] /Applications/MAMP/htdocs/fastadmin/public/../application/admin/lang/zh-cn/category.php
[ info ] [ RUN ] app\admin\controller\Category->index[ /Applications/MAMP/htdocs/fastadmin/application/admin/controller/Category.php ]
[ info ] [ VIEW ] /Applications/MAMP/htdocs/fastadmin/public/../application/admin/view/category/index.html [ array (
  0 => 'breadcrumb',
  1 => 'site',
  2 => 'config',
  3 => 'auth',
  4 => 'admin',
  5 => 'flagList',
  6 => 'typeList',
  7 => 'parentList',
) ]
[ info ] [ BEHAVIOR ] Run app\admin\behavior\AdminLog @app_end [ RunTime:0.000108s ]
[ info ] [ LOG ] INIT File
[ sql ] [ DB ] CONNECT:[ UseTime:0.000346s ] mysql:dbname=fastadmin;host=localhost;port=8889;charset=utf8
[ sql ] [ SQL ] SHOW COLUMNS FROM `fa_auth_group_access` [ RunTime:0.001785s ]
[ sql ] [ SQL ] SELECT `AuthGroupAccess`.`uid`,`AuthGroupAccess`.`group_id`,`AuthGroup`.`id`,`AuthGroup`.`pid`,`AuthGroup`.`name`,`AuthGroup`.`rules` FROM `fa_auth_group_access` `AuthGroupAccess` LEFT JOIN `fa_auth_group` `AuthGroup` ON `AuthGroupAccess`.`group_id`=`AuthGroup`.`id` WHERE  (  AuthGroupAccess.uid='1' and AuthGroup.status='normal' ) [ RunTime:0.000528s ]
[ sql ] [ SQL ] SHOW COLUMNS FROM `fa_auth_rule` [ RunTime:0.001547s ]
[ sql ] [ SQL ] SELECT `id`,`pid`,`condition`,`icon`,`name`,`title`,`ismenu` FROM `fa_auth_rule` WHERE  `status` = 'normal' [ RunTime:0.000657s ]
[ sql ] [ SQL ] SHOW COLUMNS FROM `fa_category` [ RunTime:0.001704s ]
[ sql ] [ SQL ] SELECT * FROM `fa_category` ORDER BY weigh desc,id desc [ RunTime:0.000650s ]
[ sql ] [ SQL ] SELECT `title`,`remark` FROM `fa_auth_rule` WHERE  `name` = '/admin/category' LIMIT 1 [ RunTime:0.000306s ]
---------------------------------------------------------------
[ 2017-10-03T21:09:36+08:00 ] ::1 ::1 GET /fastadmin/public/assets/css/bootstrap.min.css.map
[ info ] localhost:8888/fastadmin/public/assets/css/bootstrap.min.css.map [运行时间：0.031843s][吞吐率：31.40req/s] [内存消耗：1,536.84kb] [文件加载：50]
[ info ] [ BEHAVIOR ] Run Closure @app_init [ RunTime:0.000039s ]
[ info ] [ CACHE ] INIT File
[ info ] [ BEHAVIOR ] Run Closure @app_init [ RunTime:0.002165s ]
[ info ] [ LANG ] /Applications/MAMP/htdocs/fastadmin/thinkphp/lang/zh-cn.php
[ info ] [ ROUTE ] array (
  'type' => 'module',
  'module' => 
  array (
    0 => 'assets',
    1 => 'css',
    2 => 'bootstrap.min.css.map',
  ),
)
[ info ] [ HEADER ] array (
  'host' => 'localhost:8888',
  'connection' => 'keep-alive',
  'cache-control' => 'no-cache',
  'user-agent' => 'Mozilla/5.0 (Macintosh; Intel Mac OS X 10_12_5) AppleWebKit/537.36 (KHTML, like Gecko) Chrome/61.0.3163.100 Safari/537.36',
  'accept-encoding' => 'gzip, deflate, br',
  'accept-language' => 'zh-CN,zh;q=0.8',
  'cookie' => 'PHPSESSID=cbf31d6cfe9f1b58c95394ace288dce0; Hm_lvt_f8d0a8c400404989e195270b0bbf060a=1504681295; Hm_lpvt_f8d0a8c400404989e195270b0bbf060a=1504681381; UM_distinctid=15e6efda9338be-0e1dada421f737-31607e01-232800-15e6efda9358bc; CNZZDATA681872=cnzz_eid%3D414513070-1505100671-%26ntime%3D1506938116; SQLiteManager_currentLangue=2',
)
[ info ] [ PARAM ] array (
)
[ info ] [ LOG ] INIT File
---------------------------------------------------------------
[ 2017-10-03T21:09:36+08:00 ] ::1 ::1 GET /fastadmin/public/assets/css/backend.css.map
[ info ] localhost:8888/fastadmin/public/assets/css/backend.css.map [运行时间：0.032581s][吞吐率：30.69req/s] [内存消耗：1,536.78kb] [文件加载：50]
[ info ] [ BEHAVIOR ] Run Closure @app_init [ RunTime:0.000039s ]
[ info ] [ CACHE ] INIT File
[ info ] [ BEHAVIOR ] Run Closure @app_init [ RunTime:0.002326s ]
[ info ] [ LANG ] /Applications/MAMP/htdocs/fastadmin/thinkphp/lang/zh-cn.php
[ info ] [ ROUTE ] array (
  'type' => 'module',
  'module' => 
  array (
    0 => 'assets',
    1 => 'css',
    2 => 'backend.css.map',
  ),
)
[ info ] [ HEADER ] array (
  'host' => 'localhost:8888',
  'connection' => 'keep-alive',
  'cache-control' => 'no-cache',
  'user-agent' => 'Mozilla/5.0 (Macintosh; Intel Mac OS X 10_12_5) AppleWebKit/537.36 (KHTML, like Gecko) Chrome/61.0.3163.100 Safari/537.36',
  'accept-encoding' => 'gzip, deflate, br',
  'accept-language' => 'zh-CN,zh;q=0.8',
  'cookie' => 'PHPSESSID=cbf31d6cfe9f1b58c95394ace288dce0; Hm_lvt_f8d0a8c400404989e195270b0bbf060a=1504681295; Hm_lpvt_f8d0a8c400404989e195270b0bbf060a=1504681381; UM_distinctid=15e6efda9338be-0e1dada421f737-31607e01-232800-15e6efda9358bc; CNZZDATA681872=cnzz_eid%3D414513070-1505100671-%26ntime%3D1506938116; SQLiteManager_currentLangue=2',
)
[ info ] [ PARAM ] array (
)
[ info ] [ LOG ] INIT File
---------------------------------------------------------------
[ 2017-10-03T21:09:36+08:00 ] ::1 ::1 GET /fastadmin/public/assets/css/fastadmin.min.css.map
[ info ] localhost:8888/fastadmin/public/assets/css/fastadmin.min.css.map [运行时间：0.033527s][吞吐率：29.83req/s] [内存消耗：1,536.84kb] [文件加载：50]
[ info ] [ BEHAVIOR ] Run Closure @app_init [ RunTime:0.000046s ]
[ info ] [ CACHE ] INIT File
[ info ] [ BEHAVIOR ] Run Closure @app_init [ RunTime:0.001906s ]
[ info ] [ LANG ] /Applications/MAMP/htdocs/fastadmin/thinkphp/lang/zh-cn.php
[ info ] [ ROUTE ] array (
  'type' => 'module',
  'module' => 
  array (
    0 => 'assets',
    1 => 'css',
    2 => 'fastadmin.min.css.map',
  ),
)
[ info ] [ HEADER ] array (
  'host' => 'localhost:8888',
  'connection' => 'keep-alive',
  'cache-control' => 'no-cache',
  'user-agent' => 'Mozilla/5.0 (Macintosh; Intel Mac OS X 10_12_5) AppleWebKit/537.36 (KHTML, like Gecko) Chrome/61.0.3163.100 Safari/537.36',
  'accept-encoding' => 'gzip, deflate, br',
  'accept-language' => 'zh-CN,zh;q=0.8',
  'cookie' => 'PHPSESSID=cbf31d6cfe9f1b58c95394ace288dce0; Hm_lvt_f8d0a8c400404989e195270b0bbf060a=1504681295; Hm_lpvt_f8d0a8c400404989e195270b0bbf060a=1504681381; UM_distinctid=15e6efda9338be-0e1dada421f737-31607e01-232800-15e6efda9358bc; CNZZDATA681872=cnzz_eid%3D414513070-1505100671-%26ntime%3D1506938116; SQLiteManager_currentLangue=2',
)
[ info ] [ PARAM ] array (
)
[ info ] [ LOG ] INIT File
---------------------------------------------------------------
[ 2017-10-03T21:09:36+08:00 ] ::1 ::1 GET /fastadmin/public/assets/css/skins/skin-green.css.map
[ info ] localhost:8888/fastadmin/public/assets/css/skins/skin-green.css.map [运行时间：0.036657s][吞吐率：27.28req/s] [内存消耗：1,536.79kb] [文件加载：50]
[ info ] [ BEHAVIOR ] Run Closure @app_init [ RunTime:0.000322s ]
[ info ] [ CACHE ] INIT File
[ info ] [ BEHAVIOR ] Run Closure @app_init [ RunTime:0.001979s ]
[ info ] [ LANG ] /Applications/MAMP/htdocs/fastadmin/thinkphp/lang/zh-cn.php
[ info ] [ ROUTE ] array (
  'type' => 'module',
  'module' => 
  array (
    0 => 'assets',
    1 => 'css',
    2 => 'skins',
  ),
)
[ info ] [ HEADER ] array (
  'host' => 'localhost:8888',
  'connection' => 'keep-alive',
  'cache-control' => 'no-cache',
  'user-agent' => 'Mozilla/5.0 (Macintosh; Intel Mac OS X 10_12_5) AppleWebKit/537.36 (KHTML, like Gecko) Chrome/61.0.3163.100 Safari/537.36',
  'accept-encoding' => 'gzip, deflate, br',
  'accept-language' => 'zh-CN,zh;q=0.8',
  'cookie' => 'PHPSESSID=cbf31d6cfe9f1b58c95394ace288dce0; Hm_lvt_f8d0a8c400404989e195270b0bbf060a=1504681295; Hm_lpvt_f8d0a8c400404989e195270b0bbf060a=1504681381; UM_distinctid=15e6efda9338be-0e1dada421f737-31607e01-232800-15e6efda9358bc; CNZZDATA681872=cnzz_eid%3D414513070-1505100671-%26ntime%3D1506938116; SQLiteManager_currentLangue=2',
)
[ info ] [ PARAM ] array (
)
[ info ] [ LOG ] INIT File
---------------------------------------------------------------
[ 2017-10-03T21:09:36+08:00 ] ::1 ::1 GET /fastadmin/public/admin/ajax/lang?callback=define&controllername=category&v=1507036176
[ info ] localhost:8888/fastadmin/public/admin/ajax/lang?callback=define&controllername=category&v=1507036176 [运行时间：0.036877s][吞吐率：27.12req/s] [内存消耗：2,362.38kb] [文件加载：69]
[ info ] [ BEHAVIOR ] Run Closure @app_init [ RunTime:0.000031s ]
[ info ] [ CACHE ] INIT File
[ info ] [ BEHAVIOR ] Run Closure @app_init [ RunTime:0.001123s ]
[ info ] [ LANG ] /Applications/MAMP/htdocs/fastadmin/thinkphp/lang/zh-cn.php
[ info ] [ ROUTE ] array (
  'type' => 'module',
  'module' => 
  array (
    0 => 'admin',
    1 => 'ajax',
    2 => 'lang',
  ),
)
[ info ] [ HEADER ] array (
  'host' => 'localhost:8888',
  'connection' => 'keep-alive',
  'pragma' => 'no-cache',
  'cache-control' => 'no-cache',
  'user-agent' => 'Mozilla/5.0 (Macintosh; Intel Mac OS X 10_12_5) AppleWebKit/537.36 (KHTML, like Gecko) Chrome/61.0.3163.100 Safari/537.36',
  'accept' => '*/*',
  'referer' => 'http://localhost:8888/fastadmin/public/admin/category?addtabs=1',
  'accept-encoding' => 'gzip, deflate, br',
  'accept-language' => 'zh-CN,zh;q=0.8',
  'cookie' => 'PHPSESSID=cbf31d6cfe9f1b58c95394ace288dce0; Hm_lvt_f8d0a8c400404989e195270b0bbf060a=1504681295; Hm_lpvt_f8d0a8c400404989e195270b0bbf060a=1504681381; UM_distinctid=15e6efda9338be-0e1dada421f737-31607e01-232800-15e6efda9358bc; CNZZDATA681872=cnzz_eid%3D414513070-1505100671-%26ntime%3D1506938116; SQLiteManager_currentLangue=2',
)
[ info ] [ PARAM ] array (
  'callback' => 'define',
  'controllername' => 'category',
  'v' => '1507036176',
)
[ info ] [ LANG ] /Applications/MAMP/htdocs/fastadmin/public/../application/admin/lang/zh-cn.php
[ info ] [ BEHAVIOR ] Run app\common\behavior\Common @module_init [ RunTime:0.000195s ]
[ info ] [ SESSION ] INIT array (
  'id' => '',
  'var_session_id' => '',
  'prefix' => 'think',
  'type' => '',
  'auto_start' => true,
)
[ info ] [ RUN ] app\admin\controller\Ajax->lang[ /Applications/MAMP/htdocs/fastadmin/application/admin/controller/Ajax.php ]
[ info ] [ LANG ] /Applications/MAMP/htdocs/fastadmin/public/../application/admin/lang/zh-cn/category.php
[ info ] [ BEHAVIOR ] Run app\admin\behavior\AdminLog @app_end [ RunTime:0.000106s ]
[ info ] [ LOG ] INIT File
---------------------------------------------------------------
[ 2017-10-03T21:09:37+08:00 ] ::1 ::1 GET /fastadmin/public/admin/category/index?sort=weigh&order=desc&_=1507036176822
[ info ] localhost:8888/fastadmin/public/admin/category/index?sort=weigh&order=desc&_=1507036176822 [运行时间：0.060724s][吞吐率：16.47req/s] [内存消耗：3,237.94kb] [文件加载：78]
[ info ] [ BEHAVIOR ] Run Closure @app_init [ RunTime:0.000049s ]
[ info ] [ CACHE ] INIT File
[ info ] [ BEHAVIOR ] Run Closure @app_init [ RunTime:0.001920s ]
[ info ] [ LANG ] /Applications/MAMP/htdocs/fastadmin/thinkphp/lang/zh-cn.php
[ info ] [ ROUTE ] array (
  'type' => 'module',
  'module' => 
  array (
    0 => 'admin',
    1 => 'category',
    2 => 'index',
  ),
)
[ info ] [ HEADER ] array (
  'host' => 'localhost:8888',
  'connection' => 'keep-alive',
  'pragma' => 'no-cache',
  'cache-control' => 'no-cache',
  'accept' => 'application/json, text/javascript, */*; q=0.01',
  'x-requested-with' => 'XMLHttpRequest',
  'user-agent' => 'Mozilla/5.0 (Macintosh; Intel Mac OS X 10_12_5) AppleWebKit/537.36 (KHTML, like Gecko) Chrome/61.0.3163.100 Safari/537.36',
  'content-type' => 'application/json',
  'referer' => 'http://localhost:8888/fastadmin/public/admin/category?addtabs=1',
  'accept-encoding' => 'gzip, deflate, br',
  'accept-language' => 'zh-CN,zh;q=0.8',
  'cookie' => 'PHPSESSID=cbf31d6cfe9f1b58c95394ace288dce0; Hm_lvt_f8d0a8c400404989e195270b0bbf060a=1504681295; Hm_lpvt_f8d0a8c400404989e195270b0bbf060a=1504681381; UM_distinctid=15e6efda9338be-0e1dada421f737-31607e01-232800-15e6efda9358bc; CNZZDATA681872=cnzz_eid%3D414513070-1505100671-%26ntime%3D1506938116; SQLiteManager_currentLangue=2',
)
[ info ] [ PARAM ] array (
  'sort' => 'weigh',
  'order' => 'desc',
  '_' => '1507036176822',
)
[ info ] [ LANG ] /Applications/MAMP/htdocs/fastadmin/public/../application/admin/lang/zh-cn.php
[ info ] [ BEHAVIOR ] Run app\common\behavior\Common @module_init [ RunTime:0.000237s ]
[ info ] [ SESSION ] INIT array (
  'id' => '',
  'var_session_id' => '',
  'prefix' => 'think',
  'type' => '',
  'auto_start' => true,
)
[ info ] [ DB ] INIT mysql
[ info ] [ LANG ] /Applications/MAMP/htdocs/fastadmin/public/../application/admin/lang/zh-cn/category.php
[ info ] [ RUN ] app\admin\controller\Category->index[ /Applications/MAMP/htdocs/fastadmin/application/admin/controller/Category.php ]
[ info ] [ BEHAVIOR ] Run app\admin\behavior\AdminLog @app_end [ RunTime:0.000099s ]
[ info ] [ LOG ] INIT File
[ sql ] [ DB ] CONNECT:[ UseTime:0.000400s ] mysql:dbname=fastadmin;host=localhost;port=8889;charset=utf8
[ sql ] [ SQL ] SHOW COLUMNS FROM `fa_auth_group_access` [ RunTime:0.001659s ]
[ sql ] [ SQL ] SELECT `AuthGroupAccess`.`uid`,`AuthGroupAccess`.`group_id`,`AuthGroup`.`id`,`AuthGroup`.`pid`,`AuthGroup`.`name`,`AuthGroup`.`rules` FROM `fa_auth_group_access` `AuthGroupAccess` LEFT JOIN `fa_auth_group` `AuthGroup` ON `AuthGroupAccess`.`group_id`=`AuthGroup`.`id` WHERE  (  AuthGroupAccess.uid='1' and AuthGroup.status='normal' ) [ RunTime:0.000511s ]
[ sql ] [ SQL ] SHOW COLUMNS FROM `fa_auth_rule` [ RunTime:0.001543s ]
[ sql ] [ SQL ] SELECT `id`,`pid`,`condition`,`icon`,`name`,`title`,`ismenu` FROM `fa_auth_rule` WHERE  `status` = 'normal' [ RunTime:0.000664s ]
[ sql ] [ SQL ] SHOW COLUMNS FROM `fa_category` [ RunTime:0.001695s ]
[ sql ] [ SQL ] SELECT * FROM `fa_category` ORDER BY weigh desc,id desc [ RunTime:0.000544s ]
